This file contains any messages produced by compilers while
running configure, to aid debugging if configure makes a mistake.

It was created by libpskc configure 2.6.9, which was
generated by GNU Autoconf 2.71.  Invocation command line was

  $ ./configure --disable-option-checking --prefix=/home/rficht/.local --cache-file=/dev/null --srcdir=.

## --------- ##
## Platform. ##
## --------- ##

hostname = k2r2p8.42mulhouse.fr
uname -m = x86_64
uname -r = 6.6.52-1-t2-jammy
uname -s = Linux
uname -v = #1 SMP PREEMPT_DYNAMIC Thu Sep 19 01:59:31 UTC 2024

/usr/bin/uname -p = x86_64
/bin/uname -X     = unknown

/bin/arch              = x86_64
/usr/bin/arch -k       = unknown
/usr/convex/getsysinfo = unknown
/usr/bin/hostinfo      = unknown
/bin/machine           = unknown
/usr/bin/oslevel       = unknown
/bin/universe          = unknown

PATH: /home/rficht/bin/
PATH: /home/rficht/bin/
PATH: /usr/local/sbin/
PATH: /usr/local/bin/
PATH: /usr/sbin/
PATH: /usr/bin/
PATH: /sbin/
PATH: /bin/
PATH: /usr/games/
PATH: /usr/local/games/
PATH: /snap/bin/
PATH: /home/rficht/.dotnet/tools/


## ----------- ##
## Core tests. ##
## ----------- ##

configure:3601: looking for aux files: ltmain.sh ar-lib config.guess config.sub compile missing install-sh
configure:3614:  trying ./build-aux/
configure:3643:   ./build-aux/ltmain.sh found
configure:3643:   ./build-aux/ar-lib found
configure:3643:   ./build-aux/config.guess found
configure:3643:   ./build-aux/config.sub found
configure:3643:   ./build-aux/compile found
configure:3643:   ./build-aux/missing found
configure:3625:   ./build-aux/install-sh found
configure:3791: checking for a BSD-compatible install
configure:3864: result: /usr/bin/install -c
configure:3875: checking whether build environment is sane
configure:3930: result: yes
configure:4089: checking for a race-free mkdir -p
configure:4133: result: /usr/bin/mkdir -p
configure:4140: checking for gawk
configure:4175: result: no
configure:4140: checking for mawk
configure:4161: found /usr/bin/mawk
configure:4172: result: mawk
configure:4183: checking whether make sets $(MAKE)
configure:4206: result: yes
configure:4236: checking whether make supports nested variables
configure:4254: result: yes
configure:4453: checking for gcc
configure:4474: found /usr/bin/gcc
configure:4485: result: gcc
configure:4838: checking for C compiler version
configure:4847: gcc --version >&5
gcc (Ubuntu 10.5.0-1ubuntu1~22.04) 10.5.0
Copyright (C) 2020 Free Software Foundation, Inc.
This is free software; see the source for copying conditions.  There is NO
warranty; not even for MERCHANTABILITY or FITNESS FOR A PARTICULAR PURPOSE.

configure:4858: $? = 0
configure:4847: gcc -v >&5
Using built-in specs.
COLLECT_GCC=gcc
COLLECT_LTO_WRAPPER=/usr/lib/gcc/x86_64-linux-gnu/10/lto-wrapper
Target: x86_64-linux-gnu
Configured with: ../src/configure -v --with-pkgversion='Ubuntu 10.5.0-1ubuntu1~22.04' --with-bugurl=file:///usr/share/doc/gcc-10/README.Bugs --enable-languages=c,ada,c++,go,brig,d,fortran,objc,obj-c++,m2 --prefix=/usr --with-gcc-major-version-only --program-suffix=-10 --program-prefix=x86_64-linux-gnu- --enable-shared --enable-linker-build-id --libexecdir=/usr/lib --without-included-gettext --enable-threads=posix --libdir=/usr/lib --enable-nls --enable-bootstrap --enable-clocale=gnu --enable-libstdcxx-debug --enable-libstdcxx-time=yes --with-default-libstdcxx-abi=new --enable-gnu-unique-object --disable-vtable-verify --enable-plugin --enable-default-pie --with-system-zlib --enable-libphobos-checking=release --with-target-system-zlib=auto --enable-objc-gc=auto --enable-multiarch --disable-werror --with-arch-32=i686 --with-abi=m64 --with-multilib-list=m32,m64,mx32 --enable-multilib --with-tune=generic --enable-offload-targets=hsa --without-cuda-driver --enable-checking=release --build=x86_64-linux-gnu --host=x86_64-linux-gnu --target=x86_64-linux-gnu --with-build-config=bootstrap-lto-lean --enable-link-mutex
Thread model: posix
Supported LTO compression algorithms: zlib zstd
gcc version 10.5.0 (Ubuntu 10.5.0-1ubuntu1~22.04) 
configure:4858: $? = 0
configure:4847: gcc -V >&5
gcc: error: unrecognized command-line option '-V'
gcc: fatal error: no input files
compilation terminated.
configure:4858: $? = 1
configure:4847: gcc -qversion >&5
gcc: error: unrecognized command-line option '-qversion'; did you mean '--version'?
gcc: fatal error: no input files
compilation terminated.
configure:4858: $? = 1
configure:4847: gcc -version >&5
gcc: error: unrecognized command-line option '-version'
gcc: fatal error: no input files
compilation terminated.
configure:4858: $? = 1
configure:4878: checking whether the C compiler works
configure:4900: gcc    conftest.c  >&5
configure:4904: $? = 0
configure:4954: result: yes
configure:4957: checking for C compiler default output file name
configure:4959: result: a.out
configure:4965: checking for suffix of executables
configure:4972: gcc -o conftest    conftest.c  >&5
configure:4976: $? = 0
configure:4999: result: 
configure:5021: checking whether we are cross compiling
configure:5029: gcc -o conftest    conftest.c  >&5
configure:5033: $? = 0
configure:5040: ./conftest
configure:5044: $? = 0
configure:5059: result: no
configure:5064: checking for suffix of object files
configure:5087: gcc -c   conftest.c >&5
configure:5091: $? = 0
configure:5113: result: o
configure:5117: checking whether the compiler supports GNU C
configure:5137: gcc -c   conftest.c >&5
configure:5137: $? = 0
configure:5147: result: yes
configure:5158: checking whether gcc accepts -g
configure:5179: gcc -c -g  conftest.c >&5
configure:5179: $? = 0
configure:5223: result: yes
configure:5243: checking for gcc option to enable C11 features
configure:5258: gcc  -c -g -O2  conftest.c >&5
configure:5258: $? = 0
configure:5276: result: none needed
configure:5392: checking whether gcc understands -c and -o together
configure:5415: gcc -c conftest.c -o conftest2.o
configure:5418: $? = 0
configure:5415: gcc -c conftest.c -o conftest2.o
configure:5418: $? = 0
configure:5430: result: yes
configure:5448: checking whether the compiler is clang
configure:5470: gcc -c -g -O2  conftest.c >&5
configure:5470: $? = 0
configure:5479: result: no
configure:5483: checking for compiler option needed when checking for declarations
configure:5516: result: none
configure:5528: checking whether make supports the include directive
configure:5543: make -f confmf.GNU && cat confinc.out
this is the am__doit target
configure:5546: $? = 0
configure:5565: result: yes (GNU style)
configure:5591: checking dependency style of gcc
configure:5703: result: gcc3
configure:5723: checking for stdio.h
configure:5723: gcc -c -g -O2  conftest.c >&5
configure:5723: $? = 0
configure:5723: result: yes
configure:5723: checking for stdlib.h
configure:5723: gcc -c -g -O2  conftest.c >&5
configure:5723: $? = 0
configure:5723: result: yes
configure:5723: checking for string.h
configure:5723: gcc -c -g -O2  conftest.c >&5
configure:5723: $? = 0
configure:5723: result: yes
configure:5723: checking for inttypes.h
configure:5723: gcc -c -g -O2  conftest.c >&5
configure:5723: $? = 0
configure:5723: result: yes
configure:5723: checking for stdint.h
configure:5723: gcc -c -g -O2  conftest.c >&5
configure:5723: $? = 0
configure:5723: result: yes
configure:5723: checking for strings.h
configure:5723: gcc -c -g -O2  conftest.c >&5
configure:5723: $? = 0
configure:5723: result: yes
configure:5723: checking for sys/stat.h
configure:5723: gcc -c -g -O2  conftest.c >&5
configure:5723: $? = 0
configure:5723: result: yes
configure:5723: checking for sys/types.h
configure:5723: gcc -c -g -O2  conftest.c >&5
configure:5723: $? = 0
configure:5723: result: yes
configure:5723: checking for unistd.h
configure:5723: gcc -c -g -O2  conftest.c >&5
configure:5723: $? = 0
configure:5723: result: yes
configure:5723: checking for wchar.h
configure:5723: gcc -c -g -O2  conftest.c >&5
configure:5723: $? = 0
configure:5723: result: yes
configure:5723: checking for minix/config.h
configure:5723: gcc -c -g -O2  conftest.c >&5
conftest.c:49:10: fatal error: minix/config.h: No such file or directory
   49 | #include <minix/config.h>
      |          ^~~~~~~~~~~~~~~~
compilation terminated.
configure:5723: $? = 1
configure: failed program was:
| /* confdefs.h */
| #define PACKAGE_NAME "libpskc"
| #define PACKAGE_TARNAME "libpskc"
| #define PACKAGE_VERSION "2.6.9"
| #define PACKAGE_STRING "libpskc 2.6.9"
| #define PACKAGE_BUGREPORT "oath-toolkit-help@nongnu.org"
| #define PACKAGE_URL "https://www.nongnu.org/oath-toolkit/"
| #define PACKAGE "libpskc"
| #define VERSION "2.6.9"
| #define HAVE_STDIO_H 1
| #define HAVE_STDLIB_H 1
| #define HAVE_STRING_H 1
| #define HAVE_INTTYPES_H 1
| #define HAVE_STDINT_H 1
| #define HAVE_STRINGS_H 1
| #define HAVE_SYS_STAT_H 1
| #define HAVE_SYS_TYPES_H 1
| #define HAVE_UNISTD_H 1
| #define HAVE_WCHAR_H 1
| /* end confdefs.h.  */
| #include <stddef.h>
| #ifdef HAVE_STDIO_H
| # include <stdio.h>
| #endif
| #ifdef HAVE_STDLIB_H
| # include <stdlib.h>
| #endif
| #ifdef HAVE_STRING_H
| # include <string.h>
| #endif
| #ifdef HAVE_INTTYPES_H
| # include <inttypes.h>
| #endif
| #ifdef HAVE_STDINT_H
| # include <stdint.h>
| #endif
| #ifdef HAVE_STRINGS_H
| # include <strings.h>
| #endif
| #ifdef HAVE_SYS_TYPES_H
| # include <sys/types.h>
| #endif
| #ifdef HAVE_SYS_STAT_H
| # include <sys/stat.h>
| #endif
| #ifdef HAVE_UNISTD_H
| # include <unistd.h>
| #endif
| #include <minix/config.h>
configure:5723: result: no
configure:5723: checking for limits.h
configure:5723: gcc -c -g -O2  conftest.c >&5
configure:5723: $? = 0
configure:5723: result: yes
configure:5723: checking for sys/mman.h
configure:5723: gcc -c -g -O2  conftest.c >&5
configure:5723: $? = 0
configure:5723: result: yes
configure:5723: checking for stdbool.h
configure:5723: gcc -c -g -O2  conftest.c >&5
configure:5723: $? = 0
configure:5723: result: yes
configure:5723: checking for stdckdint.h
configure:5723: gcc -c -g -O2  conftest.c >&5
conftest.c:52:10: fatal error: stdckdint.h: No such file or directory
   52 | #include <stdckdint.h>
      |          ^~~~~~~~~~~~~
compilation terminated.
configure:5723: $? = 1
configure: failed program was:
| /* confdefs.h */
| #define PACKAGE_NAME "libpskc"
| #define PACKAGE_TARNAME "libpskc"
| #define PACKAGE_VERSION "2.6.9"
| #define PACKAGE_STRING "libpskc 2.6.9"
| #define PACKAGE_BUGREPORT "oath-toolkit-help@nongnu.org"
| #define PACKAGE_URL "https://www.nongnu.org/oath-toolkit/"
| #define PACKAGE "libpskc"
| #define VERSION "2.6.9"
| #define HAVE_STDIO_H 1
| #define HAVE_STDLIB_H 1
| #define HAVE_STRING_H 1
| #define HAVE_INTTYPES_H 1
| #define HAVE_STDINT_H 1
| #define HAVE_STRINGS_H 1
| #define HAVE_SYS_STAT_H 1
| #define HAVE_SYS_TYPES_H 1
| #define HAVE_UNISTD_H 1
| #define HAVE_WCHAR_H 1
| #define HAVE_LIMITS_H 1
| #define HAVE_SYS_MMAN_H 1
| #define HAVE_STDBOOL_H 1
| /* end confdefs.h.  */
| #include <stddef.h>
| #ifdef HAVE_STDIO_H
| # include <stdio.h>
| #endif
| #ifdef HAVE_STDLIB_H
| # include <stdlib.h>
| #endif
| #ifdef HAVE_STRING_H
| # include <string.h>
| #endif
| #ifdef HAVE_INTTYPES_H
| # include <inttypes.h>
| #endif
| #ifdef HAVE_STDINT_H
| # include <stdint.h>
| #endif
| #ifdef HAVE_STRINGS_H
| # include <strings.h>
| #endif
| #ifdef HAVE_SYS_TYPES_H
| # include <sys/types.h>
| #endif
| #ifdef HAVE_SYS_STAT_H
| # include <sys/stat.h>
| #endif
| #ifdef HAVE_UNISTD_H
| # include <unistd.h>
| #endif
| #include <stdckdint.h>
configure:5723: result: no
configure:5723: checking for sys/time.h
configure:5723: gcc -c -g -O2  conftest.c >&5
configure:5723: $? = 0
configure:5723: result: yes
configure:5723: checking for sys/socket.h
configure:5723: gcc -c -g -O2  conftest.c >&5
configure:5723: $? = 0
configure:5723: result: yes
configure:5723: checking for features.h
configure:5723: gcc -c -g -O2  conftest.c >&5
configure:5723: $? = 0
configure:5723: result: yes
configure:5723: checking for crtdefs.h
configure:5723: gcc -c -g -O2  conftest.c >&5
conftest.c:55:10: fatal error: crtdefs.h: No such file or directory
   55 | #include <crtdefs.h>
      |          ^~~~~~~~~~~
compilation terminated.
configure:5723: $? = 1
configure: failed program was:
| /* confdefs.h */
| #define PACKAGE_NAME "libpskc"
| #define PACKAGE_TARNAME "libpskc"
| #define PACKAGE_VERSION "2.6.9"
| #define PACKAGE_STRING "libpskc 2.6.9"
| #define PACKAGE_BUGREPORT "oath-toolkit-help@nongnu.org"
| #define PACKAGE_URL "https://www.nongnu.org/oath-toolkit/"
| #define PACKAGE "libpskc"
| #define VERSION "2.6.9"
| #define HAVE_STDIO_H 1
| #define HAVE_STDLIB_H 1
| #define HAVE_STRING_H 1
| #define HAVE_INTTYPES_H 1
| #define HAVE_STDINT_H 1
| #define HAVE_STRINGS_H 1
| #define HAVE_SYS_STAT_H 1
| #define HAVE_SYS_TYPES_H 1
| #define HAVE_UNISTD_H 1
| #define HAVE_WCHAR_H 1
| #define HAVE_LIMITS_H 1
| #define HAVE_SYS_MMAN_H 1
| #define HAVE_STDBOOL_H 1
| #define HAVE_SYS_TIME_H 1
| #define HAVE_SYS_SOCKET_H 1
| #define HAVE_FEATURES_H 1
| /* end confdefs.h.  */
| #include <stddef.h>
| #ifdef HAVE_STDIO_H
| # include <stdio.h>
| #endif
| #ifdef HAVE_STDLIB_H
| # include <stdlib.h>
| #endif
| #ifdef HAVE_STRING_H
| # include <string.h>
| #endif
| #ifdef HAVE_INTTYPES_H
| # include <inttypes.h>
| #endif
| #ifdef HAVE_STDINT_H
| # include <stdint.h>
| #endif
| #ifdef HAVE_STRINGS_H
| # include <strings.h>
| #endif
| #ifdef HAVE_SYS_TYPES_H
| # include <sys/types.h>
| #endif
| #ifdef HAVE_SYS_STAT_H
| # include <sys/stat.h>
| #endif
| #ifdef HAVE_UNISTD_H
| # include <unistd.h>
| #endif
| #include <crtdefs.h>
configure:5723: result: no
configure:5754: checking whether it is safe to define __EXTENSIONS__
configure:5773: gcc -c -g -O2  conftest.c >&5
configure:5773: $? = 0
configure:5781: result: yes
configure:5784: checking whether _XOPEN_SOURCE should be defined
configure:5806: gcc -c -g -O2  conftest.c >&5
configure:5806: $? = 0
configure:5833: result: no
configure:5897: checking build system type
configure:5912: result: x86_64-pc-linux-gnu
configure:5932: checking host system type
configure:5946: result: x86_64-pc-linux-gnu
configure:5983: checking how to run the C preprocessor
configure:6009: gcc -E  conftest.c
configure:6009: $? = 0
configure:6024: gcc -E  conftest.c
conftest.c:45:10: fatal error: ac_nonexistent.h: No such file or directory
   45 | #include <ac_nonexistent.h>
      |          ^~~~~~~~~~~~~~~~~~
compilation terminated.
configure:6024: $? = 1
configure: failed program was:
| /* confdefs.h */
| #define PACKAGE_NAME "libpskc"
| #define PACKAGE_TARNAME "libpskc"
| #define PACKAGE_VERSION "2.6.9"
| #define PACKAGE_STRING "libpskc 2.6.9"
| #define PACKAGE_BUGREPORT "oath-toolkit-help@nongnu.org"
| #define PACKAGE_URL "https://www.nongnu.org/oath-toolkit/"
| #define PACKAGE "libpskc"
| #define VERSION "2.6.9"
| #define HAVE_STDIO_H 1
| #define HAVE_STDLIB_H 1
| #define HAVE_STRING_H 1
| #define HAVE_INTTYPES_H 1
| #define HAVE_STDINT_H 1
| #define HAVE_STRINGS_H 1
| #define HAVE_SYS_STAT_H 1
| #define HAVE_SYS_TYPES_H 1
| #define HAVE_UNISTD_H 1
| #define HAVE_WCHAR_H 1
| #define HAVE_LIMITS_H 1
| #define HAVE_SYS_MMAN_H 1
| #define HAVE_STDBOOL_H 1
| #define HAVE_SYS_TIME_H 1
| #define HAVE_SYS_SOCKET_H 1
| #define HAVE_FEATURES_H 1
| #define STDC_HEADERS 1
| #define _ALL_SOURCE 1
| #define _DARWIN_C_SOURCE 1
| #define _GNU_SOURCE 1
| #define _HPUX_ALT_XOPEN_SOCKET_API 1
| #define _NETBSD_SOURCE 1
| #define _OPENBSD_SOURCE 1
| #define _POSIX_PTHREAD_SEMANTICS 1
| #define __STDC_WANT_IEC_60559_ATTRIBS_EXT__ 1
| #define __STDC_WANT_IEC_60559_BFP_EXT__ 1
| #define __STDC_WANT_IEC_60559_DFP_EXT__ 1
| #define __STDC_WANT_IEC_60559_EXT__ 1
| #define __STDC_WANT_IEC_60559_FUNCS_EXT__ 1
| #define __STDC_WANT_IEC_60559_TYPES_EXT__ 1
| #define __STDC_WANT_LIB_EXT2__ 1
| #define __STDC_WANT_MATH_SPEC_FUNCS__ 1
| #define _TANDEM_SOURCE 1
| #define __EXTENSIONS__ 1
| /* end confdefs.h.  */
| #include <ac_nonexistent.h>
configure:6051: result: gcc -E
configure:6065: gcc -E  conftest.c
configure:6065: $? = 0
configure:6080: gcc -E  conftest.c
conftest.c:45:10: fatal error: ac_nonexistent.h: No such file or directory
   45 | #include <ac_nonexistent.h>
      |          ^~~~~~~~~~~~~~~~~~
compilation terminated.
configure:6080: $? = 1
configure: failed program was:
| /* confdefs.h */
| #define PACKAGE_NAME "libpskc"
| #define PACKAGE_TARNAME "libpskc"
| #define PACKAGE_VERSION "2.6.9"
| #define PACKAGE_STRING "libpskc 2.6.9"
| #define PACKAGE_BUGREPORT "oath-toolkit-help@nongnu.org"
| #define PACKAGE_URL "https://www.nongnu.org/oath-toolkit/"
| #define PACKAGE "libpskc"
| #define VERSION "2.6.9"
| #define HAVE_STDIO_H 1
| #define HAVE_STDLIB_H 1
| #define HAVE_STRING_H 1
| #define HAVE_INTTYPES_H 1
| #define HAVE_STDINT_H 1
| #define HAVE_STRINGS_H 1
| #define HAVE_SYS_STAT_H 1
| #define HAVE_SYS_TYPES_H 1
| #define HAVE_UNISTD_H 1
| #define HAVE_WCHAR_H 1
| #define HAVE_LIMITS_H 1
| #define HAVE_SYS_MMAN_H 1
| #define HAVE_STDBOOL_H 1
| #define HAVE_SYS_TIME_H 1
| #define HAVE_SYS_SOCKET_H 1
| #define HAVE_FEATURES_H 1
| #define STDC_HEADERS 1
| #define _ALL_SOURCE 1
| #define _DARWIN_C_SOURCE 1
| #define _GNU_SOURCE 1
| #define _HPUX_ALT_XOPEN_SOCKET_API 1
| #define _NETBSD_SOURCE 1
| #define _OPENBSD_SOURCE 1
| #define _POSIX_PTHREAD_SEMANTICS 1
| #define __STDC_WANT_IEC_60559_ATTRIBS_EXT__ 1
| #define __STDC_WANT_IEC_60559_BFP_EXT__ 1
| #define __STDC_WANT_IEC_60559_DFP_EXT__ 1
| #define __STDC_WANT_IEC_60559_EXT__ 1
| #define __STDC_WANT_IEC_60559_FUNCS_EXT__ 1
| #define __STDC_WANT_IEC_60559_TYPES_EXT__ 1
| #define __STDC_WANT_LIB_EXT2__ 1
| #define __STDC_WANT_MATH_SPEC_FUNCS__ 1
| #define _TANDEM_SOURCE 1
| #define __EXTENSIONS__ 1
| /* end confdefs.h.  */
| #include <ac_nonexistent.h>
configure:6111: checking for grep that handles long lines and -e
configure:6175: result: /usr/bin/grep
configure:6180: checking for egrep
configure:6248: result: /usr/bin/grep -E
configure:6256: checking for Minix Amsterdam compiler
configure:6282: result: no
configure:6348: checking for ar
configure:6369: found /usr/bin/ar
configure:6380: result: ar
configure:6406: checking the archiver (ar) interface
configure:6423: gcc -c -g -O2  conftest.c >&5
configure:6423: $? = 0
configure:6426: ar cru libconftest.a conftest.o >&5
ar: `u' modifier ignored since `D' is the default (see `U')
configure:6429: $? = 0
configure:6457: result: ar
configure:6527: checking for ar
configure:6559: result: ar
configure:6639: checking for ranlib
configure:6660: found /usr/bin/ranlib
configure:6671: result: ranlib
configure:6870: checking the archiver (ar) interface
configure:6921: result: ar
configure:6988: checking how to print strings
configure:7015: result: printf
configure:7036: checking for a sed that does not truncate output
configure:7106: result: /usr/bin/sed
configure:7124: checking for fgrep
configure:7192: result: /usr/bin/grep -F
configure:7228: checking for ld used by gcc
configure:7296: result: /usr/bin/ld
configure:7303: checking if the linker (/usr/bin/ld) is GNU ld
configure:7319: result: yes
configure:7331: checking for BSD- or MS-compatible name lister (nm)
configure:7386: result: /usr/bin/nm -B
configure:7526: checking the name lister (/usr/bin/nm -B) interface
configure:7534: gcc -c -g -O2  conftest.c >&5
configure:7537: /usr/bin/nm -B "conftest.o"
configure:7540: output
0000000000000000 B some_variable
configure:7547: result: BSD nm
configure:7550: checking whether ln -s works
configure:7554: result: yes
configure:7562: checking the maximum length of command line arguments
configure:7694: result: 1572864
configure:7742: checking how to convert x86_64-pc-linux-gnu file names to x86_64-pc-linux-gnu format
configure:7783: result: func_convert_file_noop
configure:7790: checking how to convert x86_64-pc-linux-gnu file names to toolchain format
configure:7811: result: func_convert_file_noop
configure:7818: checking for /usr/bin/ld option to reload object files
configure:7826: result: -r
configure:7905: checking for file
configure:7926: found /usr/bin/file
configure:7937: result: file
configure:8013: checking for objdump
configure:8034: found /usr/bin/objdump
configure:8045: result: objdump
configure:8074: checking how to recognize dependent libraries
configure:8275: result: pass_all
configure:8365: checking for dlltool
configure:8400: result: no
configure:8427: checking how to associate runtime and link libraries
configure:8455: result: printf %s\n
configure:8605: checking for archiver @FILE support
configure:8623: gcc -c -g -O2  conftest.c >&5
configure:8623: $? = 0
configure:8627: ar cr libconftest.a @conftest.lst >&5
configure:8630: $? = 0
configure:8635: ar cr libconftest.a @conftest.lst >&5
ar: conftest.o: No such file or directory
configure:8638: $? = 1
configure:8650: result: @
configure:8713: checking for strip
configure:8734: found /usr/bin/strip
configure:8745: result: strip
configure:8822: checking for ranlib
configure:8854: result: ranlib
configure:8956: checking command to parse /usr/bin/nm -B output from gcc object
configure:9110: gcc -c -g -O2  conftest.c >&5
configure:9113: $? = 0
configure:9117: /usr/bin/nm -B conftest.o \| /usr/bin/sed -n -e 's/^.*[ ]\([ABCDGIRSTW][ABCDGIRSTW]*\)[ ][ ]*\([_A-Za-z][_A-Za-z0-9]*\)$/\1 \2 \2/p' | /usr/bin/sed '/ __gnu_lto/d' \> conftest.nm
configure:9120: $? = 0
configure:9186: gcc -o conftest -g -O2   conftest.c conftstm.o >&5
configure:9189: $? = 0
configure:9227: result: ok
configure:9274: checking for sysroot
configure:9305: result: no
configure:9312: checking for a working dd
configure:9356: result: /usr/bin/dd
configure:9360: checking how to truncate binary pipes
configure:9376: result: /usr/bin/dd bs=4096 count=1
configure:9513: gcc -c -g -O2  conftest.c >&5
configure:9516: $? = 0
configure:9713: checking for mt
configure:9734: found /usr/bin/mt
configure:9745: result: mt
configure:9768: checking if mt is a manifest tool
configure:9775: mt '-?'
configure:9783: result: no
configure:10504: checking for dlfcn.h
configure:10504: gcc -c -g -O2  conftest.c >&5
configure:10504: $? = 0
configure:10504: result: yes
configure:11091: checking for objdir
configure:11107: result: .libs
configure:11371: checking if gcc supports -fno-rtti -fno-exceptions
configure:11390: gcc -c -g -O2  -fno-rtti -fno-exceptions conftest.c >&5
cc1: warning: command-line option '-fno-rtti' is valid for C++/D/ObjC++ but not for C
configure:11394: $? = 0
configure:11407: result: no
configure:11765: checking for gcc option to produce PIC
configure:11773: result: -fPIC -DPIC
configure:11781: checking if gcc PIC flag -fPIC -DPIC works
configure:11800: gcc -c -g -O2  -fPIC -DPIC -DPIC conftest.c >&5
configure:11804: $? = 0
configure:11817: result: yes
configure:11846: checking if gcc static flag -static works
configure:11875: result: yes
configure:11890: checking if gcc supports -c -o file.o
configure:11912: gcc -c -g -O2  -o out/conftest2.o conftest.c >&5
configure:11916: $? = 0
configure:11938: result: yes
configure:11946: checking if gcc supports -c -o file.o
configure:11994: result: yes
configure:12027: checking whether the gcc linker (/usr/bin/ld -m elf_x86_64) supports shared libraries
configure:13295: result: yes
configure:13332: checking whether -lc should be explicitly linked in
configure:13341: gcc -c -g -O2  conftest.c >&5
configure:13344: $? = 0
configure:13359: gcc -shared  -fPIC -DPIC conftest.o  -v -Wl,-soname -Wl,conftest -o conftest 2\>\&1 \| /usr/bin/grep  -lc  \>/dev/null 2\>\&1
configure:13362: $? = 0
configure:13376: result: no
configure:13536: checking dynamic linker characteristics
configure:14118: gcc -o conftest -g -O2   -Wl,-rpath -Wl,/foo conftest.c  >&5
configure:14118: $? = 0
configure:14357: result: GNU/Linux ld.so
configure:14479: checking how to hardcode library paths into programs
configure:14504: result: immediate
configure:15056: checking whether stripping libraries is possible
configure:15065: result: yes
configure:15107: checking if libtool supports shared libraries
configure:15109: result: yes
configure:15112: checking whether to build shared libraries
configure:15137: result: yes
configure:15140: checking whether to build static libraries
configure:15144: result: yes
configure:15215: checking for C/C++ restrict keyword
configure:15245: gcc -c -g -O2  conftest.c >&5
configure:15245: $? = 0
configure:15254: result: __restrict__
configure:15354: checking whether malloc is ptrdiff_t safe
configure:15391: gcc -c -g -O2  conftest.c >&5
configure:15391: $? = 0
configure:15400: result: yes
configure:15410: checking whether malloc, realloc, calloc set errno on failure
configure:15428: result: yes
configure:15653: checking whether ctype.h defines __header_inline
configure:15667: gcc -E  conftest.c
conftest.c:51:28: error: #error "<ctype.h> does not define __header_inline"
   51 |                           #error "<ctype.h> does not define __header_inline"
      |                            ^~~~~
configure:15667: $? = 1
configure: failed program was:
| /* confdefs.h */
| #define PACKAGE_NAME "libpskc"
| #define PACKAGE_TARNAME "libpskc"
| #define PACKAGE_VERSION "2.6.9"
| #define PACKAGE_STRING "libpskc 2.6.9"
| #define PACKAGE_BUGREPORT "oath-toolkit-help@nongnu.org"
| #define PACKAGE_URL "https://www.nongnu.org/oath-toolkit/"
| #define PACKAGE "libpskc"
| #define VERSION "2.6.9"
| #define HAVE_STDIO_H 1
| #define HAVE_STDLIB_H 1
| #define HAVE_STRING_H 1
| #define HAVE_INTTYPES_H 1
| #define HAVE_STDINT_H 1
| #define HAVE_STRINGS_H 1
| #define HAVE_SYS_STAT_H 1
| #define HAVE_SYS_TYPES_H 1
| #define HAVE_UNISTD_H 1
| #define HAVE_WCHAR_H 1
| #define HAVE_LIMITS_H 1
| #define HAVE_SYS_MMAN_H 1
| #define HAVE_STDBOOL_H 1
| #define HAVE_SYS_TIME_H 1
| #define HAVE_SYS_SOCKET_H 1
| #define HAVE_FEATURES_H 1
| #define STDC_HEADERS 1
| #define _ALL_SOURCE 1
| #define _DARWIN_C_SOURCE 1
| #define _GNU_SOURCE 1
| #define _HPUX_ALT_XOPEN_SOCKET_API 1
| #define _NETBSD_SOURCE 1
| #define _OPENBSD_SOURCE 1
| #define _POSIX_PTHREAD_SEMANTICS 1
| #define __STDC_WANT_IEC_60559_ATTRIBS_EXT__ 1
| #define __STDC_WANT_IEC_60559_BFP_EXT__ 1
| #define __STDC_WANT_IEC_60559_DFP_EXT__ 1
| #define __STDC_WANT_IEC_60559_EXT__ 1
| #define __STDC_WANT_IEC_60559_FUNCS_EXT__ 1
| #define __STDC_WANT_IEC_60559_TYPES_EXT__ 1
| #define __STDC_WANT_LIB_EXT2__ 1
| #define __STDC_WANT_MATH_SPEC_FUNCS__ 1
| #define _TANDEM_SOURCE 1
| #define __EXTENSIONS__ 1
| #define HAVE_DLFCN_H 1
| #define LT_OBJDIR ".libs/"
| #define restrict __restrict__
| #define HAVE_MALLOC_POSIX 1
| /* end confdefs.h.  */
| #include <ctype.h>
|                          #ifndef __header_inline
|                           #error "<ctype.h> does not define __header_inline"
|                          #endif
| 
configure:15675: result: no
configure:15685: checking for off_t
configure:15685: gcc -c -g -O2  conftest.c >&5
configure:15685: $? = 0
configure:15685: gcc -c -g -O2  conftest.c >&5
conftest.c: In function 'main':
conftest.c:80:20: error: expected expression before ')' token
   80 | if (sizeof ((off_t)))
      |                    ^
configure:15685: $? = 1
configure: failed program was:
| /* confdefs.h */
| #define PACKAGE_NAME "libpskc"
| #define PACKAGE_TARNAME "libpskc"
| #define PACKAGE_VERSION "2.6.9"
| #define PACKAGE_STRING "libpskc 2.6.9"
| #define PACKAGE_BUGREPORT "oath-toolkit-help@nongnu.org"
| #define PACKAGE_URL "https://www.nongnu.org/oath-toolkit/"
| #define PACKAGE "libpskc"
| #define VERSION "2.6.9"
| #define HAVE_STDIO_H 1
| #define HAVE_STDLIB_H 1
| #define HAVE_STRING_H 1
| #define HAVE_INTTYPES_H 1
| #define HAVE_STDINT_H 1
| #define HAVE_STRINGS_H 1
| #define HAVE_SYS_STAT_H 1
| #define HAVE_SYS_TYPES_H 1
| #define HAVE_UNISTD_H 1
| #define HAVE_WCHAR_H 1
| #define HAVE_LIMITS_H 1
| #define HAVE_SYS_MMAN_H 1
| #define HAVE_STDBOOL_H 1
| #define HAVE_SYS_TIME_H 1
| #define HAVE_SYS_SOCKET_H 1
| #define HAVE_FEATURES_H 1
| #define STDC_HEADERS 1
| #define _ALL_SOURCE 1
| #define _DARWIN_C_SOURCE 1
| #define _GNU_SOURCE 1
| #define _HPUX_ALT_XOPEN_SOCKET_API 1
| #define _NETBSD_SOURCE 1
| #define _OPENBSD_SOURCE 1
| #define _POSIX_PTHREAD_SEMANTICS 1
| #define __STDC_WANT_IEC_60559_ATTRIBS_EXT__ 1
| #define __STDC_WANT_IEC_60559_BFP_EXT__ 1
| #define __STDC_WANT_IEC_60559_DFP_EXT__ 1
| #define __STDC_WANT_IEC_60559_EXT__ 1
| #define __STDC_WANT_IEC_60559_FUNCS_EXT__ 1
| #define __STDC_WANT_IEC_60559_TYPES_EXT__ 1
| #define __STDC_WANT_LIB_EXT2__ 1
| #define __STDC_WANT_MATH_SPEC_FUNCS__ 1
| #define _TANDEM_SOURCE 1
| #define __EXTENSIONS__ 1
| #define HAVE_DLFCN_H 1
| #define LT_OBJDIR ".libs/"
| #define restrict __restrict__
| #define HAVE_MALLOC_POSIX 1
| /* end confdefs.h.  */
| #include <stddef.h>
| #ifdef HAVE_STDIO_H
| # include <stdio.h>
| #endif
| #ifdef HAVE_STDLIB_H
| # include <stdlib.h>
| #endif
| #ifdef HAVE_STRING_H
| # include <string.h>
| #endif
| #ifdef HAVE_INTTYPES_H
| # include <inttypes.h>
| #endif
| #ifdef HAVE_STDINT_H
| # include <stdint.h>
| #endif
| #ifdef HAVE_STRINGS_H
| # include <strings.h>
| #endif
| #ifdef HAVE_SYS_TYPES_H
| # include <sys/types.h>
| #endif
| #ifdef HAVE_SYS_STAT_H
| # include <sys/stat.h>
| #endif
| #ifdef HAVE_UNISTD_H
| # include <unistd.h>
| #endif
| int
| main (void)
| {
| if (sizeof ((off_t)))
| 	    return 0;
|   ;
|   return 0;
| }
configure:15685: result: yes
configure:15697: checking whether the preprocessor supports include_next
configure:15736: gcc -c -g -O2  -Iconftestd1b -Iconftestd2 conftest.c >&5
configure:15736: $? = 0
configure:15759: result: yes
configure:15781: checking whether source code line length is unlimited
configure:15806: result: yes
configure:15897: checking whether limits.h has WORD_BIT, BOOL_WIDTH etc.
configure:15924: gcc -c -g -O2  conftest.c >&5
configure:15924: $? = 0
configure:15932: result: yes
configure:15937: checking whether limits.h has SSIZE_MAX
configure:15951: gcc -c -g -O2  conftest.c >&5
configure:15951: $? = 0
configure:15959: result: yes
configure:15967: checking for wint_t
configure:15985: gcc -c -g -O2  conftest.c >&5
configure:15985: $? = 0
configure:15993: result: yes
configure:16000: checking whether wint_t is large enough
configure:16019: gcc -c -g -O2  conftest.c >&5
configure:16019: $? = 0
configure:16027: result: yes
configure:16040: checking whether the compiler produces multi-arch binaries
configure:16055: gcc -c -g -O2  conftest.c >&5
conftest.c:51:13: error: unknown type name 'not'
   51 |             not a universal capable compiler
      |             ^~~
conftest.c:51:19: error: expected '=', ',', ';', 'asm' or '__attribute__' before 'universal'
   51 |             not a universal capable compiler
      |                   ^~~~~~~~~
conftest.c:51:19: error: unknown type name 'universal'
configure:16055: $? = 1
configure: failed program was:
| /* confdefs.h */
| #define PACKAGE_NAME "libpskc"
| #define PACKAGE_TARNAME "libpskc"
| #define PACKAGE_VERSION "2.6.9"
| #define PACKAGE_STRING "libpskc 2.6.9"
| #define PACKAGE_BUGREPORT "oath-toolkit-help@nongnu.org"
| #define PACKAGE_URL "https://www.nongnu.org/oath-toolkit/"
| #define PACKAGE "libpskc"
| #define VERSION "2.6.9"
| #define HAVE_STDIO_H 1
| #define HAVE_STDLIB_H 1
| #define HAVE_STRING_H 1
| #define HAVE_INTTYPES_H 1
| #define HAVE_STDINT_H 1
| #define HAVE_STRINGS_H 1
| #define HAVE_SYS_STAT_H 1
| #define HAVE_SYS_TYPES_H 1
| #define HAVE_UNISTD_H 1
| #define HAVE_WCHAR_H 1
| #define HAVE_LIMITS_H 1
| #define HAVE_SYS_MMAN_H 1
| #define HAVE_STDBOOL_H 1
| #define HAVE_SYS_TIME_H 1
| #define HAVE_SYS_SOCKET_H 1
| #define HAVE_FEATURES_H 1
| #define STDC_HEADERS 1
| #define _ALL_SOURCE 1
| #define _DARWIN_C_SOURCE 1
| #define _GNU_SOURCE 1
| #define _HPUX_ALT_XOPEN_SOCKET_API 1
| #define _NETBSD_SOURCE 1
| #define _OPENBSD_SOURCE 1
| #define _POSIX_PTHREAD_SEMANTICS 1
| #define __STDC_WANT_IEC_60559_ATTRIBS_EXT__ 1
| #define __STDC_WANT_IEC_60559_BFP_EXT__ 1
| #define __STDC_WANT_IEC_60559_DFP_EXT__ 1
| #define __STDC_WANT_IEC_60559_EXT__ 1
| #define __STDC_WANT_IEC_60559_FUNCS_EXT__ 1
| #define __STDC_WANT_IEC_60559_TYPES_EXT__ 1
| #define __STDC_WANT_LIB_EXT2__ 1
| #define __STDC_WANT_MATH_SPEC_FUNCS__ 1
| #define _TANDEM_SOURCE 1
| #define __EXTENSIONS__ 1
| #define HAVE_DLFCN_H 1
| #define LT_OBJDIR ".libs/"
| #define restrict __restrict__
| #define HAVE_MALLOC_POSIX 1
| #define HAVE_WINT_T 1
| /* end confdefs.h.  */
| #ifndef __APPLE_CC__
|             not a universal capable compiler
|            #endif
|            typedef int dummy;
| 
configure:16083: result: no
configure:16215: checking whether stdint.h conforms to C99
configure:16392: gcc -c -g -O2  conftest.c >&5
configure:16392: $? = 0
configure:16477: gcc -o conftest -g -O2   conftest.c  >&5
configure:16477: $? = 0
configure:16477: ./conftest
configure:16477: $? = 0
configure:16490: result: yes
configure:16501: checking whether stdint.h works without ISO C predefines
configure:16534: gcc -c -g -O2  conftest.c >&5
configure:16534: $? = 0
configure:16541: result: yes
configure:16552: checking whether stdint.h has UINTMAX_WIDTH etc.
configure:16585: gcc -c -g -O2  conftest.c >&5
configure:16585: $? = 0
configure:16591: result: yes
configure:17043: checking for mmap
configure:17043: gcc -o conftest -g -O2   conftest.c  >&5
configure:17043: $? = 0
configure:17043: result: yes
configure:17055: checking for MAP_ANONYMOUS
configure:17094: result: yes
configure:17108: checking for mprotect
configure:17108: gcc -o conftest -g -O2   conftest.c  >&5
configure:17108: $? = 0
configure:17108: result: yes
configure:17108: checking for strptime
configure:17108: gcc -o conftest -g -O2   conftest.c  >&5
configure:17108: $? = 0
configure:17108: result: yes
configure:17108: checking for localtime_r
configure:17108: gcc -o conftest -g -O2   conftest.c  >&5
configure:17108: $? = 0
configure:17108: result: yes
configure:17179: checking whether memchr works
configure:17265: gcc -o conftest -g -O2   conftest.c  >&5
configure:17265: $? = 0
configure:17265: ./conftest
configure:17265: $? = 0
configure:17277: result: yes
configure:17466: checking whether <limits.h> defines MIN and MAX
configure:17484: gcc -c -g -O2  conftest.c >&5
conftest.c:57:21: warning: implicit declaration of function 'MIN' [-Wimplicit-function-declaration]
   57 |             int x = MIN (42, 17);
      |                     ^~~
conftest.c:57:21: error: initializer element is not constant
configure:17484: $? = 1
configure: failed program was:
| /* confdefs.h */
| #define PACKAGE_NAME "libpskc"
| #define PACKAGE_TARNAME "libpskc"
| #define PACKAGE_VERSION "2.6.9"
| #define PACKAGE_STRING "libpskc 2.6.9"
| #define PACKAGE_BUGREPORT "oath-toolkit-help@nongnu.org"
| #define PACKAGE_URL "https://www.nongnu.org/oath-toolkit/"
| #define PACKAGE "libpskc"
| #define VERSION "2.6.9"
| #define HAVE_STDIO_H 1
| #define HAVE_STDLIB_H 1
| #define HAVE_STRING_H 1
| #define HAVE_INTTYPES_H 1
| #define HAVE_STDINT_H 1
| #define HAVE_STRINGS_H 1
| #define HAVE_SYS_STAT_H 1
| #define HAVE_SYS_TYPES_H 1
| #define HAVE_UNISTD_H 1
| #define HAVE_WCHAR_H 1
| #define HAVE_LIMITS_H 1
| #define HAVE_SYS_MMAN_H 1
| #define HAVE_STDBOOL_H 1
| #define HAVE_SYS_TIME_H 1
| #define HAVE_SYS_SOCKET_H 1
| #define HAVE_FEATURES_H 1
| #define STDC_HEADERS 1
| #define _ALL_SOURCE 1
| #define _DARWIN_C_SOURCE 1
| #define _GNU_SOURCE 1
| #define _HPUX_ALT_XOPEN_SOCKET_API 1
| #define _NETBSD_SOURCE 1
| #define _OPENBSD_SOURCE 1
| #define _POSIX_PTHREAD_SEMANTICS 1
| #define __STDC_WANT_IEC_60559_ATTRIBS_EXT__ 1
| #define __STDC_WANT_IEC_60559_BFP_EXT__ 1
| #define __STDC_WANT_IEC_60559_DFP_EXT__ 1
| #define __STDC_WANT_IEC_60559_EXT__ 1
| #define __STDC_WANT_IEC_60559_FUNCS_EXT__ 1
| #define __STDC_WANT_IEC_60559_TYPES_EXT__ 1
| #define __STDC_WANT_LIB_EXT2__ 1
| #define __STDC_WANT_MATH_SPEC_FUNCS__ 1
| #define _TANDEM_SOURCE 1
| #define __EXTENSIONS__ 1
| #define HAVE_DLFCN_H 1
| #define LT_OBJDIR ".libs/"
| #define restrict __restrict__
| #define HAVE_MALLOC_POSIX 1
| #define HAVE_WINT_T 1
| #define HAVE_LONG_LONG_INT 1
| #define HAVE_UNSIGNED_LONG_LONG_INT 1
| #define HAVE_MAP_ANONYMOUS 1
| #define HAVE_MPROTECT 1
| #define HAVE_STRPTIME 1
| #define HAVE_LOCALTIME_R 1
| /* end confdefs.h.  */
| #include <limits.h>
|             int x = MIN (42, 17);
| int
| main (void)
| {
| 
|   ;
|   return 0;
| }
configure:17492: result: no
configure:17505: checking whether <sys/param.h> defines MIN and MAX
configure:17523: gcc -c -g -O2  conftest.c >&5
configure:17523: $? = 0
configure:17531: result: yes
configure:17549: checking for gcc options needed to detect all undeclared functions
configure:17571: gcc -c -g -O2   conftest.c >&5
conftest.c: In function 'main':
conftest.c:61:8: error: 'strchr' undeclared (first use in this function)
   61 | (void) strchr;
      |        ^~~~~~
conftest.c:1:1: note: 'strchr' is defined in header '<string.h>'; did you forget to '#include <string.h>'?
    1 | /* confdefs.h */
conftest.c:61:8: note: each undeclared identifier is reported only once for each function it appears in
   61 | (void) strchr;
      |        ^~~~~~
configure:17571: $? = 1
configure: failed program was:
| /* confdefs.h */
| #define PACKAGE_NAME "libpskc"
| #define PACKAGE_TARNAME "libpskc"
| #define PACKAGE_VERSION "2.6.9"
| #define PACKAGE_STRING "libpskc 2.6.9"
| #define PACKAGE_BUGREPORT "oath-toolkit-help@nongnu.org"
| #define PACKAGE_URL "https://www.nongnu.org/oath-toolkit/"
| #define PACKAGE "libpskc"
| #define VERSION "2.6.9"
| #define HAVE_STDIO_H 1
| #define HAVE_STDLIB_H 1
| #define HAVE_STRING_H 1
| #define HAVE_INTTYPES_H 1
| #define HAVE_STDINT_H 1
| #define HAVE_STRINGS_H 1
| #define HAVE_SYS_STAT_H 1
| #define HAVE_SYS_TYPES_H 1
| #define HAVE_UNISTD_H 1
| #define HAVE_WCHAR_H 1
| #define HAVE_LIMITS_H 1
| #define HAVE_SYS_MMAN_H 1
| #define HAVE_STDBOOL_H 1
| #define HAVE_SYS_TIME_H 1
| #define HAVE_SYS_SOCKET_H 1
| #define HAVE_FEATURES_H 1
| #define STDC_HEADERS 1
| #define _ALL_SOURCE 1
| #define _DARWIN_C_SOURCE 1
| #define _GNU_SOURCE 1
| #define _HPUX_ALT_XOPEN_SOCKET_API 1
| #define _NETBSD_SOURCE 1
| #define _OPENBSD_SOURCE 1
| #define _POSIX_PTHREAD_SEMANTICS 1
| #define __STDC_WANT_IEC_60559_ATTRIBS_EXT__ 1
| #define __STDC_WANT_IEC_60559_BFP_EXT__ 1
| #define __STDC_WANT_IEC_60559_DFP_EXT__ 1
| #define __STDC_WANT_IEC_60559_EXT__ 1
| #define __STDC_WANT_IEC_60559_FUNCS_EXT__ 1
| #define __STDC_WANT_IEC_60559_TYPES_EXT__ 1
| #define __STDC_WANT_LIB_EXT2__ 1
| #define __STDC_WANT_MATH_SPEC_FUNCS__ 1
| #define _TANDEM_SOURCE 1
| #define __EXTENSIONS__ 1
| #define HAVE_DLFCN_H 1
| #define LT_OBJDIR ".libs/"
| #define restrict __restrict__
| #define HAVE_MALLOC_POSIX 1
| #define HAVE_WINT_T 1
| #define HAVE_LONG_LONG_INT 1
| #define HAVE_UNSIGNED_LONG_LONG_INT 1
| #define HAVE_MAP_ANONYMOUS 1
| #define HAVE_MPROTECT 1
| #define HAVE_STRPTIME 1
| #define HAVE_LOCALTIME_R 1
| #define HAVE_MINMAX_IN_SYS_PARAM_H 1
| /* end confdefs.h.  */
| 
| int
| main (void)
| {
| (void) strchr;
|   ;
|   return 0;
| }
configure:17598: gcc -c -g -O2   conftest.c >&5
configure:17598: $? = 0
configure:17615: result: none needed
configure:17637: checking for wchar_t
configure:17655: gcc -c -g -O2  conftest.c >&5
configure:17655: $? = 0
configure:17663: result: yes
configure:17679: checking for good max_align_t
configure:17716: gcc -c -g -O2  conftest.c >&5
configure:17716: $? = 0
configure:17725: result: yes
configure:17737: checking whether NULL can be used in arbitrary expressions
configure:17756: gcc -c -g -O2  conftest.c >&5
configure:17756: $? = 0
configure:17764: result: yes
configure:17771: checking for unreachable
configure:17790: gcc -o conftest -g -O2   conftest.c  >&5
conftest.c: In function 'main':
conftest.c:63:1: warning: implicit declaration of function 'unreachable' [-Wimplicit-function-declaration]
   63 | unreachable ();
      | ^~~~~~~~~~~
/usr/bin/ld: /tmp/ccfTSQzm.o: in function `main':
/home/rficht/Documents/piscine_cyber/ft_otp/oath-toolkit-2.6.9/libpskc/conftest.c:63: undefined reference to `unreachable'
collect2: error: ld returned 1 exit status
configure:17790: $? = 1
configure: failed program was:
| /* confdefs.h */
| #define PACKAGE_NAME "libpskc"
| #define PACKAGE_TARNAME "libpskc"
| #define PACKAGE_VERSION "2.6.9"
| #define PACKAGE_STRING "libpskc 2.6.9"
| #define PACKAGE_BUGREPORT "oath-toolkit-help@nongnu.org"
| #define PACKAGE_URL "https://www.nongnu.org/oath-toolkit/"
| #define PACKAGE "libpskc"
| #define VERSION "2.6.9"
| #define HAVE_STDIO_H 1
| #define HAVE_STDLIB_H 1
| #define HAVE_STRING_H 1
| #define HAVE_INTTYPES_H 1
| #define HAVE_STDINT_H 1
| #define HAVE_STRINGS_H 1
| #define HAVE_SYS_STAT_H 1
| #define HAVE_SYS_TYPES_H 1
| #define HAVE_UNISTD_H 1
| #define HAVE_WCHAR_H 1
| #define HAVE_LIMITS_H 1
| #define HAVE_SYS_MMAN_H 1
| #define HAVE_STDBOOL_H 1
| #define HAVE_SYS_TIME_H 1
| #define HAVE_SYS_SOCKET_H 1
| #define HAVE_FEATURES_H 1
| #define STDC_HEADERS 1
| #define _ALL_SOURCE 1
| #define _DARWIN_C_SOURCE 1
| #define _GNU_SOURCE 1
| #define _HPUX_ALT_XOPEN_SOCKET_API 1
| #define _NETBSD_SOURCE 1
| #define _OPENBSD_SOURCE 1
| #define _POSIX_PTHREAD_SEMANTICS 1
| #define __STDC_WANT_IEC_60559_ATTRIBS_EXT__ 1
| #define __STDC_WANT_IEC_60559_BFP_EXT__ 1
| #define __STDC_WANT_IEC_60559_DFP_EXT__ 1
| #define __STDC_WANT_IEC_60559_EXT__ 1
| #define __STDC_WANT_IEC_60559_FUNCS_EXT__ 1
| #define __STDC_WANT_IEC_60559_TYPES_EXT__ 1
| #define __STDC_WANT_LIB_EXT2__ 1
| #define __STDC_WANT_MATH_SPEC_FUNCS__ 1
| #define _TANDEM_SOURCE 1
| #define __EXTENSIONS__ 1
| #define HAVE_DLFCN_H 1
| #define LT_OBJDIR ".libs/"
| #define restrict __restrict__
| #define HAVE_MALLOC_POSIX 1
| #define HAVE_WINT_T 1
| #define HAVE_LONG_LONG_INT 1
| #define HAVE_UNSIGNED_LONG_LONG_INT 1
| #define HAVE_MAP_ANONYMOUS 1
| #define HAVE_MPROTECT 1
| #define HAVE_STRPTIME 1
| #define HAVE_LOCALTIME_R 1
| #define HAVE_MINMAX_IN_SYS_PARAM_H 1
| #define HAVE_WCHAR_T 1
| /* end confdefs.h.  */
| #include <stddef.h>
| 
| int
| main (void)
| {
| unreachable ();
| 
|   ;
|   return 0;
| }
configure:17800: result: no
configure:17884: checking for nl_langinfo and CODESET
configure:17901: gcc -o conftest -g -O2   conftest.c  >&5
configure:17901: $? = 0
configure:17911: result: yes
configure:17922: checking for a french Unicode locale
configure:18000: gcc -o conftest -g -O2   conftest.c  >&5
configure:18003: $? = 0
configure:18051: result: fr_FR.UTF-8
configure:18081: checking whether ecvt is declared
configure:18081: gcc -c -g -O2   conftest.c >&5
configure:18081: $? = 0
configure:18081: result: yes
configure:18090: checking whether fcvt is declared
configure:18090: gcc -c -g -O2   conftest.c >&5
configure:18090: $? = 0
configure:18090: result: yes
configure:18099: checking whether gcvt is declared
configure:18099: gcc -c -g -O2   conftest.c >&5
configure:18099: $? = 0
configure:18099: result: yes
configure:18191: checking whether MB_CUR_MAX is correct
configure:18225: gcc -o conftest -g -O2   conftest.c  >&5
configure:18225: $? = 0
configure:18225: ./conftest
configure:18225: $? = 0
configure:18238: result: yes
configure:18467: checking for struct tm.tm_gmtoff
configure:18467: gcc -c -g -O2  conftest.c >&5
configure:18467: $? = 0
configure:18467: result: yes
configure:18757: checking for struct timeval
configure:18781: gcc -c -g -O2  conftest.c >&5
configure:18781: $? = 0
configure:18790: result: yes
configure:18795: checking for wide-enough struct timeval.tv_sec member
configure:18823: gcc -c -g -O2  conftest.c >&5
configure:18823: $? = 0
configure:18832: result: yes
configure:18852: checking for pid_t
configure:18852: gcc -c -g -O2  conftest.c >&5
configure:18852: $? = 0
configure:18852: gcc -c -g -O2  conftest.c >&5
conftest.c: In function 'main':
conftest.c:95:20: error: expected expression before ')' token
   95 | if (sizeof ((pid_t)))
      |                    ^
configure:18852: $? = 1
configure: failed program was:
| /* confdefs.h */
| #define PACKAGE_NAME "libpskc"
| #define PACKAGE_TARNAME "libpskc"
| #define PACKAGE_VERSION "2.6.9"
| #define PACKAGE_STRING "libpskc 2.6.9"
| #define PACKAGE_BUGREPORT "oath-toolkit-help@nongnu.org"
| #define PACKAGE_URL "https://www.nongnu.org/oath-toolkit/"
| #define PACKAGE "libpskc"
| #define VERSION "2.6.9"
| #define HAVE_STDIO_H 1
| #define HAVE_STDLIB_H 1
| #define HAVE_STRING_H 1
| #define HAVE_INTTYPES_H 1
| #define HAVE_STDINT_H 1
| #define HAVE_STRINGS_H 1
| #define HAVE_SYS_STAT_H 1
| #define HAVE_SYS_TYPES_H 1
| #define HAVE_UNISTD_H 1
| #define HAVE_WCHAR_H 1
| #define HAVE_LIMITS_H 1
| #define HAVE_SYS_MMAN_H 1
| #define HAVE_STDBOOL_H 1
| #define HAVE_SYS_TIME_H 1
| #define HAVE_SYS_SOCKET_H 1
| #define HAVE_FEATURES_H 1
| #define STDC_HEADERS 1
| #define _ALL_SOURCE 1
| #define _DARWIN_C_SOURCE 1
| #define _GNU_SOURCE 1
| #define _HPUX_ALT_XOPEN_SOCKET_API 1
| #define _NETBSD_SOURCE 1
| #define _OPENBSD_SOURCE 1
| #define _POSIX_PTHREAD_SEMANTICS 1
| #define __STDC_WANT_IEC_60559_ATTRIBS_EXT__ 1
| #define __STDC_WANT_IEC_60559_BFP_EXT__ 1
| #define __STDC_WANT_IEC_60559_DFP_EXT__ 1
| #define __STDC_WANT_IEC_60559_EXT__ 1
| #define __STDC_WANT_IEC_60559_FUNCS_EXT__ 1
| #define __STDC_WANT_IEC_60559_TYPES_EXT__ 1
| #define __STDC_WANT_LIB_EXT2__ 1
| #define __STDC_WANT_MATH_SPEC_FUNCS__ 1
| #define _TANDEM_SOURCE 1
| #define __EXTENSIONS__ 1
| #define HAVE_DLFCN_H 1
| #define LT_OBJDIR ".libs/"
| #define restrict __restrict__
| #define HAVE_MALLOC_POSIX 1
| #define HAVE_WINT_T 1
| #define HAVE_LONG_LONG_INT 1
| #define HAVE_UNSIGNED_LONG_LONG_INT 1
| #define HAVE_MAP_ANONYMOUS 1
| #define HAVE_MPROTECT 1
| #define HAVE_STRPTIME 1
| #define HAVE_LOCALTIME_R 1
| #define HAVE_MINMAX_IN_SYS_PARAM_H 1
| #define HAVE_WCHAR_T 1
| #define HAVE_LANGINFO_CODESET 1
| #define HAVE_DECL_ECVT 1
| #define HAVE_DECL_FCVT 1
| #define HAVE_DECL_GCVT 1
| #define HAVE_TM_GMTOFF 1
| /* end confdefs.h.  */
| #include <stddef.h>
| #ifdef HAVE_STDIO_H
| # include <stdio.h>
| #endif
| #ifdef HAVE_STDLIB_H
| # include <stdlib.h>
| #endif
| #ifdef HAVE_STRING_H
| # include <string.h>
| #endif
| #ifdef HAVE_INTTYPES_H
| # include <inttypes.h>
| #endif
| #ifdef HAVE_STDINT_H
| # include <stdint.h>
| #endif
| #ifdef HAVE_STRINGS_H
| # include <strings.h>
| #endif
| #ifdef HAVE_SYS_TYPES_H
| # include <sys/types.h>
| #endif
| #ifdef HAVE_SYS_STAT_H
| # include <sys/stat.h>
| #endif
| #ifdef HAVE_UNISTD_H
| # include <unistd.h>
| #endif
| 
| int
| main (void)
| {
| if (sizeof ((pid_t)))
| 	    return 0;
|   ;
|   return 0;
| }
configure:18852: result: yes
configure:18888: checking for mode_t
configure:18888: gcc -c -g -O2  conftest.c >&5
configure:18888: $? = 0
configure:18888: gcc -c -g -O2  conftest.c >&5
conftest.c: In function 'main':
conftest.c:94:21: error: expected expression before ')' token
   94 | if (sizeof ((mode_t)))
      |                     ^
configure:18888: $? = 1
configure: failed program was:
| /* confdefs.h */
| #define PACKAGE_NAME "libpskc"
| #define PACKAGE_TARNAME "libpskc"
| #define PACKAGE_VERSION "2.6.9"
| #define PACKAGE_STRING "libpskc 2.6.9"
| #define PACKAGE_BUGREPORT "oath-toolkit-help@nongnu.org"
| #define PACKAGE_URL "https://www.nongnu.org/oath-toolkit/"
| #define PACKAGE "libpskc"
| #define VERSION "2.6.9"
| #define HAVE_STDIO_H 1
| #define HAVE_STDLIB_H 1
| #define HAVE_STRING_H 1
| #define HAVE_INTTYPES_H 1
| #define HAVE_STDINT_H 1
| #define HAVE_STRINGS_H 1
| #define HAVE_SYS_STAT_H 1
| #define HAVE_SYS_TYPES_H 1
| #define HAVE_UNISTD_H 1
| #define HAVE_WCHAR_H 1
| #define HAVE_LIMITS_H 1
| #define HAVE_SYS_MMAN_H 1
| #define HAVE_STDBOOL_H 1
| #define HAVE_SYS_TIME_H 1
| #define HAVE_SYS_SOCKET_H 1
| #define HAVE_FEATURES_H 1
| #define STDC_HEADERS 1
| #define _ALL_SOURCE 1
| #define _DARWIN_C_SOURCE 1
| #define _GNU_SOURCE 1
| #define _HPUX_ALT_XOPEN_SOCKET_API 1
| #define _NETBSD_SOURCE 1
| #define _OPENBSD_SOURCE 1
| #define _POSIX_PTHREAD_SEMANTICS 1
| #define __STDC_WANT_IEC_60559_ATTRIBS_EXT__ 1
| #define __STDC_WANT_IEC_60559_BFP_EXT__ 1
| #define __STDC_WANT_IEC_60559_DFP_EXT__ 1
| #define __STDC_WANT_IEC_60559_EXT__ 1
| #define __STDC_WANT_IEC_60559_FUNCS_EXT__ 1
| #define __STDC_WANT_IEC_60559_TYPES_EXT__ 1
| #define __STDC_WANT_LIB_EXT2__ 1
| #define __STDC_WANT_MATH_SPEC_FUNCS__ 1
| #define _TANDEM_SOURCE 1
| #define __EXTENSIONS__ 1
| #define HAVE_DLFCN_H 1
| #define LT_OBJDIR ".libs/"
| #define restrict __restrict__
| #define HAVE_MALLOC_POSIX 1
| #define HAVE_WINT_T 1
| #define HAVE_LONG_LONG_INT 1
| #define HAVE_UNSIGNED_LONG_LONG_INT 1
| #define HAVE_MAP_ANONYMOUS 1
| #define HAVE_MPROTECT 1
| #define HAVE_STRPTIME 1
| #define HAVE_LOCALTIME_R 1
| #define HAVE_MINMAX_IN_SYS_PARAM_H 1
| #define HAVE_WCHAR_T 1
| #define HAVE_LANGINFO_CODESET 1
| #define HAVE_DECL_ECVT 1
| #define HAVE_DECL_FCVT 1
| #define HAVE_DECL_GCVT 1
| #define HAVE_TM_GMTOFF 1
| /* end confdefs.h.  */
| #include <stddef.h>
| #ifdef HAVE_STDIO_H
| # include <stdio.h>
| #endif
| #ifdef HAVE_STDLIB_H
| # include <stdlib.h>
| #endif
| #ifdef HAVE_STRING_H
| # include <string.h>
| #endif
| #ifdef HAVE_INTTYPES_H
| # include <inttypes.h>
| #endif
| #ifdef HAVE_STDINT_H
| # include <stdint.h>
| #endif
| #ifdef HAVE_STRINGS_H
| # include <strings.h>
| #endif
| #ifdef HAVE_SYS_TYPES_H
| # include <sys/types.h>
| #endif
| #ifdef HAVE_SYS_STAT_H
| # include <sys/stat.h>
| #endif
| #ifdef HAVE_UNISTD_H
| # include <unistd.h>
| #endif
| int
| main (void)
| {
| if (sizeof ((mode_t)))
| 	    return 0;
|   ;
|   return 0;
| }
configure:18888: result: yes
configure:18999: checking for struct timespec in <time.h>
configure:19017: gcc -c -g -O2  conftest.c >&5
configure:19017: $? = 0
configure:19025: result: yes
configure:19219: checking for TIME_UTC in <time.h>
configure:19237: gcc -c -g -O2  conftest.c >&5
configure:19237: $? = 0
configure:19245: result: yes
configure:19255: checking whether execvpe is declared
configure:19255: gcc -c -g -O2   conftest.c >&5
configure:19255: $? = 0
configure:19255: result: yes
configure:19722: checking for valgrind
configure:19743: found /usr/bin/valgrind
configure:19754: result: valgrind
configure:19781: checking for valgrind options for tests
configure:19795: result: -q --error-exitcode=1 --leak-check=full 
configure:19803: checking whether valgrind works on executables produced by the compiler
configure:19820: gcc -o conftest -g -O2   conftest.c  >&5
configure:19820: $? = 0
configure:19820: ./conftest
configure:19820: $? = 0
configure:19838: result: yes
configure:19921: checking whether <wchar.h> uses 'inline' correctly
configure:19943: gcc -c -g -O2  conftest1.c >&5
configure:19946: $? = 0
configure:19959: gcc -c -g -O2  conftest2.c >&5
configure:19962: $? = 0
configure:19977: result: yes
configure:20118: checking whether wcsdup is declared
configure:20118: gcc -c -g -O2   conftest.c >&5
configure:20118: $? = 0
configure:20118: result: yes
configure:20306: checking for C compiler option to allow warnings
configure:20315: gcc -g -O2  -c conftest.c 2>conftest1.err
configure:20318: $? = 0
configure:20321: gcc -g -O2  -Wno-error -c conftest.c 2>conftest2.err
configure:20324: $? = 0
configure:20334: result: -Wno-error
configure:20415: gcc -g -O2  -E conftest.c > conftest.out
configure:20418: $? = 0
configure:20465: checking whether calloc (0, n) and calloc (n, 0) return nonnull
configure:20497: gcc -o conftest -g -O2   conftest.c  >&5
configure:20497: $? = 0
configure:20497: ./conftest
configure:20497: $? = 0
configure:20521: result: yes
configure:20605: checking whether free is known to preserve errno
configure:20629: gcc -c -g -O2  conftest.c >&5
configure:20629: $? = 0
configure:20638: result: yes
configure:20711: checking if LD -Wl,--version-script works
configure:20732: gcc -o conftest -g -O2   -Wl,--version-script=conftest.map conftest.c  >&5
/usr/bin/ld:conftest.map:0: syntax error in VERSION script
collect2: error: ld returned 1 exit status
configure:20732: $? = 1
configure: failed program was:
| /* confdefs.h */
| #define PACKAGE_NAME "libpskc"
| #define PACKAGE_TARNAME "libpskc"
| #define PACKAGE_VERSION "2.6.9"
| #define PACKAGE_STRING "libpskc 2.6.9"
| #define PACKAGE_BUGREPORT "oath-toolkit-help@nongnu.org"
| #define PACKAGE_URL "https://www.nongnu.org/oath-toolkit/"
| #define PACKAGE "libpskc"
| #define VERSION "2.6.9"
| #define HAVE_STDIO_H 1
| #define HAVE_STDLIB_H 1
| #define HAVE_STRING_H 1
| #define HAVE_INTTYPES_H 1
| #define HAVE_STDINT_H 1
| #define HAVE_STRINGS_H 1
| #define HAVE_SYS_STAT_H 1
| #define HAVE_SYS_TYPES_H 1
| #define HAVE_UNISTD_H 1
| #define HAVE_WCHAR_H 1
| #define HAVE_LIMITS_H 1
| #define HAVE_SYS_MMAN_H 1
| #define HAVE_STDBOOL_H 1
| #define HAVE_SYS_TIME_H 1
| #define HAVE_SYS_SOCKET_H 1
| #define HAVE_FEATURES_H 1
| #define STDC_HEADERS 1
| #define _ALL_SOURCE 1
| #define _DARWIN_C_SOURCE 1
| #define _GNU_SOURCE 1
| #define _HPUX_ALT_XOPEN_SOCKET_API 1
| #define _NETBSD_SOURCE 1
| #define _OPENBSD_SOURCE 1
| #define _POSIX_PTHREAD_SEMANTICS 1
| #define __STDC_WANT_IEC_60559_ATTRIBS_EXT__ 1
| #define __STDC_WANT_IEC_60559_BFP_EXT__ 1
| #define __STDC_WANT_IEC_60559_DFP_EXT__ 1
| #define __STDC_WANT_IEC_60559_EXT__ 1
| #define __STDC_WANT_IEC_60559_FUNCS_EXT__ 1
| #define __STDC_WANT_IEC_60559_TYPES_EXT__ 1
| #define __STDC_WANT_LIB_EXT2__ 1
| #define __STDC_WANT_MATH_SPEC_FUNCS__ 1
| #define _TANDEM_SOURCE 1
| #define __EXTENSIONS__ 1
| #define HAVE_DLFCN_H 1
| #define LT_OBJDIR ".libs/"
| #define restrict __restrict__
| #define HAVE_MALLOC_POSIX 1
| #define HAVE_WINT_T 1
| #define HAVE_LONG_LONG_INT 1
| #define HAVE_UNSIGNED_LONG_LONG_INT 1
| #define HAVE_MAP_ANONYMOUS 1
| #define HAVE_MPROTECT 1
| #define HAVE_STRPTIME 1
| #define HAVE_LOCALTIME_R 1
| #define HAVE_MINMAX_IN_SYS_PARAM_H 1
| #define HAVE_WCHAR_T 1
| #define HAVE_LANGINFO_CODESET 1
| #define HAVE_DECL_ECVT 1
| #define HAVE_DECL_FCVT 1
| #define HAVE_DECL_GCVT 1
| #define HAVE_TM_GMTOFF 1
| #define _USE_STD_STAT 1
| #define HAVE_DECL_EXECVPE 1
| #define HAVE_DECL_WCSDUP 1
| #define GNULIB_TEST_CALLOC_GNU 1
| #define GNULIB_TEST_CALLOC_POSIX 1
| #define HAVE_FREE_POSIX 1
| #define GNULIB_TEST_FREE_POSIX 1
| /* end confdefs.h.  */
| 
| int
| main (void)
| {
| 
|   ;
|   return 0;
| }
configure:20756: gcc -o conftest -g -O2   -Wl,--version-script=conftest.map conftest.c  >&5
configure:20756: $? = 0
configure:20768: result: yes
configure:20787: checking whether the -Werror option is usable
configure:20806: gcc -c -g -O2 -Werror  conftest.c >&5
configure:20806: $? = 0
configure:20816: result: yes
configure:20818: checking for simple visibility declarations
configure:20850: gcc -c -g -O2 -fvisibility=hidden -Werror  conftest.c >&5
configure:20850: $? = 0
configure:20860: result: yes
configure:20874: checking whether the compiler supports the __inline keyword
configure:20892: gcc -c -g -O2  conftest.c >&5
configure:20892: $? = 0
configure:20900: result: yes
configure:20948: checking whether malloc (0) returns nonnull
configure:20983: gcc -o conftest -g -O2   conftest.c  >&5
configure:20983: $? = 0
configure:20983: ./conftest
configure:20983: $? = 0
configure:20995: result: yes
configure:21130: checking whether realloc (0, 0) returns nonnull
configure:21165: gcc -o conftest -g -O2   conftest.c  >&5
configure:21165: $? = 0
configure:21165: ./conftest
configure:21165: $? = 0
configure:21177: result: yes
configure:21264: checking for reallocarray
configure:21301: checking for reallocarray
configure:21301: gcc -o conftest -g -O2   conftest.c  >&5
configure:21301: $? = 0
configure:21301: result: yes
configure:21316: result: yes
configure:21383: checking for ssize_t
configure:21401: gcc -c -g -O2  conftest.c >&5
configure:21401: $? = 0
configure:21409: result: yes
configure:21452: checking for bool, true, false
configure:21467: gcc -c -g -O2  conftest.c >&5
conftest.c:82:13: error: #error "true == false"
   82 |            #error "true == false"
      |             ^~~~~
conftest.c:84:18: error: unknown type name 'bool'
   84 |           extern bool b;
      |                  ^~~~
conftest.c:85:11: error: unknown type name 'bool'
   85 |           bool b = true == false;
      |           ^~~~
conftest.c:85:20: error: 'true' undeclared here (not in a function)
   85 |           bool b = true == false;
      |                    ^~~~
conftest.c:85:28: error: 'false' undeclared here (not in a function)
   85 |           bool b = true == false;
      |                            ^~~~~
configure:21467: $? = 1
configure: failed program was:
| /* confdefs.h */
| #define PACKAGE_NAME "libpskc"
| #define PACKAGE_TARNAME "libpskc"
| #define PACKAGE_VERSION "2.6.9"
| #define PACKAGE_STRING "libpskc 2.6.9"
| #define PACKAGE_BUGREPORT "oath-toolkit-help@nongnu.org"
| #define PACKAGE_URL "https://www.nongnu.org/oath-toolkit/"
| #define PACKAGE "libpskc"
| #define VERSION "2.6.9"
| #define HAVE_STDIO_H 1
| #define HAVE_STDLIB_H 1
| #define HAVE_STRING_H 1
| #define HAVE_INTTYPES_H 1
| #define HAVE_STDINT_H 1
| #define HAVE_STRINGS_H 1
| #define HAVE_SYS_STAT_H 1
| #define HAVE_SYS_TYPES_H 1
| #define HAVE_UNISTD_H 1
| #define HAVE_WCHAR_H 1
| #define HAVE_LIMITS_H 1
| #define HAVE_SYS_MMAN_H 1
| #define HAVE_STDBOOL_H 1
| #define HAVE_SYS_TIME_H 1
| #define HAVE_SYS_SOCKET_H 1
| #define HAVE_FEATURES_H 1
| #define STDC_HEADERS 1
| #define _ALL_SOURCE 1
| #define _DARWIN_C_SOURCE 1
| #define _GNU_SOURCE 1
| #define _HPUX_ALT_XOPEN_SOCKET_API 1
| #define _NETBSD_SOURCE 1
| #define _OPENBSD_SOURCE 1
| #define _POSIX_PTHREAD_SEMANTICS 1
| #define __STDC_WANT_IEC_60559_ATTRIBS_EXT__ 1
| #define __STDC_WANT_IEC_60559_BFP_EXT__ 1
| #define __STDC_WANT_IEC_60559_DFP_EXT__ 1
| #define __STDC_WANT_IEC_60559_EXT__ 1
| #define __STDC_WANT_IEC_60559_FUNCS_EXT__ 1
| #define __STDC_WANT_IEC_60559_TYPES_EXT__ 1
| #define __STDC_WANT_LIB_EXT2__ 1
| #define __STDC_WANT_MATH_SPEC_FUNCS__ 1
| #define _TANDEM_SOURCE 1
| #define __EXTENSIONS__ 1
| #define HAVE_DLFCN_H 1
| #define LT_OBJDIR ".libs/"
| #define restrict __restrict__
| #define HAVE_MALLOC_POSIX 1
| #define HAVE_WINT_T 1
| #define HAVE_LONG_LONG_INT 1
| #define HAVE_UNSIGNED_LONG_LONG_INT 1
| #define HAVE_MAP_ANONYMOUS 1
| #define HAVE_MPROTECT 1
| #define HAVE_STRPTIME 1
| #define HAVE_LOCALTIME_R 1
| #define HAVE_MINMAX_IN_SYS_PARAM_H 1
| #define HAVE_WCHAR_T 1
| #define HAVE_LANGINFO_CODESET 1
| #define HAVE_DECL_ECVT 1
| #define HAVE_DECL_FCVT 1
| #define HAVE_DECL_GCVT 1
| #define HAVE_TM_GMTOFF 1
| #define _USE_STD_STAT 1
| #define HAVE_DECL_EXECVPE 1
| #define HAVE_DECL_WCSDUP 1
| #define GNULIB_TEST_CALLOC_GNU 1
| #define GNULIB_TEST_CALLOC_POSIX 1
| #define HAVE_FREE_POSIX 1
| #define GNULIB_TEST_FREE_POSIX 1
| #define HAVE_VISIBILITY 1
| #define HAVE___INLINE 1
| #define GNULIB_TEST_MALLOC_GNU 1
| #define GNULIB_TEST_MALLOC_POSIX 1
| #define GNULIB_TEST_MEMCHR 1
| #define GNULIB_TEST_REALLOC_GNU 1
| #define GNULIB_TEST_REALLOC_POSIX 1
| #define HAVE_REALLOCARRAY 1
| #define GNULIB_REALLOCARRAY 1
| #define GNULIB_TEST_REALLOCARRAY 1
| /* end confdefs.h.  */
| 
|           #if true == false
|            #error "true == false"
|           #endif
|           extern bool b;
|           bool b = true == false;
configure:21475: result: no
configure:21641: checking for strcasecmp
configure:21641: gcc -o conftest -g -O2   conftest.c  >&5
conftest.c:96:6: warning: conflicting types for built-in function 'strcasecmp'; expected 'int(const char *, const char *)' [-Wbuiltin-declaration-mismatch]
   96 | char strcasecmp ();
      |      ^~~~~~~~~~
configure:21641: $? = 0
configure:21641: result: yes
configure:21654: checking for strncasecmp
configure:21654: gcc -o conftest -g -O2   conftest.c  >&5
conftest.c:97:6: warning: conflicting types for built-in function 'strncasecmp'; expected 'int(const char *, const char *, long unsigned int)' [-Wbuiltin-declaration-mismatch]
   97 | char strncasecmp ();
      |      ^~~~~~~~~~~
configure:21654: $? = 0
configure:21654: result: yes
configure:21666: checking whether strncasecmp is declared
configure:21666: gcc -c -g -O2   conftest.c >&5
configure:21666: $? = 0
configure:21666: result: yes
configure:21794: checking for strverscmp
configure:21794: gcc -o conftest -g -O2   conftest.c  >&5
configure:21794: $? = 0
configure:21794: result: yes
configure:21877: checking whether localtime_r is declared
configure:21877: gcc -c -g -O2   conftest.c >&5
configure:21877: $? = 0
configure:21877: result: yes
configure:21901: checking whether localtime_r is compatible with its POSIX signature
configure:21933: gcc -c -g -O2  conftest.c >&5
configure:21933: $? = 0
configure:21942: result: yes
configure:22166: checking for pkg-config
configure:22189: found /usr/bin/pkg-config
configure:22201: result: /usr/bin/pkg-config
configure:22226: checking pkg-config is at least version 0.9.0
configure:22229: result: yes
configure:22241: checking for gtk-doc
configure:22244: $PKG_CONFIG --exists --print-errors "$gtk_doc_requires"
Package gtk-doc was not found in the pkg-config search path.
Perhaps you should add the directory containing `gtk-doc.pc'
to the PKG_CONFIG_PATH environment variable
No package 'gtk-doc' found
configure:22247: $? = 1
configure:22253: result: no
configure:22257: WARNING:
  You will not be able to create source packages with 'make dist'
  because gtk-doc >= 1.14 is not found.
configure:22267: checking for gtkdoc-check
configure:22302: result: no
configure:22309: checking for gtkdoc-check
configure:22347: result: no
configure:22356: checking for gtkdoc-rebase
configure:22394: result: no
configure:22405: checking for gtkdoc-mkpdf
configure:22443: result: no
configure:22470: checking whether to build gtk-doc documentation
configure:22472: result: no
configure:22485: checking for glib-2.0 >= 2.10.0 gobject-2.0  >= 2.10.0
configure:22492: $PKG_CONFIG --exists --print-errors "glib-2.0 >= 2.10.0 gobject-2.0  >= 2.10.0"
configure:22495: $? = 0
configure:22509: $PKG_CONFIG --exists --print-errors "glib-2.0 >= 2.10.0 gobject-2.0  >= 2.10.0"
configure:22512: $? = 0
configure:22550: result: yes
configure:22639: xmlsec crypto engine: 
configure:22644: checking for libxml-2.0
configure:22651: $PKG_CONFIG --exists --print-errors "libxml-2.0"
configure:22654: $? = 0
configure:22668: $PKG_CONFIG --exists --print-errors "libxml-2.0"
configure:22671: $? = 0
configure:22709: result: yes
configure:22715: checking for xmlsec1
configure:22722: $PKG_CONFIG --exists --print-errors "xmlsec1$xmlsecengine"
Package xmlsec1 was not found in the pkg-config search path.
Perhaps you should add the directory containing `xmlsec1.pc'
to the PKG_CONFIG_PATH environment variable
No package 'xmlsec1' found
configure:22725: $? = 1
configure:22739: $PKG_CONFIG --exists --print-errors "xmlsec1$xmlsecengine"
Package xmlsec1 was not found in the pkg-config search path.
Perhaps you should add the directory containing `xmlsec1.pc'
to the PKG_CONFIG_PATH environment variable
No package 'xmlsec1' found
configure:22742: $? = 1
configure:22756: result: no
No package 'xmlsec1' found
configure:22786: checking for xmlcatalog
configure:22809: found /usr/bin/xmlcatalog
configure:22821: result: /usr/bin/xmlcatalog
configure:22837: checking if xmlsec should be used
configure:22839: result: no
configure:22846: checking for xmlSecCryptoAppKeyLoadEx
configure:22859: gcc -o conftest -g -O2    conftest.c   >&5
conftest.c:88:10: fatal error: xmlsec/crypto.h: No such file or directory
   88 | #include <xmlsec/crypto.h>
      |          ^~~~~~~~~~~~~~~~~
compilation terminated.
configure:22859: $? = 1
configure: failed program was:
| /* confdefs.h */
| #define PACKAGE_NAME "libpskc"
| #define PACKAGE_TARNAME "libpskc"
| #define PACKAGE_VERSION "2.6.9"
| #define PACKAGE_STRING "libpskc 2.6.9"
| #define PACKAGE_BUGREPORT "oath-toolkit-help@nongnu.org"
| #define PACKAGE_URL "https://www.nongnu.org/oath-toolkit/"
| #define PACKAGE "libpskc"
| #define VERSION "2.6.9"
| #define HAVE_STDIO_H 1
| #define HAVE_STDLIB_H 1
| #define HAVE_STRING_H 1
| #define HAVE_INTTYPES_H 1
| #define HAVE_STDINT_H 1
| #define HAVE_STRINGS_H 1
| #define HAVE_SYS_STAT_H 1
| #define HAVE_SYS_TYPES_H 1
| #define HAVE_UNISTD_H 1
| #define HAVE_WCHAR_H 1
| #define HAVE_LIMITS_H 1
| #define HAVE_SYS_MMAN_H 1
| #define HAVE_STDBOOL_H 1
| #define HAVE_SYS_TIME_H 1
| #define HAVE_SYS_SOCKET_H 1
| #define HAVE_FEATURES_H 1
| #define STDC_HEADERS 1
| #define _ALL_SOURCE 1
| #define _DARWIN_C_SOURCE 1
| #define _GNU_SOURCE 1
| #define _HPUX_ALT_XOPEN_SOCKET_API 1
| #define _NETBSD_SOURCE 1
| #define _OPENBSD_SOURCE 1
| #define _POSIX_PTHREAD_SEMANTICS 1
| #define __STDC_WANT_IEC_60559_ATTRIBS_EXT__ 1
| #define __STDC_WANT_IEC_60559_BFP_EXT__ 1
| #define __STDC_WANT_IEC_60559_DFP_EXT__ 1
| #define __STDC_WANT_IEC_60559_EXT__ 1
| #define __STDC_WANT_IEC_60559_FUNCS_EXT__ 1
| #define __STDC_WANT_IEC_60559_TYPES_EXT__ 1
| #define __STDC_WANT_LIB_EXT2__ 1
| #define __STDC_WANT_MATH_SPEC_FUNCS__ 1
| #define _TANDEM_SOURCE 1
| #define __EXTENSIONS__ 1
| #define HAVE_DLFCN_H 1
| #define LT_OBJDIR ".libs/"
| #define restrict __restrict__
| #define HAVE_MALLOC_POSIX 1
| #define HAVE_WINT_T 1
| #define HAVE_LONG_LONG_INT 1
| #define HAVE_UNSIGNED_LONG_LONG_INT 1
| #define HAVE_MAP_ANONYMOUS 1
| #define HAVE_MPROTECT 1
| #define HAVE_STRPTIME 1
| #define HAVE_LOCALTIME_R 1
| #define HAVE_MINMAX_IN_SYS_PARAM_H 1
| #define HAVE_WCHAR_T 1
| #define HAVE_LANGINFO_CODESET 1
| #define HAVE_DECL_ECVT 1
| #define HAVE_DECL_FCVT 1
| #define HAVE_DECL_GCVT 1
| #define HAVE_TM_GMTOFF 1
| #define _USE_STD_STAT 1
| #define HAVE_DECL_EXECVPE 1
| #define HAVE_DECL_WCSDUP 1
| #define GNULIB_TEST_CALLOC_GNU 1
| #define GNULIB_TEST_CALLOC_POSIX 1
| #define HAVE_FREE_POSIX 1
| #define GNULIB_TEST_FREE_POSIX 1
| #define HAVE_VISIBILITY 1
| #define HAVE___INLINE 1
| #define GNULIB_TEST_MALLOC_GNU 1
| #define GNULIB_TEST_MALLOC_POSIX 1
| #define GNULIB_TEST_MEMCHR 1
| #define GNULIB_TEST_REALLOC_GNU 1
| #define GNULIB_TEST_REALLOC_POSIX 1
| #define HAVE_REALLOCARRAY 1
| #define GNULIB_REALLOCARRAY 1
| #define GNULIB_TEST_REALLOCARRAY 1
| #define HAVE_STRCASECMP 1
| #define HAVE_STRNCASECMP 1
| #define HAVE_DECL_STRNCASECMP 1
| #define GNULIB_TEST_STRPTIME 1
| #define HAVE_STRVERSCMP 1
| #define GNULIB_TEST_STRVERSCMP 1
| #define HAVE_DECL_LOCALTIME_R 1
| #define GNULIB_TEST_TIME_R 1
| /* end confdefs.h.  */
| #include <xmlsec/crypto.h>
| int
| main (void)
| {
| xmlSecCryptoAppKeyLoadEx(NULL, 0, 0, NULL, NULL, NULL);
|   ;
|   return 0;
| }
configure:22867: result: no
configure:22888: putting PSKC schema files in $(datarootdir)/xml/pskc
configure:23487: checking that generated files are newer than configure
configure:23493: result: done
configure:23602: creating ./config.status

## ---------------------- ##
## Running config.status. ##
## ---------------------- ##

This file was extended by libpskc config.status 2.6.9, which was
generated by GNU Autoconf 2.71.  Invocation command line was

  CONFIG_FILES    = 
  CONFIG_HEADERS  = 
  CONFIG_LINKS    = 
  CONFIG_COMMANDS = 
  $ ./config.status 

on k2r2p8.42mulhouse.fr

config.status:1895: creating Makefile
config.status:1895: creating examples/Makefile
config.status:1895: creating gl/Makefile
config.status:1895: creating gtk-doc/Makefile
config.status:1895: creating gtk-doc/version.xml
config.status:1895: creating include/Makefile
config.status:1895: creating include/pskc/Makefile
config.status:1895: creating include/pskc/version.h
config.status:1895: creating libpskc.pc
config.status:1895: creating man/Makefile
config.status:1895: creating schemas/Makefile
config.status:1895: creating tests/Makefile
config.status:1895: creating config.h
config.status:2076: config.h is unchanged
config.status:2124: executing depfiles commands
config.status:2201: cd .       && sed -e '/# am--include-marker/d' Makefile         | make -f - am--depfiles
make: Nothing to be done for 'am--depfiles'.
config.status:2206: $? = 0
config.status:2201: cd examples       && sed -e '/# am--include-marker/d' Makefile         | make -f - am--depfiles
make: Nothing to be done for 'am--depfiles'.
config.status:2206: $? = 0
config.status:2201: cd gl       && sed -e '/# am--include-marker/d' Makefile         | make -f - am--depfiles
make: Nothing to be done for 'am--depfiles'.
config.status:2206: $? = 0
config.status:2201: cd tests       && sed -e '/# am--include-marker/d' Makefile         | make -f - am--depfiles
make: Nothing to be done for 'am--depfiles'.
config.status:2206: $? = 0
config.status:2124: executing libtool commands
configure:25770: summary of build options:

  Libxml2   LIBS:  -lxml2
  Libxml2 CFLAGS:  -I/usr/include/libxml2
  XMLSEC enabled:  no crypto engine: 
  Xmlsec    LIBS:  
  Xmlsec  CFLAGS:  


## ---------------- ##
## Cache variables. ##
## ---------------- ##

ac_cv_build=x86_64-pc-linux-gnu
ac_cv_c_compiler_gnu=yes
ac_cv_c_restrict=__restrict__
ac_cv_c_undeclared_builtin_options='none needed'
ac_cv_env_CC_set=
ac_cv_env_CC_value=
ac_cv_env_CFLAGS_set=
ac_cv_env_CFLAGS_value=
ac_cv_env_CPPFLAGS_set=
ac_cv_env_CPPFLAGS_value=
ac_cv_env_CPP_set=
ac_cv_env_CPP_value=
ac_cv_env_GTKDOC_DEPS_CFLAGS_set=
ac_cv_env_GTKDOC_DEPS_CFLAGS_value=
ac_cv_env_GTKDOC_DEPS_LIBS_set=
ac_cv_env_GTKDOC_DEPS_LIBS_value=
ac_cv_env_LDFLAGS_set=
ac_cv_env_LDFLAGS_value=
ac_cv_env_LIBS_set=
ac_cv_env_LIBS_value=
ac_cv_env_LT_SYS_LIBRARY_PATH_set=
ac_cv_env_LT_SYS_LIBRARY_PATH_value=
ac_cv_env_PKG_CONFIG_LIBDIR_set=
ac_cv_env_PKG_CONFIG_LIBDIR_value=
ac_cv_env_PKG_CONFIG_PATH_set=
ac_cv_env_PKG_CONFIG_PATH_value=
ac_cv_env_PKG_CONFIG_set=
ac_cv_env_PKG_CONFIG_value=
ac_cv_env_VALGRINDFLAGS_set=
ac_cv_env_VALGRINDFLAGS_value=
ac_cv_env_XML2_CFLAGS_set=
ac_cv_env_XML2_CFLAGS_value=
ac_cv_env_XML2_LIBS_set=
ac_cv_env_XML2_LIBS_value=
ac_cv_env_XMLSEC_CFLAGS_set=
ac_cv_env_XMLSEC_CFLAGS_value=
ac_cv_env_XMLSEC_LIBS_set=
ac_cv_env_XMLSEC_LIBS_value=
ac_cv_env_build_alias_set=
ac_cv_env_build_alias_value=
ac_cv_env_host_alias_set=
ac_cv_env_host_alias_value=
ac_cv_env_target_alias_set=
ac_cv_env_target_alias_value=
ac_cv_func_calloc_0_nonnull=yes
ac_cv_func_localtime_r=yes
ac_cv_func_malloc_0_nonnull=yes
ac_cv_func_mmap=yes
ac_cv_func_mprotect=yes
ac_cv_func_realloc_0_nonnull=yes
ac_cv_func_reallocarray=yes
ac_cv_func_strcasecmp=yes
ac_cv_func_strncasecmp=yes
ac_cv_func_strptime=yes
ac_cv_func_strverscmp=yes
ac_cv_have_decl_ecvt=yes
ac_cv_have_decl_execvpe=yes
ac_cv_have_decl_fcvt=yes
ac_cv_have_decl_gcvt=yes
ac_cv_have_decl_localtime_r=yes
ac_cv_have_decl_strncasecmp=yes
ac_cv_have_decl_wcsdup=yes
ac_cv_header_crtdefs_h=no
ac_cv_header_dlfcn_h=yes
ac_cv_header_features_h=yes
ac_cv_header_inttypes_h=yes
ac_cv_header_limits_h=yes
ac_cv_header_minix_config_h=no
ac_cv_header_stdbool_h=yes
ac_cv_header_stdckdint_h=no
ac_cv_header_stdint_h=yes
ac_cv_header_stdio_h=yes
ac_cv_header_stdlib_h=yes
ac_cv_header_string_h=yes
ac_cv_header_strings_h=yes
ac_cv_header_sys_mman_h=yes
ac_cv_header_sys_socket_h=yes
ac_cv_header_sys_stat_h=yes
ac_cv_header_sys_time_h=yes
ac_cv_header_sys_types_h=yes
ac_cv_header_unistd_h=yes
ac_cv_header_wchar_h=yes
ac_cv_host=x86_64-pc-linux-gnu
ac_cv_member_struct_tm_tm_gmtoff=yes
ac_cv_objext=o
ac_cv_path_EGREP='/usr/bin/grep -E'
ac_cv_path_FGREP='/usr/bin/grep -F'
ac_cv_path_GREP=/usr/bin/grep
ac_cv_path_SED=/usr/bin/sed
ac_cv_path_XMLCATALOG=/usr/bin/xmlcatalog
ac_cv_path_ac_pt_PKG_CONFIG=/usr/bin/pkg-config
ac_cv_path_install='/usr/bin/install -c'
ac_cv_path_lt_DD=/usr/bin/dd
ac_cv_path_mkdir=/usr/bin/mkdir
ac_cv_prog_AWK=mawk
ac_cv_prog_CPP='gcc -E'
ac_cv_prog_VALGRIND=valgrind
ac_cv_prog_ac_ct_AR=ar
ac_cv_prog_ac_ct_CC=gcc
ac_cv_prog_ac_ct_FILECMD=file
ac_cv_prog_ac_ct_MANIFEST_TOOL=mt
ac_cv_prog_ac_ct_OBJDUMP=objdump
ac_cv_prog_ac_ct_RANLIB=ranlib
ac_cv_prog_ac_ct_STRIP=strip
ac_cv_prog_cc_c11=
ac_cv_prog_cc_g=yes
ac_cv_prog_cc_stdc=
ac_cv_prog_make_make_set=yes
ac_cv_safe_to_define___extensions__=yes
ac_cv_should_define__xopen_source=no
ac_cv_type_mode_t=yes
ac_cv_type_off_t=yes
ac_cv_type_pid_t=yes
am_cv_CC_dependencies_compiler_type=gcc3
am_cv_ar_interface=ar
am_cv_langinfo_codeset=yes
am_cv_make_support_nested_variables=yes
am_cv_prog_cc_c_o=yes
gl_cv_c___inline=yes
gl_cv_c_amsterdam_compiler=no
gl_cv_c_bool=no
gl_cv_c_multiarch=no
gl_cv_cc_vis_werror=yes
gl_cv_cc_visibility=yes
gl_cv_cc_wallow=-Wno-error
gl_cv_compiler_check_decl_option=none
gl_cv_compiler_clang=no
gl_cv_decl_null_works=yes
gl_cv_func_free_preserves_errno=yes
gl_cv_func_malloc_posix=yes
gl_cv_func_memchr_works=yes
gl_cv_func_unreachable=no
gl_cv_have___header_inline=no
gl_cv_have_include_next=yes
gl_cv_header_limits_ssize_max=yes
gl_cv_header_limits_width=yes
gl_cv_header_stdint_width=yes
gl_cv_header_stdint_without_STDC_macros=yes
gl_cv_header_wchar_h_correct_inline=yes
gl_cv_header_working_stdint_h=yes
gl_cv_macro_MB_CUR_MAX_good=yes
gl_cv_malloc_ptrdiff=yes
gl_cv_minmax_in_limits_h=no
gl_cv_minmax_in_sys_param_h=yes
gl_cv_next_inttypes_h='<inttypes.h>'
gl_cv_next_limits_h='<limits.h>'
gl_cv_next_stddef_h='<stddef.h>'
gl_cv_next_stdint_h='<stdint.h>'
gl_cv_next_stdlib_h='<stdlib.h>'
gl_cv_next_string_h='<string.h>'
gl_cv_next_strings_h='<strings.h>'
gl_cv_next_sys_time_h='<sys/time.h>'
gl_cv_next_sys_types_h='<sys/types.h>'
gl_cv_next_time_h='<time.h>'
gl_cv_next_unistd_h='<unistd.h>'
gl_cv_next_wchar_h='<wchar.h>'
gl_cv_onwards_func_reallocarray=yes
gl_cv_opt_valgrind_tests='-q --error-exitcode=1 --leak-check=full '
gl_cv_prog_valgrind_works=yes
gl_cv_source_line_length_unlimited=yes
gl_cv_ssize_t=yes
gl_cv_sys_ld_version_script=yes
gl_cv_sys_struct_timespec_in_time_h=yes
gl_cv_sys_struct_timeval=yes
gl_cv_sys_struct_timeval_tv_sec=yes
gl_cv_time_h_has_TIME_UTC=yes
gl_cv_time_r_posix=yes
gl_cv_type_max_align_t=yes
gl_cv_type_wint_t_large_enough=yes
gt_cv_c_wchar_t=yes
gt_cv_c_wint_t=yes
gt_cv_locale_fr_utf8=fr_FR.UTF-8
lt_cv_ar_at_file=@
lt_cv_archive_cmds_need_lc=no
lt_cv_deplibs_check_method=pass_all
lt_cv_file_magic_cmd='$MAGIC_CMD'
lt_cv_file_magic_test_file=
lt_cv_ld_reload_flag=-r
lt_cv_nm_interface='BSD nm'
lt_cv_objdir=.libs
lt_cv_path_LD=/usr/bin/ld
lt_cv_path_NM='/usr/bin/nm -B'
lt_cv_path_mainfest_tool=no
lt_cv_prog_compiler_c_o=yes
lt_cv_prog_compiler_pic='-fPIC -DPIC'
lt_cv_prog_compiler_pic_works=yes
lt_cv_prog_compiler_rtti_exceptions=no
lt_cv_prog_compiler_static_works=yes
lt_cv_prog_gnu_ld=yes
lt_cv_sharedlib_from_linklib_cmd='printf %s\n'
lt_cv_shlibpath_overrides_runpath=yes
lt_cv_sys_global_symbol_pipe='/usr/bin/sed -n -e '\''s/^.*[	 ]\([ABCDGIRSTW][ABCDGIRSTW]*\)[	 ][	 ]*\([_A-Za-z][_A-Za-z0-9]*\)$/\1 \2 \2/p'\'' | /usr/bin/sed '\''/ __gnu_lto/d'\'''
lt_cv_sys_global_symbol_to_c_name_address='/usr/bin/sed -n -e '\''s/^: \(.*\) .*$/  {"\1", (void *) 0},/p'\'' -e '\''s/^[ABCDGIRSTW][ABCDGIRSTW]* .* \(.*\)$/  {"\1", (void *) \&\1},/p'\'''
lt_cv_sys_global_symbol_to_c_name_address_lib_prefix='/usr/bin/sed -n -e '\''s/^: \(.*\) .*$/  {"\1", (void *) 0},/p'\'' -e '\''s/^[ABCDGIRSTW][ABCDGIRSTW]* .* \(lib.*\)$/  {"\1", (void *) \&\1},/p'\'' -e '\''s/^[ABCDGIRSTW][ABCDGIRSTW]* .* \(.*\)$/  {"lib\1", (void *) \&\1},/p'\'''
lt_cv_sys_global_symbol_to_cdecl='/usr/bin/sed -n -e '\''s/^T .* \(.*\)$/extern int \1();/p'\'' -e '\''s/^[ABCDGIRSTW][ABCDGIRSTW]* .* \(.*\)$/extern char \1;/p'\'''
lt_cv_sys_global_symbol_to_import=
lt_cv_sys_max_cmd_len=1572864
lt_cv_to_host_file_cmd=func_convert_file_noop
lt_cv_to_tool_file_cmd=func_convert_file_noop
lt_cv_truncate_bin='/usr/bin/dd bs=4096 count=1'
pkg_cv_GTKDOC_DEPS_CFLAGS='-I/usr/include/glib-2.0 -I/usr/lib/x86_64-linux-gnu/glib-2.0/include'
pkg_cv_GTKDOC_DEPS_LIBS='-lgobject-2.0 -lglib-2.0'
pkg_cv_XML2_CFLAGS=-I/usr/include/libxml2
pkg_cv_XML2_LIBS=-lxml2

## ----------------- ##
## Output variables. ##
## ----------------- ##

ACLOCAL='${SHELL} '\''/home/rficht/Documents/piscine_cyber/ft_otp/oath-toolkit-2.6.9/libpskc/build-aux/missing'\'' aclocal-1.16'
AMDEPBACKSLASH='\'
AMDEP_FALSE='#'
AMDEP_TRUE=''
AMTAR='$${TAR-tar}'
AM_BACKSLASH='\'
AM_DEFAULT_V='$(AM_DEFAULT_VERBOSITY)'
AM_DEFAULT_VERBOSITY='1'
AM_V='$(V)'
AM_VALGRINDFLAGS=''
APPLE_UNIVERSAL_BUILD='0'
AR='ar'
ARFLAGS='cr'
AS='as'
AUTOCONF='${SHELL} '\''/home/rficht/Documents/piscine_cyber/ft_otp/oath-toolkit-2.6.9/libpskc/build-aux/missing'\'' autoconf'
AUTOHEADER='${SHELL} '\''/home/rficht/Documents/piscine_cyber/ft_otp/oath-toolkit-2.6.9/libpskc/build-aux/missing'\'' autoheader'
AUTOMAKE='${SHELL} '\''/home/rficht/Documents/piscine_cyber/ft_otp/oath-toolkit-2.6.9/libpskc/build-aux/missing'\'' automake-1.16'
AWK='mawk'
BITSIZEOF_PTRDIFF_T=''
BITSIZEOF_SIG_ATOMIC_T=''
BITSIZEOF_SIZE_T=''
BITSIZEOF_WCHAR_T=''
BITSIZEOF_WINT_T=''
CC='gcc'
CCDEPMODE='depmode=gcc3'
CFLAGS='-g -O2'
CFLAG_VISIBILITY='-fvisibility=hidden'
CPP='gcc -E'
CPPFLAGS=''
CSCOPE='cscope'
CTAGS='ctags'
CYGPATH_W='echo'
DEFAULT_VALGRINDFLAGS='-q --error-exitcode=1 --leak-check=full'
DEFS='-DHAVE_CONFIG_H'
DEPDIR='.deps'
DLLTOOL='false'
DSYMUTIL=''
DUMPBIN=''
ECHO_C=''
ECHO_N='-n'
ECHO_T=''
EGREP='/usr/bin/grep -E'
ENABLE_GTK_DOC_FALSE=''
ENABLE_GTK_DOC_TRUE='#'
ETAGS='etags'
EXEEXT=''
FGREP='/usr/bin/grep -F'
FILECMD='file'
GL_CFLAG_ALLOW_WARNINGS='-Wno-error'
GL_CFLAG_GNULIB_WARNINGS=' -Wno-cast-qual -Wno-conversion -Wno-float-equal -Wno-sign-compare -Wno-undef -Wno-unused-function -Wno-unused-parameter -Wno-float-conversion -Wimplicit-fallthrough -Wno-pedantic -Wno-sign-conversion -Wno-type-limits -Wno-unsuffixed-float-constants'
GL_COND_LIBTOOL_FALSE='#'
GL_COND_LIBTOOL_TRUE=''
GL_COND_OBJ_FREE_FALSE=''
GL_COND_OBJ_FREE_TRUE='#'
GL_COND_OBJ_MEMCHR_FALSE=''
GL_COND_OBJ_MEMCHR_TRUE='#'
GL_COND_OBJ_REALLOCARRAY_FALSE=''
GL_COND_OBJ_REALLOCARRAY_TRUE='#'
GL_COND_OBJ_STRCASECMP_FALSE=''
GL_COND_OBJ_STRCASECMP_TRUE='#'
GL_COND_OBJ_STRNCASECMP_FALSE=''
GL_COND_OBJ_STRNCASECMP_TRUE='#'
GL_COND_OBJ_STRPTIME_FALSE=''
GL_COND_OBJ_STRPTIME_TRUE='#'
GL_COND_OBJ_STRVERSCMP_FALSE=''
GL_COND_OBJ_STRVERSCMP_TRUE='#'
GL_COND_OBJ_TIME_R_FALSE=''
GL_COND_OBJ_TIME_R_TRUE='#'
GL_CXXFLAG_ALLOW_WARNINGS=''
GL_GENERATE_LIMITS_H_FALSE='#'
GL_GENERATE_LIMITS_H_TRUE=''
GL_GENERATE_STDCKDINT_H_FALSE='#'
GL_GENERATE_STDCKDINT_H_TRUE=''
GL_GENERATE_STDDEF_H_FALSE='#'
GL_GENERATE_STDDEF_H_TRUE=''
GL_GENERATE_STDINT_H_FALSE=''
GL_GENERATE_STDINT_H_TRUE='#'
GL_GNULIB_ACCESS='0'
GL_GNULIB_ALIGNED_ALLOC='0'
GL_GNULIB_ATOLL='0'
GL_GNULIB_BTOWC='0'
GL_GNULIB_CALLOC_GNU='1'
GL_GNULIB_CALLOC_POSIX='1'
GL_GNULIB_CANONICALIZE_FILE_NAME='0'
GL_GNULIB_CHDIR='0'
GL_GNULIB_CHOWN='0'
GL_GNULIB_CLOSE='0'
GL_GNULIB_COPY_FILE_RANGE='0'
GL_GNULIB_CTIME='0'
GL_GNULIB_DUP2='0'
GL_GNULIB_DUP3='0'
GL_GNULIB_DUP='0'
GL_GNULIB_ENVIRON='0'
GL_GNULIB_EUIDACCESS='0'
GL_GNULIB_EXECL='0'
GL_GNULIB_EXECLE='0'
GL_GNULIB_EXECLP='0'
GL_GNULIB_EXECV='0'
GL_GNULIB_EXECVE='0'
GL_GNULIB_EXECVP='0'
GL_GNULIB_EXECVPE='0'
GL_GNULIB_EXPLICIT_BZERO='0'
GL_GNULIB_FACCESSAT='0'
GL_GNULIB_FCHDIR='0'
GL_GNULIB_FCHOWNAT='0'
GL_GNULIB_FDATASYNC='0'
GL_GNULIB_FFS='0'
GL_GNULIB_FFSL='0'
GL_GNULIB_FFSLL='0'
GL_GNULIB_FREE_POSIX='1'
GL_GNULIB_FSYNC='0'
GL_GNULIB_FTRUNCATE='0'
GL_GNULIB_GETCWD='0'
GL_GNULIB_GETDOMAINNAME='0'
GL_GNULIB_GETDTABLESIZE='0'
GL_GNULIB_GETENTROPY='0'
GL_GNULIB_GETGROUPS='0'
GL_GNULIB_GETHOSTNAME='0'
GL_GNULIB_GETLOADAVG='0'
GL_GNULIB_GETLOGIN='0'
GL_GNULIB_GETLOGIN_R='0'
GL_GNULIB_GETOPT_POSIX='0'
GL_GNULIB_GETPAGESIZE='0'
GL_GNULIB_GETPASS='0'
GL_GNULIB_GETPASS_GNU='0'
GL_GNULIB_GETPROGNAME='0'
GL_GNULIB_GETSUBOPT='0'
GL_GNULIB_GETTIMEOFDAY='0'
GL_GNULIB_GETUSERSHELL='0'
GL_GNULIB_GRANTPT='0'
GL_GNULIB_GROUP_MEMBER='0'
GL_GNULIB_IMAXABS='0'
GL_GNULIB_IMAXDIV='0'
GL_GNULIB_ISATTY='0'
GL_GNULIB_LCHOWN='0'
GL_GNULIB_LINK='0'
GL_GNULIB_LINKAT='0'
GL_GNULIB_LOCALTIME='0'
GL_GNULIB_LSEEK='0'
GL_GNULIB_MALLOC_GNU='1'
GL_GNULIB_MALLOC_POSIX='1'
GL_GNULIB_MBRLEN='0'
GL_GNULIB_MBRTOWC='0'
GL_GNULIB_MBSCASECMP='0'
GL_GNULIB_MBSCASESTR='0'
GL_GNULIB_MBSCHR='0'
GL_GNULIB_MBSCSPN='0'
GL_GNULIB_MBSINIT='0'
GL_GNULIB_MBSLEN='0'
GL_GNULIB_MBSNCASECMP='0'
GL_GNULIB_MBSNLEN='0'
GL_GNULIB_MBSNRTOWCS='0'
GL_GNULIB_MBSPBRK='0'
GL_GNULIB_MBSPCASECMP='0'
GL_GNULIB_MBSRCHR='0'
GL_GNULIB_MBSRTOWCS='0'
GL_GNULIB_MBSSEP='0'
GL_GNULIB_MBSSPN='0'
GL_GNULIB_MBSSTR='0'
GL_GNULIB_MBSTOK_R='0'
GL_GNULIB_MBSTOWCS='0'
GL_GNULIB_MBTOWC='0'
GL_GNULIB_MDA_ACCESS='1'
GL_GNULIB_MDA_CHDIR='1'
GL_GNULIB_MDA_CLOSE='1'
GL_GNULIB_MDA_DUP2='1'
GL_GNULIB_MDA_DUP='1'
GL_GNULIB_MDA_ECVT='1'
GL_GNULIB_MDA_EXECL='1'
GL_GNULIB_MDA_EXECLE='1'
GL_GNULIB_MDA_EXECLP='1'
GL_GNULIB_MDA_EXECV='1'
GL_GNULIB_MDA_EXECVE='1'
GL_GNULIB_MDA_EXECVP='1'
GL_GNULIB_MDA_EXECVPE='1'
GL_GNULIB_MDA_FCVT='1'
GL_GNULIB_MDA_GCVT='1'
GL_GNULIB_MDA_GETCWD='1'
GL_GNULIB_MDA_GETPID='1'
GL_GNULIB_MDA_ISATTY='1'
GL_GNULIB_MDA_LSEEK='1'
GL_GNULIB_MDA_MEMCCPY='1'
GL_GNULIB_MDA_MKTEMP='1'
GL_GNULIB_MDA_PUTENV='1'
GL_GNULIB_MDA_READ='1'
GL_GNULIB_MDA_RMDIR='1'
GL_GNULIB_MDA_STRDUP='1'
GL_GNULIB_MDA_SWAB='1'
GL_GNULIB_MDA_TZSET='1'
GL_GNULIB_MDA_UNLINK='1'
GL_GNULIB_MDA_WCSDUP='1'
GL_GNULIB_MDA_WRITE='1'
GL_GNULIB_MEMCHR='1'
GL_GNULIB_MEMMEM='0'
GL_GNULIB_MEMPCPY='0'
GL_GNULIB_MEMRCHR='0'
GL_GNULIB_MEMSET_EXPLICIT='0'
GL_GNULIB_MKDTEMP='0'
GL_GNULIB_MKOSTEMP='0'
GL_GNULIB_MKOSTEMPS='0'
GL_GNULIB_MKSTEMP='0'
GL_GNULIB_MKSTEMPS='0'
GL_GNULIB_MKTIME='0'
GL_GNULIB_NANOSLEEP='0'
GL_GNULIB_PIPE2='0'
GL_GNULIB_PIPE='0'
GL_GNULIB_POSIX_MEMALIGN='0'
GL_GNULIB_POSIX_OPENPT='0'
GL_GNULIB_PREAD='0'
GL_GNULIB_PTSNAME='0'
GL_GNULIB_PTSNAME_R='0'
GL_GNULIB_PUTENV='0'
GL_GNULIB_PWRITE='0'
GL_GNULIB_QSORT_R='0'
GL_GNULIB_RANDOM='0'
GL_GNULIB_RANDOM_R='0'
GL_GNULIB_RAWMEMCHR='0'
GL_GNULIB_READ='0'
GL_GNULIB_READLINK='0'
GL_GNULIB_READLINKAT='0'
GL_GNULIB_REALLOCARRAY='1'
GL_GNULIB_REALLOC_GNU='1'
GL_GNULIB_REALLOC_POSIX='1'
GL_GNULIB_REALPATH='0'
GL_GNULIB_RMDIR='0'
GL_GNULIB_RPMATCH='0'
GL_GNULIB_SECURE_GETENV='0'
GL_GNULIB_SETENV='0'
GL_GNULIB_SETHOSTNAME='0'
GL_GNULIB_SIGABBREV_NP='0'
GL_GNULIB_SIGDESCR_NP='0'
GL_GNULIB_SLEEP='0'
GL_GNULIB_STPCPY='0'
GL_GNULIB_STPNCPY='0'
GL_GNULIB_STRCASESTR='0'
GL_GNULIB_STRCHRNUL='0'
GL_GNULIB_STRDUP='0'
GL_GNULIB_STRERROR='0'
GL_GNULIB_STRERRORNAME_NP='0'
GL_GNULIB_STRERROR_R='0'
GL_GNULIB_STRFTIME='0'
GL_GNULIB_STRNCAT='0'
GL_GNULIB_STRNDUP='0'
GL_GNULIB_STRNLEN='0'
GL_GNULIB_STRPBRK='0'
GL_GNULIB_STRPTIME='1'
GL_GNULIB_STRSEP='0'
GL_GNULIB_STRSIGNAL='0'
GL_GNULIB_STRSTR='0'
GL_GNULIB_STRTOD='0'
GL_GNULIB_STRTOIMAX='0'
GL_GNULIB_STRTOK_R='0'
GL_GNULIB_STRTOL='0'
GL_GNULIB_STRTOLD='0'
GL_GNULIB_STRTOLL='0'
GL_GNULIB_STRTOUL='0'
GL_GNULIB_STRTOULL='0'
GL_GNULIB_STRTOUMAX='0'
GL_GNULIB_STRVERSCMP='1'
GL_GNULIB_SYMLINK='0'
GL_GNULIB_SYMLINKAT='0'
GL_GNULIB_SYSTEM_POSIX='0'
GL_GNULIB_TIME='0'
GL_GNULIB_TIMEGM='0'
GL_GNULIB_TIMESPEC_GET='0'
GL_GNULIB_TIMESPEC_GETRES='0'
GL_GNULIB_TIME_R='1'
GL_GNULIB_TIME_RZ='0'
GL_GNULIB_TRUNCATE='0'
GL_GNULIB_TTYNAME_R='0'
GL_GNULIB_TZSET='0'
GL_GNULIB_UNISTD_H_GETOPT='0'
GL_GNULIB_UNISTD_H_NONBLOCKING='0'
GL_GNULIB_UNISTD_H_SIGPIPE='0'
GL_GNULIB_UNLINK='0'
GL_GNULIB_UNLINKAT='0'
GL_GNULIB_UNLOCKPT='0'
GL_GNULIB_UNSETENV='0'
GL_GNULIB_USLEEP='0'
GL_GNULIB_WCPCPY='0'
GL_GNULIB_WCPNCPY='0'
GL_GNULIB_WCRTOMB='0'
GL_GNULIB_WCSCASECMP='0'
GL_GNULIB_WCSCAT='0'
GL_GNULIB_WCSCHR='0'
GL_GNULIB_WCSCMP='0'
GL_GNULIB_WCSCOLL='0'
GL_GNULIB_WCSCPY='0'
GL_GNULIB_WCSCSPN='0'
GL_GNULIB_WCSDUP='0'
GL_GNULIB_WCSFTIME='0'
GL_GNULIB_WCSLEN='0'
GL_GNULIB_WCSNCASECMP='0'
GL_GNULIB_WCSNCAT='0'
GL_GNULIB_WCSNCMP='0'
GL_GNULIB_WCSNCPY='0'
GL_GNULIB_WCSNLEN='0'
GL_GNULIB_WCSNRTOMBS='0'
GL_GNULIB_WCSPBRK='0'
GL_GNULIB_WCSRCHR='0'
GL_GNULIB_WCSRTOMBS='0'
GL_GNULIB_WCSSPN='0'
GL_GNULIB_WCSSTR='0'
GL_GNULIB_WCSTOK='0'
GL_GNULIB_WCSWIDTH='0'
GL_GNULIB_WCSXFRM='0'
GL_GNULIB_WCTOB='0'
GL_GNULIB_WCTOMB='0'
GL_GNULIB_WCWIDTH='0'
GL_GNULIB_WMEMCHR='0'
GL_GNULIB_WMEMCMP='0'
GL_GNULIB_WMEMCPY='0'
GL_GNULIB_WMEMMOVE='0'
GL_GNULIB_WMEMPCPY='0'
GL_GNULIB_WMEMSET='0'
GL_GNULIB_WRITE='0'
GL_GNULIB__EXIT='0'
GNULIBHEADERS_OVERRIDE_WINT_T='0'
GNULIB_GETTIMEOFDAY='0'
GREP='/usr/bin/grep'
GTKDOC_CHECK=''
GTKDOC_CHECK_PATH=''
GTKDOC_DEPS_CFLAGS='-I/usr/include/glib-2.0 -I/usr/lib/x86_64-linux-gnu/glib-2.0/include'
GTKDOC_DEPS_LIBS='-lgobject-2.0 -lglib-2.0'
GTKDOC_MKPDF=''
GTKDOC_REBASE='true'
GTK_DOC_BUILD_HTML_FALSE='#'
GTK_DOC_BUILD_HTML_TRUE=''
GTK_DOC_BUILD_PDF_FALSE=''
GTK_DOC_BUILD_PDF_TRUE='#'
GTK_DOC_USE_LIBTOOL_FALSE='#'
GTK_DOC_USE_LIBTOOL_TRUE=''
GTK_DOC_USE_REBASE_FALSE='#'
GTK_DOC_USE_REBASE_TRUE=''
HAVE_ALIGNED_ALLOC='1'
HAVE_ATOLL='1'
HAVE_BTOWC='1'
HAVE_C99_STDINT_H='1'
HAVE_CANONICALIZE_FILE_NAME='1'
HAVE_CHOWN='1'
HAVE_COPY_FILE_RANGE='1'
HAVE_CRTDEFS_H='0'
HAVE_DECL_ECVT='1'
HAVE_DECL_ENVIRON='1'
HAVE_DECL_EXECVPE='1'
HAVE_DECL_FCHDIR='1'
HAVE_DECL_FCVT='1'
HAVE_DECL_FDATASYNC='1'
HAVE_DECL_GCVT='1'
HAVE_DECL_GETDOMAINNAME='1'
HAVE_DECL_GETLOADAVG='1'
HAVE_DECL_GETLOGIN='1'
HAVE_DECL_GETLOGIN_R='1'
HAVE_DECL_GETPAGESIZE='1'
HAVE_DECL_GETUSERSHELL='1'
HAVE_DECL_IMAXABS='1'
HAVE_DECL_IMAXDIV='1'
HAVE_DECL_INITSTATE='1'
HAVE_DECL_LOCALTIME_R='1'
HAVE_DECL_MEMMEM='1'
HAVE_DECL_MEMRCHR='1'
HAVE_DECL_PROGRAM_INVOCATION_NAME='1'
HAVE_DECL_SETENV='1'
HAVE_DECL_SETHOSTNAME='1'
HAVE_DECL_SETSTATE='1'
HAVE_DECL_STRDUP='1'
HAVE_DECL_STRERROR_R='1'
HAVE_DECL_STRNCASECMP='1'
HAVE_DECL_STRNDUP='1'
HAVE_DECL_STRNLEN='1'
HAVE_DECL_STRSIGNAL='1'
HAVE_DECL_STRTOIMAX='1'
HAVE_DECL_STRTOK_R='1'
HAVE_DECL_STRTOUMAX='1'
HAVE_DECL_TRUNCATE='1'
HAVE_DECL_TTYNAME_R='1'
HAVE_DECL_UNSETENV='1'
HAVE_DECL_WCSDUP='1'
HAVE_DECL_WCTOB='1'
HAVE_DECL_WCWIDTH='1'
HAVE_DUP3='1'
HAVE_EUIDACCESS='1'
HAVE_EXECVPE='1'
HAVE_EXPLICIT_BZERO='1'
HAVE_FACCESSAT='1'
HAVE_FCHDIR='1'
HAVE_FCHOWNAT='1'
HAVE_FDATASYNC='1'
HAVE_FEATURES_H='1'
HAVE_FFS='1'
HAVE_FFSL='1'
HAVE_FFSLL='1'
HAVE_FSYNC='1'
HAVE_FTRUNCATE='1'
HAVE_GETDTABLESIZE='1'
HAVE_GETENTROPY='1'
HAVE_GETGROUPS='1'
HAVE_GETHOSTNAME='1'
HAVE_GETLOGIN='1'
HAVE_GETPAGESIZE='1'
HAVE_GETPASS='1'
HAVE_GETPROGNAME='1'
HAVE_GETSUBOPT='1'
HAVE_GETTIMEOFDAY='1'
HAVE_GRANTPT='1'
HAVE_GROUP_MEMBER='1'
HAVE_GTK_DOC_FALSE=''
HAVE_GTK_DOC_TRUE='#'
HAVE_IMAXABS='1'
HAVE_IMAXDIV='1'
HAVE_IMAXDIV_T='1'
HAVE_INITSTATE='1'
HAVE_INTTYPES_H='1'
HAVE_LCHOWN='1'
HAVE_LD_VERSION_SCRIPT_FALSE='#'
HAVE_LD_VERSION_SCRIPT_TRUE=''
HAVE_LINK='1'
HAVE_LINKAT='1'
HAVE_MAX_ALIGN_T='1'
HAVE_MBRLEN='1'
HAVE_MBRTOWC='1'
HAVE_MBSINIT='1'
HAVE_MBSLEN='0'
HAVE_MBSNRTOWCS='1'
HAVE_MBSRTOWCS='1'
HAVE_MBTOWC='1'
HAVE_MEMPCPY='1'
HAVE_MEMSET_EXPLICIT='1'
HAVE_MKDTEMP='1'
HAVE_MKOSTEMP='1'
HAVE_MKOSTEMPS='1'
HAVE_MKSTEMP='1'
HAVE_MKSTEMPS='1'
HAVE_NANOSLEEP='1'
HAVE_OS_H='0'
HAVE_PIPE2='1'
HAVE_PIPE='1'
HAVE_POSIX_MEMALIGN='1'
HAVE_POSIX_OPENPT='1'
HAVE_PREAD='1'
HAVE_PTSNAME='1'
HAVE_PTSNAME_R='1'
HAVE_PWRITE='1'
HAVE_QSORT_R='1'
HAVE_RANDOM='1'
HAVE_RANDOM_H='1'
HAVE_RANDOM_R='1'
HAVE_RAWMEMCHR='1'
HAVE_READLINK='1'
HAVE_READLINKAT='1'
HAVE_REALLOCARRAY='1'
HAVE_REALPATH='1'
HAVE_RPMATCH='1'
HAVE_SECURE_GETENV='1'
HAVE_SETENV='1'
HAVE_SETHOSTNAME='1'
HAVE_SETSTATE='1'
HAVE_SIGABBREV_NP='1'
HAVE_SIGDESCR_NP='1'
HAVE_SIGNED_SIG_ATOMIC_T=''
HAVE_SIGNED_WCHAR_T=''
HAVE_SIGNED_WINT_T=''
HAVE_SLEEP='1'
HAVE_STDINT_H='1'
HAVE_STPCPY='1'
HAVE_STPNCPY='1'
HAVE_STRCASECMP='1'
HAVE_STRCASESTR='1'
HAVE_STRCHRNUL='1'
HAVE_STRERRORNAME_NP='1'
HAVE_STRINGS_H='1'
HAVE_STRPBRK='1'
HAVE_STRPTIME='1'
HAVE_STRSEP='1'
HAVE_STRTOD='1'
HAVE_STRTOL='1'
HAVE_STRTOLD='1'
HAVE_STRTOLL='1'
HAVE_STRTOUL='1'
HAVE_STRTOULL='1'
HAVE_STRUCT_RANDOM_DATA='1'
HAVE_STRUCT_TIMEVAL='1'
HAVE_STRVERSCMP='1'
HAVE_SYMLINK='1'
HAVE_SYMLINKAT='1'
HAVE_SYS_BITYPES_H='0'
HAVE_SYS_INTTYPES_H='0'
HAVE_SYS_LOADAVG_H='0'
HAVE_SYS_PARAM_H='0'
HAVE_SYS_TIME_H='1'
HAVE_SYS_TYPES_H='1'
HAVE_TIMEGM='1'
HAVE_TIMESPEC_GET='1'
HAVE_TIMESPEC_GETRES='1'
HAVE_TIMEZONE_T='0'
HAVE_UNISTD_H='1'
HAVE_UNLINKAT='1'
HAVE_UNLOCKPT='1'
HAVE_USLEEP='1'
HAVE_VISIBILITY='1'
HAVE_WCHAR_H='1'
HAVE_WCHAR_T='1'
HAVE_WCPCPY='1'
HAVE_WCPNCPY='1'
HAVE_WCRTOMB='1'
HAVE_WCSCASECMP='1'
HAVE_WCSCAT='1'
HAVE_WCSCHR='1'
HAVE_WCSCMP='1'
HAVE_WCSCOLL='1'
HAVE_WCSCPY='1'
HAVE_WCSCSPN='1'
HAVE_WCSDUP='1'
HAVE_WCSFTIME='1'
HAVE_WCSLEN='1'
HAVE_WCSNCASECMP='1'
HAVE_WCSNCAT='1'
HAVE_WCSNCMP='1'
HAVE_WCSNCPY='1'
HAVE_WCSNLEN='1'
HAVE_WCSNRTOMBS='1'
HAVE_WCSPBRK='1'
HAVE_WCSRCHR='1'
HAVE_WCSRTOMBS='1'
HAVE_WCSSPN='1'
HAVE_WCSSTR='1'
HAVE_WCSTOK='1'
HAVE_WCSWIDTH='1'
HAVE_WCSXFRM='1'
HAVE_WINSOCK2_H='0'
HAVE_WINT_T='1'
HAVE_WMEMCHR='1'
HAVE_WMEMCMP='1'
HAVE_WMEMCPY='1'
HAVE_WMEMMOVE='1'
HAVE_WMEMPCPY='1'
HAVE_WMEMSET='1'
HAVE__EXIT='1'
HTML_DIR='${datadir}/gtk-doc/html'
INCLUDE_NEXT='include_next'
INCLUDE_NEXT_AS_FIRST_DIRECTIVE='include_next'
INSTALL_DATA='${INSTALL} -m 644'
INSTALL_PROGRAM='${INSTALL}'
INSTALL_SCRIPT='${INSTALL}'
INSTALL_STRIP_PROGRAM='$(install_sh) -c -s'
INT32_MAX_LT_INTMAX_MAX='1'
INT64_MAX_EQ_LONG_MAX='defined _LP64'
LC_COLLATE_IMPLEMENTED='true'
LC_MONETARY_IMPLEMENTED='true'
LC_NUMERIC_IMPLEMENTED='true'
LC_TIME_IMPLEMENTED='true'
LD='/usr/bin/ld -m elf_x86_64'
LDFLAGS=''
LIBOBJS=''
LIBS=''
LIBTESTS_LIBDEPS=''
LIBTOOL='$(SHELL) $(top_builddir)/libtool'
LIMITS_H='limits.h'
LIPO=''
LN_S='ln -s'
LOCALE_FR_UTF8='fr_FR.UTF-8'
LOG_VALGRIND='$(VALGRIND_PROGRAM) $(DEFAULT_VALGRINDFLAGS) $(VALGRINDFLAGS) $(AM_VALGRINDFLAGS)'
LTLIBOBJS=''
LT_AGE='0'
LT_CURRENT='0'
LT_REVISION='1'
LT_SYS_LIBRARY_PATH=''
MAKEINFO='${SHELL} '\''/home/rficht/Documents/piscine_cyber/ft_otp/oath-toolkit-2.6.9/libpskc/build-aux/missing'\'' makeinfo'
MANIFEST_TOOL=':'
MKDIR_P='/usr/bin/mkdir -p'
NEXT_AS_FIRST_DIRECTIVE_INTTYPES_H='<inttypes.h>'
NEXT_AS_FIRST_DIRECTIVE_LIMITS_H='<limits.h>'
NEXT_AS_FIRST_DIRECTIVE_STDDEF_H='<stddef.h>'
NEXT_AS_FIRST_DIRECTIVE_STDINT_H='<stdint.h>'
NEXT_AS_FIRST_DIRECTIVE_STDLIB_H='<stdlib.h>'
NEXT_AS_FIRST_DIRECTIVE_STRINGS_H='<strings.h>'
NEXT_AS_FIRST_DIRECTIVE_STRING_H='<string.h>'
NEXT_AS_FIRST_DIRECTIVE_SYS_TIME_H='<sys/time.h>'
NEXT_AS_FIRST_DIRECTIVE_SYS_TYPES_H='<sys/types.h>'
NEXT_AS_FIRST_DIRECTIVE_TIME_H='<time.h>'
NEXT_AS_FIRST_DIRECTIVE_UNISTD_H='<unistd.h>'
NEXT_AS_FIRST_DIRECTIVE_WCHAR_H='<wchar.h>'
NEXT_INTTYPES_H='<inttypes.h>'
NEXT_LIMITS_H='<limits.h>'
NEXT_STDDEF_H='<stddef.h>'
NEXT_STDINT_H='<stdint.h>'
NEXT_STDLIB_H='<stdlib.h>'
NEXT_STRINGS_H='<strings.h>'
NEXT_STRING_H='<string.h>'
NEXT_SYS_TIME_H='<sys/time.h>'
NEXT_SYS_TYPES_H='<sys/types.h>'
NEXT_TIME_H='<time.h>'
NEXT_UNISTD_H='<unistd.h>'
NEXT_WCHAR_H='<wchar.h>'
NM='/usr/bin/nm -B'
NMEDIT=''
OBJDUMP='objdump'
OBJEXT='o'
OTOOL64=''
OTOOL=''
PACKAGE='libpskc'
PACKAGE_BUGREPORT='oath-toolkit-help@nongnu.org'
PACKAGE_NAME='libpskc'
PACKAGE_STRING='libpskc 2.6.9'
PACKAGE_TARNAME='libpskc'
PACKAGE_URL='https://www.nongnu.org/oath-toolkit/'
PACKAGE_VERSION='2.6.9'
PATH_SEPARATOR=':'
PKG_CONFIG='/usr/bin/pkg-config'
PKG_CONFIG_LIBDIR=''
PKG_CONFIG_PATH=''
PRAGMA_COLUMNS=''
PRAGMA_SYSTEM_HEADER='#pragma GCC system_header'
PRIPTR_PREFIX='__PRIPTR_PREFIX'
PTHREAD_H_DEFINES_STRUCT_TIMESPEC='0'
PTRDIFF_T_SUFFIX=''
RANLIB='ranlib'
REPLACE_ACCESS='0'
REPLACE_ALIGNED_ALLOC='0'
REPLACE_BTOWC='0'
REPLACE_CALLOC_FOR_CALLOC_GNU='0'
REPLACE_CALLOC_FOR_CALLOC_POSIX='0'
REPLACE_CANONICALIZE_FILE_NAME='0'
REPLACE_CHOWN='0'
REPLACE_CLOSE='0'
REPLACE_COPY_FILE_RANGE='0'
REPLACE_CTIME='GNULIB_PORTCHECK'
REPLACE_DUP2='0'
REPLACE_DUP3='0'
REPLACE_DUP='0'
REPLACE_EXECL='0'
REPLACE_EXECLE='0'
REPLACE_EXECLP='0'
REPLACE_EXECV='0'
REPLACE_EXECVE='0'
REPLACE_EXECVP='0'
REPLACE_EXECVPE='0'
REPLACE_FACCESSAT='0'
REPLACE_FCHOWNAT='0'
REPLACE_FDATASYNC='0'
REPLACE_FFSLL='0'
REPLACE_FREE='0'
REPLACE_FTRUNCATE='0'
REPLACE_GETCWD='0'
REPLACE_GETDOMAINNAME='0'
REPLACE_GETDTABLESIZE='0'
REPLACE_GETENTROPY='0'
REPLACE_GETGROUPS='0'
REPLACE_GETLOADAVG='0'
REPLACE_GETLOGIN_R='0'
REPLACE_GETPAGESIZE='0'
REPLACE_GETPASS='0'
REPLACE_GETPASS_FOR_GETPASS_GNU='0'
REPLACE_GETPROGNAME='0'
REPLACE_GETSUBOPT='0'
REPLACE_GETTIMEOFDAY='0'
REPLACE_GMTIME='0'
REPLACE_IMAXABS='0'
REPLACE_IMAXDIV='0'
REPLACE_INITSTATE='0'
REPLACE_ISATTY='0'
REPLACE_LCHOWN='0'
REPLACE_LINK='0'
REPLACE_LINKAT='0'
REPLACE_LOCALTIME='0'
REPLACE_LOCALTIME_R='0'
REPLACE_LSEEK='0'
REPLACE_MALLOC_FOR_MALLOC_GNU='0'
REPLACE_MALLOC_FOR_MALLOC_POSIX='0'
REPLACE_MBRLEN='0'
REPLACE_MBRTOWC='0'
REPLACE_MBSINIT='0'
REPLACE_MBSNRTOWCS='0'
REPLACE_MBSRTOWCS='0'
REPLACE_MBSTATE_T='0'
REPLACE_MBSTOWCS='0'
REPLACE_MBTOWC='0'
REPLACE_MB_CUR_MAX='0'
REPLACE_MEMCHR='0'
REPLACE_MEMMEM='0'
REPLACE_MEMPCPY='0'
REPLACE_MKOSTEMP='0'
REPLACE_MKOSTEMPS='0'
REPLACE_MKSTEMP='0'
REPLACE_MKTIME='GNULIB_PORTCHECK'
REPLACE_NANOSLEEP='GNULIB_PORTCHECK'
REPLACE_NULL='0'
REPLACE_PIPE2='0'
REPLACE_POSIX_MEMALIGN='0'
REPLACE_POSIX_OPENPT='0'
REPLACE_PREAD='0'
REPLACE_PTSNAME='0'
REPLACE_PTSNAME_R='0'
REPLACE_PUTENV='0'
REPLACE_PWRITE='0'
REPLACE_QSORT_R='0'
REPLACE_RANDOM='0'
REPLACE_RANDOM_R='0'
REPLACE_READ='0'
REPLACE_READLINK='0'
REPLACE_READLINKAT='0'
REPLACE_REALLOCARRAY='0'
REPLACE_REALLOC_FOR_REALLOC_GNU='0'
REPLACE_REALLOC_FOR_REALLOC_POSIX='0'
REPLACE_REALPATH='0'
REPLACE_RMDIR='0'
REPLACE_SETENV='0'
REPLACE_SETHOSTNAME='0'
REPLACE_SETSTATE='0'
REPLACE_SLEEP='0'
REPLACE_STPCPY='0'
REPLACE_STPNCPY='0'
REPLACE_STRCASESTR='0'
REPLACE_STRCHRNUL='0'
REPLACE_STRDUP='0'
REPLACE_STRERROR='0'
REPLACE_STRERRORNAME_NP='0'
REPLACE_STRERROR_R='0'
REPLACE_STRFTIME='GNULIB_PORTCHECK'
REPLACE_STRNCAT='0'
REPLACE_STRNDUP='0'
REPLACE_STRNLEN='0'
REPLACE_STRSIGNAL='0'
REPLACE_STRSTR='0'
REPLACE_STRTOD='0'
REPLACE_STRTOIMAX='0'
REPLACE_STRTOK_R='0'
REPLACE_STRTOL='0'
REPLACE_STRTOLD='0'
REPLACE_STRTOLL='0'
REPLACE_STRTOUL='0'
REPLACE_STRTOULL='0'
REPLACE_STRTOUMAX='0'
REPLACE_STRUCT_TIMEVAL='0'
REPLACE_SYMLINK='0'
REPLACE_SYMLINKAT='0'
REPLACE_TIME='0'
REPLACE_TIMEGM='GNULIB_PORTCHECK'
REPLACE_TIMESPEC_GET='GNULIB_PORTCHECK'
REPLACE_TRUNCATE='0'
REPLACE_TTYNAME_R='0'
REPLACE_TZSET='GNULIB_PORTCHECK'
REPLACE_UNLINK='0'
REPLACE_UNLINKAT='0'
REPLACE_UNSETENV='0'
REPLACE_USLEEP='0'
REPLACE_WCRTOMB='0'
REPLACE_WCSCMP='0'
REPLACE_WCSFTIME='0'
REPLACE_WCSNCMP='0'
REPLACE_WCSNRTOMBS='0'
REPLACE_WCSRTOMBS='0'
REPLACE_WCSSTR='0'
REPLACE_WCSTOK='0'
REPLACE_WCSWIDTH='0'
REPLACE_WCTOB='0'
REPLACE_WCTOMB='0'
REPLACE_WCWIDTH='0'
REPLACE_WMEMCMP='0'
REPLACE_WMEMPCPY='0'
REPLACE_WRITE='0'
REPLACE__EXIT='0'
SED='/usr/bin/sed'
SET_MAKE=''
SHELL='/bin/bash'
SIG_ATOMIC_T_SUFFIX=''
SIZE_T_SUFFIX=''
STDCKDINT_H='stdckdint.h'
STDDEF_H='stddef.h'
STDINT_H=''
STRIP='strip'
SYS_TIME_H_DEFINES_STRUCT_TIMESPEC='0'
TIME_H_DEFINES_STRUCT_TIMESPEC='1'
TIME_H_DEFINES_TIME_UTC='1'
UINT32_MAX_LT_UINTMAX_MAX='1'
UINT64_MAX_EQ_ULONG_MAX='defined _LP64'
UNDEFINE_STRTOK_R='0'
UNISTD_H_DEFINES_STRUCT_TIMESPEC='0'
UNISTD_H_HAVE_SYS_RANDOM_H='0'
UNISTD_H_HAVE_WINSOCK2_H='0'
UNISTD_H_HAVE_WINSOCK2_H_AND_USE_SOCKETS='0'
VALGRIND='valgrind -q --error-exitcode=1 --leak-check=full '
VALGRINDFLAGS=''
VALGRIND_PROGRAM='valgrind'
VERSION='2.6.9'
VERSION_NUMBER='0x02060900'
WARN_CFLAGS=''
WCHAR_T_SUFFIX=''
WERROR_CFLAGS=''
WINDOWS_64_BIT_OFF_T='0'
WINDOWS_STAT_INODES='0'
WINT_T_SUFFIX=''
XML2_CFLAGS='-I/usr/include/libxml2'
XML2_LIBS='-lxml2'
XMLCATALOG='/usr/bin/xmlcatalog'
XMLSEC_CFLAGS=''
XMLSEC_LIBS=''
ac_ct_AR='ar'
ac_ct_CC='gcc'
ac_ct_DUMPBIN=''
am__EXEEXT_FALSE=''
am__EXEEXT_TRUE='#'
am__fastdepCC_FALSE='#'
am__fastdepCC_TRUE=''
am__include='include'
am__isrc=''
am__leading_dot='.'
am__nodep='_no'
am__quote=''
am__tar='$${TAR-tar} chof - "$$tardir"'
am__untar='$${TAR-tar} xf -'
bindir='${exec_prefix}/bin'
build='x86_64-pc-linux-gnu'
build_alias=''
build_cpu='x86_64'
build_os='linux-gnu'
build_vendor='pc'
datadir='${datarootdir}'
datarootdir='${prefix}/share'
docdir='${datarootdir}/doc/${PACKAGE_TARNAME}'
dvidir='${docdir}'
exec_prefix='${prefix}'
gl_LIBOBJDEPS=''
gl_LIBOBJS=''
gl_LTLIBOBJS=''
gltests_LIBOBJDEPS=''
gltests_LIBOBJS=''
gltests_LTLIBOBJS=''
gltests_WITNESS='IN_LIBPSKC_GNULIB_TESTS'
host='x86_64-pc-linux-gnu'
host_alias=''
host_cpu='x86_64'
host_os='linux-gnu'
host_vendor='pc'
htmldir='${docdir}'
includedir='${prefix}/include'
infodir='${datarootdir}/info'
install_sh='${SHELL} /home/rficht/Documents/piscine_cyber/ft_otp/oath-toolkit-2.6.9/libpskc/build-aux/install-sh'
libdir='${exec_prefix}/lib'
libexecdir='${exec_prefix}/libexec'
localedir='${datarootdir}/locale'
localstatedir='${prefix}/var'
mandir='${datarootdir}/man'
mkdir_p='$(MKDIR_P)'
oldincludedir='/usr/include'
pdfdir='${docdir}'
prefix='/home/rficht/.local'
program_transform_name='s,x,x,'
psdir='${docdir}'
pskcschemadir='$(datarootdir)/xml/pskc'
runstatedir='${localstatedir}/run'
sbindir='${exec_prefix}/sbin'
sharedstatedir='${prefix}/com'
sysconfdir='${prefix}/etc'
target_alias=''

## ----------- ##
## confdefs.h. ##
## ----------- ##

/* confdefs.h */
#define PACKAGE_NAME "libpskc"
#define PACKAGE_TARNAME "libpskc"
#define PACKAGE_VERSION "2.6.9"
#define PACKAGE_STRING "libpskc 2.6.9"
#define PACKAGE_BUGREPORT "oath-toolkit-help@nongnu.org"
#define PACKAGE_URL "https://www.nongnu.org/oath-toolkit/"
#define PACKAGE "libpskc"
#define VERSION "2.6.9"
#define HAVE_STDIO_H 1
#define HAVE_STDLIB_H 1
#define HAVE_STRING_H 1
#define HAVE_INTTYPES_H 1
#define HAVE_STDINT_H 1
#define HAVE_STRINGS_H 1
#define HAVE_SYS_STAT_H 1
#define HAVE_SYS_TYPES_H 1
#define HAVE_UNISTD_H 1
#define HAVE_WCHAR_H 1
#define HAVE_LIMITS_H 1
#define HAVE_SYS_MMAN_H 1
#define HAVE_STDBOOL_H 1
#define HAVE_SYS_TIME_H 1
#define HAVE_SYS_SOCKET_H 1
#define HAVE_FEATURES_H 1
#define STDC_HEADERS 1
#define _ALL_SOURCE 1
#define _DARWIN_C_SOURCE 1
#define _GNU_SOURCE 1
#define _HPUX_ALT_XOPEN_SOCKET_API 1
#define _NETBSD_SOURCE 1
#define _OPENBSD_SOURCE 1
#define _POSIX_PTHREAD_SEMANTICS 1
#define __STDC_WANT_IEC_60559_ATTRIBS_EXT__ 1
#define __STDC_WANT_IEC_60559_BFP_EXT__ 1
#define __STDC_WANT_IEC_60559_DFP_EXT__ 1
#define __STDC_WANT_IEC_60559_EXT__ 1
#define __STDC_WANT_IEC_60559_FUNCS_EXT__ 1
#define __STDC_WANT_IEC_60559_TYPES_EXT__ 1
#define __STDC_WANT_LIB_EXT2__ 1
#define __STDC_WANT_MATH_SPEC_FUNCS__ 1
#define _TANDEM_SOURCE 1
#define __EXTENSIONS__ 1
#define HAVE_DLFCN_H 1
#define LT_OBJDIR ".libs/"
#define restrict __restrict__
#define HAVE_MALLOC_POSIX 1
#define HAVE_WINT_T 1
#define HAVE_LONG_LONG_INT 1
#define HAVE_UNSIGNED_LONG_LONG_INT 1
#define HAVE_MAP_ANONYMOUS 1
#define HAVE_MPROTECT 1
#define HAVE_STRPTIME 1
#define HAVE_LOCALTIME_R 1
#define HAVE_MINMAX_IN_SYS_PARAM_H 1
#define HAVE_WCHAR_T 1
#define HAVE_LANGINFO_CODESET 1
#define HAVE_DECL_ECVT 1
#define HAVE_DECL_FCVT 1
#define HAVE_DECL_GCVT 1
#define HAVE_TM_GMTOFF 1
#define _USE_STD_STAT 1
#define HAVE_DECL_EXECVPE 1
#define HAVE_DECL_WCSDUP 1
#define GNULIB_TEST_CALLOC_GNU 1
#define GNULIB_TEST_CALLOC_POSIX 1
#define HAVE_FREE_POSIX 1
#define GNULIB_TEST_FREE_POSIX 1
#define HAVE_VISIBILITY 1
#define HAVE___INLINE 1
#define GNULIB_TEST_MALLOC_GNU 1
#define GNULIB_TEST_MALLOC_POSIX 1
#define GNULIB_TEST_MEMCHR 1
#define GNULIB_TEST_REALLOC_GNU 1
#define GNULIB_TEST_REALLOC_POSIX 1
#define HAVE_REALLOCARRAY 1
#define GNULIB_REALLOCARRAY 1
#define GNULIB_TEST_REALLOCARRAY 1
#define HAVE_STRCASECMP 1
#define HAVE_STRNCASECMP 1
#define HAVE_DECL_STRNCASECMP 1
#define GNULIB_TEST_STRPTIME 1
#define HAVE_STRVERSCMP 1
#define GNULIB_TEST_STRVERSCMP 1
#define HAVE_DECL_LOCALTIME_R 1
#define GNULIB_TEST_TIME_R 1

configure: exit 0
