This file contains any messages produced by compilers while
running configure, to aid debugging if configure makes a mistake.

It was created by libpskc configure 2.6.11, which was
generated by GNU Autoconf 2.71.  Invocation command line was

  $ ./configure --disable-option-checking --prefix=/home/rficht/.local --cache-file=/dev/null --srcdir=.

## --------- ##
## Platform. ##
## --------- ##

hostname = k2r2p8.42mulhouse.fr
uname -m = x86_64
uname -r = 6.6.52-1-t2-jammy
uname -s = Linux
uname -v = #1 SMP PREEMPT_DYNAMIC Thu Sep 19 01:59:31 UTC 2024

/usr/bin/uname -p = x86_64
/bin/uname -X     = unknown

/bin/arch              = x86_64
/usr/bin/arch -k       = unknown
/usr/convex/getsysinfo = unknown
/usr/bin/hostinfo      = unknown
/bin/machine           = unknown
/usr/bin/oslevel       = unknown
/bin/universe          = unknown

PATH: /home/rficht/bin/
PATH: /usr/local/sbin/
PATH: /usr/local/bin/
PATH: /usr/sbin/
PATH: /usr/bin/
PATH: /sbin/
PATH: /bin/
PATH: /usr/games/
PATH: /usr/local/games/
PATH: /snap/bin/
PATH: /home/rficht/.dotnet/tools/


## ----------- ##
## Core tests. ##
## ----------- ##

configure:3605: looking for aux files: ltmain.sh ar-lib config.guess config.sub compile missing install-sh
configure:3618:  trying ./build-aux/
configure:3647:   ./build-aux/ltmain.sh found
configure:3647:   ./build-aux/ar-lib found
configure:3647:   ./build-aux/config.guess found
configure:3647:   ./build-aux/config.sub found
configure:3647:   ./build-aux/compile found
configure:3647:   ./build-aux/missing found
configure:3629:   ./build-aux/install-sh found
configure:3795: checking for a BSD-compatible install
configure:3868: result: /usr/bin/install -c
configure:3879: checking whether build environment is sane
configure:3934: result: yes
configure:4093: checking for a race-free mkdir -p
configure:4137: result: /usr/bin/mkdir -p
configure:4144: checking for gawk
configure:4179: result: no
configure:4144: checking for mawk
configure:4165: found /usr/bin/mawk
configure:4176: result: mawk
configure:4187: checking whether make sets $(MAKE)
configure:4210: result: yes
configure:4240: checking whether make supports nested variables
configure:4258: result: yes
configure:4457: checking for gcc
configure:4478: found /usr/bin/gcc
configure:4489: result: gcc
configure:4842: checking for C compiler version
configure:4851: gcc --version >&5
gcc (Ubuntu 10.5.0-1ubuntu1~22.04) 10.5.0
Copyright (C) 2020 Free Software Foundation, Inc.
This is free software; see the source for copying conditions.  There is NO
warranty; not even for MERCHANTABILITY or FITNESS FOR A PARTICULAR PURPOSE.

configure:4862: $? = 0
configure:4851: gcc -v >&5
Using built-in specs.
COLLECT_GCC=gcc
COLLECT_LTO_WRAPPER=/usr/lib/gcc/x86_64-linux-gnu/10/lto-wrapper
Target: x86_64-linux-gnu
Configured with: ../src/configure -v --with-pkgversion='Ubuntu 10.5.0-1ubuntu1~22.04' --with-bugurl=file:///usr/share/doc/gcc-10/README.Bugs --enable-languages=c,ada,c++,go,brig,d,fortran,objc,obj-c++,m2 --prefix=/usr --with-gcc-major-version-only --program-suffix=-10 --program-prefix=x86_64-linux-gnu- --enable-shared --enable-linker-build-id --libexecdir=/usr/lib --without-included-gettext --enable-threads=posix --libdir=/usr/lib --enable-nls --enable-bootstrap --enable-clocale=gnu --enable-libstdcxx-debug --enable-libstdcxx-time=yes --with-default-libstdcxx-abi=new --enable-gnu-unique-object --disable-vtable-verify --enable-plugin --enable-default-pie --with-system-zlib --enable-libphobos-checking=release --with-target-system-zlib=auto --enable-objc-gc=auto --enable-multiarch --disable-werror --with-arch-32=i686 --with-abi=m64 --with-multilib-list=m32,m64,mx32 --enable-multilib --with-tune=generic --enable-offload-targets=hsa --without-cuda-driver --enable-checking=release --build=x86_64-linux-gnu --host=x86_64-linux-gnu --target=x86_64-linux-gnu --with-build-config=bootstrap-lto-lean --enable-link-mutex
Thread model: posix
Supported LTO compression algorithms: zlib zstd
gcc version 10.5.0 (Ubuntu 10.5.0-1ubuntu1~22.04) 
configure:4862: $? = 0
configure:4851: gcc -V >&5
gcc: error: unrecognized command-line option '-V'
gcc: fatal error: no input files
compilation terminated.
configure:4862: $? = 1
configure:4851: gcc -qversion >&5
gcc: error: unrecognized command-line option '-qversion'; did you mean '--version'?
gcc: fatal error: no input files
compilation terminated.
configure:4862: $? = 1
configure:4851: gcc -version >&5
gcc: error: unrecognized command-line option '-version'
gcc: fatal error: no input files
compilation terminated.
configure:4862: $? = 1
configure:4882: checking whether the C compiler works
configure:4904: gcc    conftest.c  >&5
configure:4908: $? = 0
configure:4958: result: yes
configure:4961: checking for C compiler default output file name
configure:4963: result: a.out
configure:4969: checking for suffix of executables
configure:4976: gcc -o conftest    conftest.c  >&5
configure:4980: $? = 0
configure:5003: result: 
configure:5025: checking whether we are cross compiling
configure:5033: gcc -o conftest    conftest.c  >&5
configure:5037: $? = 0
configure:5044: ./conftest
configure:5048: $? = 0
configure:5063: result: no
configure:5068: checking for suffix of object files
configure:5091: gcc -c   conftest.c >&5
configure:5095: $? = 0
configure:5117: result: o
configure:5121: checking whether the compiler supports GNU C
configure:5141: gcc -c   conftest.c >&5
configure:5141: $? = 0
configure:5151: result: yes
configure:5162: checking whether gcc accepts -g
configure:5183: gcc -c -g  conftest.c >&5
configure:5183: $? = 0
configure:5227: result: yes
configure:5247: checking for gcc option to enable C11 features
configure:5262: gcc  -c -g -O2  conftest.c >&5
configure:5262: $? = 0
configure:5280: result: none needed
configure:5396: checking whether gcc understands -c and -o together
configure:5419: gcc -c conftest.c -o conftest2.o
configure:5422: $? = 0
configure:5419: gcc -c conftest.c -o conftest2.o
configure:5422: $? = 0
configure:5434: result: yes
configure:5452: checking whether the compiler is clang
configure:5474: gcc -c -g -O2  conftest.c >&5
configure:5474: $? = 0
configure:5483: result: no
configure:5487: checking for compiler option needed when checking for declarations
configure:5520: result: none
configure:5532: checking whether make supports the include directive
configure:5547: make -f confmf.GNU && cat confinc.out
this is the am__doit target
configure:5550: $? = 0
configure:5569: result: yes (GNU style)
configure:5595: checking dependency style of gcc
configure:5707: result: gcc3
configure:5727: checking for stdio.h
configure:5727: gcc -c -g -O2  conftest.c >&5
configure:5727: $? = 0
configure:5727: result: yes
configure:5727: checking for stdlib.h
configure:5727: gcc -c -g -O2  conftest.c >&5
configure:5727: $? = 0
configure:5727: result: yes
configure:5727: checking for string.h
configure:5727: gcc -c -g -O2  conftest.c >&5
configure:5727: $? = 0
configure:5727: result: yes
configure:5727: checking for inttypes.h
configure:5727: gcc -c -g -O2  conftest.c >&5
configure:5727: $? = 0
configure:5727: result: yes
configure:5727: checking for stdint.h
configure:5727: gcc -c -g -O2  conftest.c >&5
configure:5727: $? = 0
configure:5727: result: yes
configure:5727: checking for strings.h
configure:5727: gcc -c -g -O2  conftest.c >&5
configure:5727: $? = 0
configure:5727: result: yes
configure:5727: checking for sys/stat.h
configure:5727: gcc -c -g -O2  conftest.c >&5
configure:5727: $? = 0
configure:5727: result: yes
configure:5727: checking for sys/types.h
configure:5727: gcc -c -g -O2  conftest.c >&5
configure:5727: $? = 0
configure:5727: result: yes
configure:5727: checking for unistd.h
configure:5727: gcc -c -g -O2  conftest.c >&5
configure:5727: $? = 0
configure:5727: result: yes
configure:5727: checking for wchar.h
configure:5727: gcc -c -g -O2  conftest.c >&5
configure:5727: $? = 0
configure:5727: result: yes
configure:5727: checking for minix/config.h
configure:5727: gcc -c -g -O2  conftest.c >&5
conftest.c:49:10: fatal error: minix/config.h: No such file or directory
   49 | #include <minix/config.h>
      |          ^~~~~~~~~~~~~~~~
compilation terminated.
configure:5727: $? = 1
configure: failed program was:
| /* confdefs.h */
| #define PACKAGE_NAME "libpskc"
| #define PACKAGE_TARNAME "libpskc"
| #define PACKAGE_VERSION "2.6.11"
| #define PACKAGE_STRING "libpskc 2.6.11"
| #define PACKAGE_BUGREPORT "oath-toolkit-help@nongnu.org"
| #define PACKAGE_URL "https://www.nongnu.org/oath-toolkit/"
| #define PACKAGE "libpskc"
| #define VERSION "2.6.11"
| #define HAVE_STDIO_H 1
| #define HAVE_STDLIB_H 1
| #define HAVE_STRING_H 1
| #define HAVE_INTTYPES_H 1
| #define HAVE_STDINT_H 1
| #define HAVE_STRINGS_H 1
| #define HAVE_SYS_STAT_H 1
| #define HAVE_SYS_TYPES_H 1
| #define HAVE_UNISTD_H 1
| #define HAVE_WCHAR_H 1
| /* end confdefs.h.  */
| #include <stddef.h>
| #ifdef HAVE_STDIO_H
| # include <stdio.h>
| #endif
| #ifdef HAVE_STDLIB_H
| # include <stdlib.h>
| #endif
| #ifdef HAVE_STRING_H
| # include <string.h>
| #endif
| #ifdef HAVE_INTTYPES_H
| # include <inttypes.h>
| #endif
| #ifdef HAVE_STDINT_H
| # include <stdint.h>
| #endif
| #ifdef HAVE_STRINGS_H
| # include <strings.h>
| #endif
| #ifdef HAVE_SYS_TYPES_H
| # include <sys/types.h>
| #endif
| #ifdef HAVE_SYS_STAT_H
| # include <sys/stat.h>
| #endif
| #ifdef HAVE_UNISTD_H
| # include <unistd.h>
| #endif
| #include <minix/config.h>
configure:5727: result: no
configure:5727: checking for limits.h
configure:5727: gcc -c -g -O2  conftest.c >&5
configure:5727: $? = 0
configure:5727: result: yes
configure:5727: checking for sys/mman.h
configure:5727: gcc -c -g -O2  conftest.c >&5
configure:5727: $? = 0
configure:5727: result: yes
configure:5727: checking for stdbool.h
configure:5727: gcc -c -g -O2  conftest.c >&5
configure:5727: $? = 0
configure:5727: result: yes
configure:5727: checking for stdckdint.h
configure:5727: gcc -c -g -O2  conftest.c >&5
conftest.c:52:10: fatal error: stdckdint.h: No such file or directory
   52 | #include <stdckdint.h>
      |          ^~~~~~~~~~~~~
compilation terminated.
configure:5727: $? = 1
configure: failed program was:
| /* confdefs.h */
| #define PACKAGE_NAME "libpskc"
| #define PACKAGE_TARNAME "libpskc"
| #define PACKAGE_VERSION "2.6.11"
| #define PACKAGE_STRING "libpskc 2.6.11"
| #define PACKAGE_BUGREPORT "oath-toolkit-help@nongnu.org"
| #define PACKAGE_URL "https://www.nongnu.org/oath-toolkit/"
| #define PACKAGE "libpskc"
| #define VERSION "2.6.11"
| #define HAVE_STDIO_H 1
| #define HAVE_STDLIB_H 1
| #define HAVE_STRING_H 1
| #define HAVE_INTTYPES_H 1
| #define HAVE_STDINT_H 1
| #define HAVE_STRINGS_H 1
| #define HAVE_SYS_STAT_H 1
| #define HAVE_SYS_TYPES_H 1
| #define HAVE_UNISTD_H 1
| #define HAVE_WCHAR_H 1
| #define HAVE_LIMITS_H 1
| #define HAVE_SYS_MMAN_H 1
| #define HAVE_STDBOOL_H 1
| /* end confdefs.h.  */
| #include <stddef.h>
| #ifdef HAVE_STDIO_H
| # include <stdio.h>
| #endif
| #ifdef HAVE_STDLIB_H
| # include <stdlib.h>
| #endif
| #ifdef HAVE_STRING_H
| # include <string.h>
| #endif
| #ifdef HAVE_INTTYPES_H
| # include <inttypes.h>
| #endif
| #ifdef HAVE_STDINT_H
| # include <stdint.h>
| #endif
| #ifdef HAVE_STRINGS_H
| # include <strings.h>
| #endif
| #ifdef HAVE_SYS_TYPES_H
| # include <sys/types.h>
| #endif
| #ifdef HAVE_SYS_STAT_H
| # include <sys/stat.h>
| #endif
| #ifdef HAVE_UNISTD_H
| # include <unistd.h>
| #endif
| #include <stdckdint.h>
configure:5727: result: no
configure:5727: checking for sys/time.h
configure:5727: gcc -c -g -O2  conftest.c >&5
configure:5727: $? = 0
configure:5727: result: yes
configure:5727: checking for sys/socket.h
configure:5727: gcc -c -g -O2  conftest.c >&5
configure:5727: $? = 0
configure:5727: result: yes
configure:5727: checking for features.h
configure:5727: gcc -c -g -O2  conftest.c >&5
configure:5727: $? = 0
configure:5727: result: yes
configure:5727: checking for crtdefs.h
configure:5727: gcc -c -g -O2  conftest.c >&5
conftest.c:55:10: fatal error: crtdefs.h: No such file or directory
   55 | #include <crtdefs.h>
      |          ^~~~~~~~~~~
compilation terminated.
configure:5727: $? = 1
configure: failed program was:
| /* confdefs.h */
| #define PACKAGE_NAME "libpskc"
| #define PACKAGE_TARNAME "libpskc"
| #define PACKAGE_VERSION "2.6.11"
| #define PACKAGE_STRING "libpskc 2.6.11"
| #define PACKAGE_BUGREPORT "oath-toolkit-help@nongnu.org"
| #define PACKAGE_URL "https://www.nongnu.org/oath-toolkit/"
| #define PACKAGE "libpskc"
| #define VERSION "2.6.11"
| #define HAVE_STDIO_H 1
| #define HAVE_STDLIB_H 1
| #define HAVE_STRING_H 1
| #define HAVE_INTTYPES_H 1
| #define HAVE_STDINT_H 1
| #define HAVE_STRINGS_H 1
| #define HAVE_SYS_STAT_H 1
| #define HAVE_SYS_TYPES_H 1
| #define HAVE_UNISTD_H 1
| #define HAVE_WCHAR_H 1
| #define HAVE_LIMITS_H 1
| #define HAVE_SYS_MMAN_H 1
| #define HAVE_STDBOOL_H 1
| #define HAVE_SYS_TIME_H 1
| #define HAVE_SYS_SOCKET_H 1
| #define HAVE_FEATURES_H 1
| /* end confdefs.h.  */
| #include <stddef.h>
| #ifdef HAVE_STDIO_H
| # include <stdio.h>
| #endif
| #ifdef HAVE_STDLIB_H
| # include <stdlib.h>
| #endif
| #ifdef HAVE_STRING_H
| # include <string.h>
| #endif
| #ifdef HAVE_INTTYPES_H
| # include <inttypes.h>
| #endif
| #ifdef HAVE_STDINT_H
| # include <stdint.h>
| #endif
| #ifdef HAVE_STRINGS_H
| # include <strings.h>
| #endif
| #ifdef HAVE_SYS_TYPES_H
| # include <sys/types.h>
| #endif
| #ifdef HAVE_SYS_STAT_H
| # include <sys/stat.h>
| #endif
| #ifdef HAVE_UNISTD_H
| # include <unistd.h>
| #endif
| #include <crtdefs.h>
configure:5727: result: no
configure:5758: checking whether it is safe to define __EXTENSIONS__
configure:5777: gcc -c -g -O2  conftest.c >&5
configure:5777: $? = 0
configure:5785: result: yes
configure:5788: checking whether _XOPEN_SOURCE should be defined
configure:5810: gcc -c -g -O2  conftest.c >&5
configure:5810: $? = 0
configure:5837: result: no
configure:5901: checking build system type
configure:5916: result: x86_64-pc-linux-gnu
configure:5936: checking host system type
configure:5950: result: x86_64-pc-linux-gnu
configure:5987: checking how to run the C preprocessor
configure:6013: gcc -E  conftest.c
configure:6013: $? = 0
configure:6028: gcc -E  conftest.c
conftest.c:45:10: fatal error: ac_nonexistent.h: No such file or directory
   45 | #include <ac_nonexistent.h>
      |          ^~~~~~~~~~~~~~~~~~
compilation terminated.
configure:6028: $? = 1
configure: failed program was:
| /* confdefs.h */
| #define PACKAGE_NAME "libpskc"
| #define PACKAGE_TARNAME "libpskc"
| #define PACKAGE_VERSION "2.6.11"
| #define PACKAGE_STRING "libpskc 2.6.11"
| #define PACKAGE_BUGREPORT "oath-toolkit-help@nongnu.org"
| #define PACKAGE_URL "https://www.nongnu.org/oath-toolkit/"
| #define PACKAGE "libpskc"
| #define VERSION "2.6.11"
| #define HAVE_STDIO_H 1
| #define HAVE_STDLIB_H 1
| #define HAVE_STRING_H 1
| #define HAVE_INTTYPES_H 1
| #define HAVE_STDINT_H 1
| #define HAVE_STRINGS_H 1
| #define HAVE_SYS_STAT_H 1
| #define HAVE_SYS_TYPES_H 1
| #define HAVE_UNISTD_H 1
| #define HAVE_WCHAR_H 1
| #define HAVE_LIMITS_H 1
| #define HAVE_SYS_MMAN_H 1
| #define HAVE_STDBOOL_H 1
| #define HAVE_SYS_TIME_H 1
| #define HAVE_SYS_SOCKET_H 1
| #define HAVE_FEATURES_H 1
| #define STDC_HEADERS 1
| #define _ALL_SOURCE 1
| #define _DARWIN_C_SOURCE 1
| #define _GNU_SOURCE 1
| #define _HPUX_ALT_XOPEN_SOCKET_API 1
| #define _NETBSD_SOURCE 1
| #define _OPENBSD_SOURCE 1
| #define _POSIX_PTHREAD_SEMANTICS 1
| #define __STDC_WANT_IEC_60559_ATTRIBS_EXT__ 1
| #define __STDC_WANT_IEC_60559_BFP_EXT__ 1
| #define __STDC_WANT_IEC_60559_DFP_EXT__ 1
| #define __STDC_WANT_IEC_60559_EXT__ 1
| #define __STDC_WANT_IEC_60559_FUNCS_EXT__ 1
| #define __STDC_WANT_IEC_60559_TYPES_EXT__ 1
| #define __STDC_WANT_LIB_EXT2__ 1
| #define __STDC_WANT_MATH_SPEC_FUNCS__ 1
| #define _TANDEM_SOURCE 1
| #define __EXTENSIONS__ 1
| /* end confdefs.h.  */
| #include <ac_nonexistent.h>
configure:6055: result: gcc -E
configure:6069: gcc -E  conftest.c
configure:6069: $? = 0
configure:6084: gcc -E  conftest.c
conftest.c:45:10: fatal error: ac_nonexistent.h: No such file or directory
   45 | #include <ac_nonexistent.h>
      |          ^~~~~~~~~~~~~~~~~~
compilation terminated.
configure:6084: $? = 1
configure: failed program was:
| /* confdefs.h */
| #define PACKAGE_NAME "libpskc"
| #define PACKAGE_TARNAME "libpskc"
| #define PACKAGE_VERSION "2.6.11"
| #define PACKAGE_STRING "libpskc 2.6.11"
| #define PACKAGE_BUGREPORT "oath-toolkit-help@nongnu.org"
| #define PACKAGE_URL "https://www.nongnu.org/oath-toolkit/"
| #define PACKAGE "libpskc"
| #define VERSION "2.6.11"
| #define HAVE_STDIO_H 1
| #define HAVE_STDLIB_H 1
| #define HAVE_STRING_H 1
| #define HAVE_INTTYPES_H 1
| #define HAVE_STDINT_H 1
| #define HAVE_STRINGS_H 1
| #define HAVE_SYS_STAT_H 1
| #define HAVE_SYS_TYPES_H 1
| #define HAVE_UNISTD_H 1
| #define HAVE_WCHAR_H 1
| #define HAVE_LIMITS_H 1
| #define HAVE_SYS_MMAN_H 1
| #define HAVE_STDBOOL_H 1
| #define HAVE_SYS_TIME_H 1
| #define HAVE_SYS_SOCKET_H 1
| #define HAVE_FEATURES_H 1
| #define STDC_HEADERS 1
| #define _ALL_SOURCE 1
| #define _DARWIN_C_SOURCE 1
| #define _GNU_SOURCE 1
| #define _HPUX_ALT_XOPEN_SOCKET_API 1
| #define _NETBSD_SOURCE 1
| #define _OPENBSD_SOURCE 1
| #define _POSIX_PTHREAD_SEMANTICS 1
| #define __STDC_WANT_IEC_60559_ATTRIBS_EXT__ 1
| #define __STDC_WANT_IEC_60559_BFP_EXT__ 1
| #define __STDC_WANT_IEC_60559_DFP_EXT__ 1
| #define __STDC_WANT_IEC_60559_EXT__ 1
| #define __STDC_WANT_IEC_60559_FUNCS_EXT__ 1
| #define __STDC_WANT_IEC_60559_TYPES_EXT__ 1
| #define __STDC_WANT_LIB_EXT2__ 1
| #define __STDC_WANT_MATH_SPEC_FUNCS__ 1
| #define _TANDEM_SOURCE 1
| #define __EXTENSIONS__ 1
| /* end confdefs.h.  */
| #include <ac_nonexistent.h>
configure:6115: checking for grep that handles long lines and -e
configure:6179: result: /usr/bin/grep
configure:6184: checking for egrep
configure:6252: result: /usr/bin/grep -E
configure:6260: checking for Minix Amsterdam compiler
configure:6286: result: no
configure:6352: checking for ar
configure:6373: found /usr/bin/ar
configure:6384: result: ar
configure:6410: checking the archiver (ar) interface
configure:6427: gcc -c -g -O2  conftest.c >&5
configure:6427: $? = 0
configure:6430: ar cru libconftest.a conftest.o >&5
ar: `u' modifier ignored since `D' is the default (see `U')
configure:6433: $? = 0
configure:6461: result: ar
configure:6531: checking for ar
configure:6563: result: ar
configure:6643: checking for ranlib
configure:6664: found /usr/bin/ranlib
configure:6675: result: ranlib
configure:6874: checking the archiver (ar) interface
configure:6925: result: ar
configure:6992: checking how to print strings
configure:7019: result: printf
configure:7040: checking for a sed that does not truncate output
configure:7110: result: /usr/bin/sed
configure:7128: checking for fgrep
configure:7196: result: /usr/bin/grep -F
configure:7232: checking for ld used by gcc
configure:7300: result: /usr/bin/ld
configure:7307: checking if the linker (/usr/bin/ld) is GNU ld
configure:7323: result: yes
configure:7335: checking for BSD- or MS-compatible name lister (nm)
configure:7390: result: /usr/bin/nm -B
configure:7530: checking the name lister (/usr/bin/nm -B) interface
configure:7538: gcc -c -g -O2  conftest.c >&5
configure:7541: /usr/bin/nm -B "conftest.o"
configure:7544: output
0000000000000000 B some_variable
configure:7551: result: BSD nm
configure:7554: checking whether ln -s works
configure:7558: result: yes
configure:7566: checking the maximum length of command line arguments
configure:7698: result: 1572864
configure:7746: checking how to convert x86_64-pc-linux-gnu file names to x86_64-pc-linux-gnu format
configure:7787: result: func_convert_file_noop
configure:7794: checking how to convert x86_64-pc-linux-gnu file names to toolchain format
configure:7815: result: func_convert_file_noop
configure:7822: checking for /usr/bin/ld option to reload object files
configure:7830: result: -r
configure:7909: checking for objdump
configure:7930: found /usr/bin/objdump
configure:7941: result: objdump
configure:7970: checking how to recognize dependent libraries
configure:8171: result: pass_all
configure:8261: checking for dlltool
configure:8296: result: no
configure:8323: checking how to associate runtime and link libraries
configure:8351: result: printf %s\n
configure:8485: checking for archiver @FILE support
configure:8503: gcc -c -g -O2  conftest.c >&5
configure:8503: $? = 0
configure:8507: ar cr libconftest.a @conftest.lst >&5
configure:8510: $? = 0
configure:8515: ar cr libconftest.a @conftest.lst >&5
ar: conftest.o: No such file or directory
configure:8518: $? = 1
configure:8530: result: @
configure:8593: checking for strip
configure:8614: found /usr/bin/strip
configure:8625: result: strip
configure:8702: checking for ranlib
configure:8734: result: ranlib
configure:8836: checking command to parse /usr/bin/nm -B output from gcc object
configure:8990: gcc -c -g -O2  conftest.c >&5
configure:8993: $? = 0
configure:8997: /usr/bin/nm -B conftest.o | sed -n -e 's/^.*[	 ]\([ABCDGIRSTW][ABCDGIRSTW]*\)[	 ][	 ]*\([_A-Za-z][_A-Za-z0-9]*\)$/\1 \2 \2/p' | sed '/ __gnu_lto/d' > conftest.nm
configure:9063: gcc -o conftest -g -O2   conftest.c conftstm.o >&5
configure:9066: $? = 0
configure:9104: result: ok
configure:9151: checking for sysroot
configure:9182: result: no
configure:9189: checking for a working dd
configure:9233: result: /usr/bin/dd
configure:9237: checking how to truncate binary pipes
configure:9253: result: /usr/bin/dd bs=4096 count=1
configure:9390: gcc -c -g -O2  conftest.c >&5
configure:9393: $? = 0
configure:9590: checking for mt
configure:9611: found /usr/bin/mt
configure:9622: result: mt
configure:9645: checking if mt is a manifest tool
configure:9652: mt '-?'
configure:9660: result: no
configure:10386: checking for dlfcn.h
configure:10386: gcc -c -g -O2  conftest.c >&5
configure:10386: $? = 0
configure:10386: result: yes
configure:10973: checking for objdir
configure:10989: result: .libs
configure:11253: checking if gcc supports -fno-rtti -fno-exceptions
configure:11272: gcc -c -g -O2  -fno-rtti -fno-exceptions conftest.c >&5
cc1: warning: command-line option '-fno-rtti' is valid for C++/D/ObjC++ but not for C
configure:11276: $? = 0
configure:11289: result: no
configure:11653: checking for gcc option to produce PIC
configure:11661: result: -fPIC -DPIC
configure:11669: checking if gcc PIC flag -fPIC -DPIC works
configure:11688: gcc -c -g -O2  -fPIC -DPIC -DPIC conftest.c >&5
configure:11692: $? = 0
configure:11705: result: yes
configure:11734: checking if gcc static flag -static works
configure:11763: result: yes
configure:11778: checking if gcc supports -c -o file.o
configure:11800: gcc -c -g -O2  -o out/conftest2.o conftest.c >&5
configure:11804: $? = 0
configure:11826: result: yes
configure:11834: checking if gcc supports -c -o file.o
configure:11882: result: yes
configure:11915: checking whether the gcc linker (/usr/bin/ld -m elf_x86_64) supports shared libraries
configure:13185: result: yes
configure:13222: checking whether -lc should be explicitly linked in
configure:13231: gcc -c -g -O2  conftest.c >&5
configure:13234: $? = 0
configure:13249: gcc -shared  -fPIC -DPIC conftest.o  -v -Wl,-soname -Wl,conftest -o conftest 2\>\&1 \| /usr/bin/grep  -lc  \>/dev/null 2\>\&1
configure:13252: $? = 0
configure:13266: result: no
configure:13426: checking dynamic linker characteristics
configure:14008: gcc -o conftest -g -O2   -Wl,-rpath -Wl,/foo conftest.c  >&5
configure:14008: $? = 0
configure:14259: result: GNU/Linux ld.so
configure:14381: checking how to hardcode library paths into programs
configure:14406: result: immediate
configure:14958: checking whether stripping libraries is possible
configure:14963: result: yes
configure:14998: checking if libtool supports shared libraries
configure:15000: result: yes
configure:15003: checking whether to build shared libraries
configure:15028: result: yes
configure:15031: checking whether to build static libraries
configure:15035: result: yes
configure:15106: checking for C/C++ restrict keyword
configure:15136: gcc -c -g -O2  conftest.c >&5
configure:15136: $? = 0
configure:15145: result: __restrict__
configure:15246: checking whether malloc is ptrdiff_t safe
configure:15283: gcc -c -g -O2  conftest.c >&5
configure:15283: $? = 0
configure:15292: result: yes
configure:15302: checking whether malloc, realloc, calloc set errno on failure
configure:15320: result: yes
configure:15549: checking whether ctype.h defines __header_inline
configure:15563: gcc -E  conftest.c
conftest.c:51:28: error: #error "<ctype.h> does not define __header_inline"
   51 |                           #error "<ctype.h> does not define __header_inline"
      |                            ^~~~~
configure:15563: $? = 1
configure: failed program was:
| /* confdefs.h */
| #define PACKAGE_NAME "libpskc"
| #define PACKAGE_TARNAME "libpskc"
| #define PACKAGE_VERSION "2.6.11"
| #define PACKAGE_STRING "libpskc 2.6.11"
| #define PACKAGE_BUGREPORT "oath-toolkit-help@nongnu.org"
| #define PACKAGE_URL "https://www.nongnu.org/oath-toolkit/"
| #define PACKAGE "libpskc"
| #define VERSION "2.6.11"
| #define HAVE_STDIO_H 1
| #define HAVE_STDLIB_H 1
| #define HAVE_STRING_H 1
| #define HAVE_INTTYPES_H 1
| #define HAVE_STDINT_H 1
| #define HAVE_STRINGS_H 1
| #define HAVE_SYS_STAT_H 1
| #define HAVE_SYS_TYPES_H 1
| #define HAVE_UNISTD_H 1
| #define HAVE_WCHAR_H 1
| #define HAVE_LIMITS_H 1
| #define HAVE_SYS_MMAN_H 1
| #define HAVE_STDBOOL_H 1
| #define HAVE_SYS_TIME_H 1
| #define HAVE_SYS_SOCKET_H 1
| #define HAVE_FEATURES_H 1
| #define STDC_HEADERS 1
| #define _ALL_SOURCE 1
| #define _DARWIN_C_SOURCE 1
| #define _GNU_SOURCE 1
| #define _HPUX_ALT_XOPEN_SOCKET_API 1
| #define _NETBSD_SOURCE 1
| #define _OPENBSD_SOURCE 1
| #define _POSIX_PTHREAD_SEMANTICS 1
| #define __STDC_WANT_IEC_60559_ATTRIBS_EXT__ 1
| #define __STDC_WANT_IEC_60559_BFP_EXT__ 1
| #define __STDC_WANT_IEC_60559_DFP_EXT__ 1
| #define __STDC_WANT_IEC_60559_EXT__ 1
| #define __STDC_WANT_IEC_60559_FUNCS_EXT__ 1
| #define __STDC_WANT_IEC_60559_TYPES_EXT__ 1
| #define __STDC_WANT_LIB_EXT2__ 1
| #define __STDC_WANT_MATH_SPEC_FUNCS__ 1
| #define _TANDEM_SOURCE 1
| #define __EXTENSIONS__ 1
| #define HAVE_DLFCN_H 1
| #define LT_OBJDIR ".libs/"
| #define restrict __restrict__
| #define HAVE_MALLOC_POSIX 1
| /* end confdefs.h.  */
| #include <ctype.h>
|                          #ifndef __header_inline
|                           #error "<ctype.h> does not define __header_inline"
|                          #endif
| 
configure:15571: result: no
configure:15581: checking for off_t
configure:15581: gcc -c -g -O2  conftest.c >&5
configure:15581: $? = 0
configure:15581: gcc -c -g -O2  conftest.c >&5
conftest.c: In function 'main':
conftest.c:80:20: error: expected expression before ')' token
   80 | if (sizeof ((off_t)))
      |                    ^
configure:15581: $? = 1
configure: failed program was:
| /* confdefs.h */
| #define PACKAGE_NAME "libpskc"
| #define PACKAGE_TARNAME "libpskc"
| #define PACKAGE_VERSION "2.6.11"
| #define PACKAGE_STRING "libpskc 2.6.11"
| #define PACKAGE_BUGREPORT "oath-toolkit-help@nongnu.org"
| #define PACKAGE_URL "https://www.nongnu.org/oath-toolkit/"
| #define PACKAGE "libpskc"
| #define VERSION "2.6.11"
| #define HAVE_STDIO_H 1
| #define HAVE_STDLIB_H 1
| #define HAVE_STRING_H 1
| #define HAVE_INTTYPES_H 1
| #define HAVE_STDINT_H 1
| #define HAVE_STRINGS_H 1
| #define HAVE_SYS_STAT_H 1
| #define HAVE_SYS_TYPES_H 1
| #define HAVE_UNISTD_H 1
| #define HAVE_WCHAR_H 1
| #define HAVE_LIMITS_H 1
| #define HAVE_SYS_MMAN_H 1
| #define HAVE_STDBOOL_H 1
| #define HAVE_SYS_TIME_H 1
| #define HAVE_SYS_SOCKET_H 1
| #define HAVE_FEATURES_H 1
| #define STDC_HEADERS 1
| #define _ALL_SOURCE 1
| #define _DARWIN_C_SOURCE 1
| #define _GNU_SOURCE 1
| #define _HPUX_ALT_XOPEN_SOCKET_API 1
| #define _NETBSD_SOURCE 1
| #define _OPENBSD_SOURCE 1
| #define _POSIX_PTHREAD_SEMANTICS 1
| #define __STDC_WANT_IEC_60559_ATTRIBS_EXT__ 1
| #define __STDC_WANT_IEC_60559_BFP_EXT__ 1
| #define __STDC_WANT_IEC_60559_DFP_EXT__ 1
| #define __STDC_WANT_IEC_60559_EXT__ 1
| #define __STDC_WANT_IEC_60559_FUNCS_EXT__ 1
| #define __STDC_WANT_IEC_60559_TYPES_EXT__ 1
| #define __STDC_WANT_LIB_EXT2__ 1
| #define __STDC_WANT_MATH_SPEC_FUNCS__ 1
| #define _TANDEM_SOURCE 1
| #define __EXTENSIONS__ 1
| #define HAVE_DLFCN_H 1
| #define LT_OBJDIR ".libs/"
| #define restrict __restrict__
| #define HAVE_MALLOC_POSIX 1
| /* end confdefs.h.  */
| #include <stddef.h>
| #ifdef HAVE_STDIO_H
| # include <stdio.h>
| #endif
| #ifdef HAVE_STDLIB_H
| # include <stdlib.h>
| #endif
| #ifdef HAVE_STRING_H
| # include <string.h>
| #endif
| #ifdef HAVE_INTTYPES_H
| # include <inttypes.h>
| #endif
| #ifdef HAVE_STDINT_H
| # include <stdint.h>
| #endif
| #ifdef HAVE_STRINGS_H
| # include <strings.h>
| #endif
| #ifdef HAVE_SYS_TYPES_H
| # include <sys/types.h>
| #endif
| #ifdef HAVE_SYS_STAT_H
| # include <sys/stat.h>
| #endif
| #ifdef HAVE_UNISTD_H
| # include <unistd.h>
| #endif
| int
| main (void)
| {
| if (sizeof ((off_t)))
| 	    return 0;
|   ;
|   return 0;
| }
configure:15581: result: yes
configure:15593: checking whether the preprocessor supports include_next
configure:15632: gcc -c -g -O2  -Iconftestd1b -Iconftestd2 conftest.c >&5
configure:15632: $? = 0
configure:15655: result: yes
configure:15677: checking whether source code line length is unlimited
configure:15702: result: yes
configure:15793: checking whether limits.h has WORD_BIT, BOOL_WIDTH etc.
configure:15820: gcc -c -g -O2  conftest.c >&5
configure:15820: $? = 0
configure:15828: result: yes
configure:15833: checking whether limits.h has SSIZE_MAX
configure:15847: gcc -c -g -O2  conftest.c >&5
configure:15847: $? = 0
configure:15855: result: yes
configure:15863: checking for wint_t
configure:15881: gcc -c -g -O2  conftest.c >&5
configure:15881: $? = 0
configure:15889: result: yes
configure:15896: checking whether wint_t is large enough
configure:15915: gcc -c -g -O2  conftest.c >&5
configure:15915: $? = 0
configure:15923: result: yes
configure:15936: checking whether the compiler produces multi-arch binaries
configure:15951: gcc -c -g -O2  conftest.c >&5
conftest.c:51:13: error: unknown type name 'not'
   51 |             not a universal capable compiler
      |             ^~~
conftest.c:51:19: error: expected '=', ',', ';', 'asm' or '__attribute__' before 'universal'
   51 |             not a universal capable compiler
      |                   ^~~~~~~~~
conftest.c:51:19: error: unknown type name 'universal'
configure:15951: $? = 1
configure: failed program was:
| /* confdefs.h */
| #define PACKAGE_NAME "libpskc"
| #define PACKAGE_TARNAME "libpskc"
| #define PACKAGE_VERSION "2.6.11"
| #define PACKAGE_STRING "libpskc 2.6.11"
| #define PACKAGE_BUGREPORT "oath-toolkit-help@nongnu.org"
| #define PACKAGE_URL "https://www.nongnu.org/oath-toolkit/"
| #define PACKAGE "libpskc"
| #define VERSION "2.6.11"
| #define HAVE_STDIO_H 1
| #define HAVE_STDLIB_H 1
| #define HAVE_STRING_H 1
| #define HAVE_INTTYPES_H 1
| #define HAVE_STDINT_H 1
| #define HAVE_STRINGS_H 1
| #define HAVE_SYS_STAT_H 1
| #define HAVE_SYS_TYPES_H 1
| #define HAVE_UNISTD_H 1
| #define HAVE_WCHAR_H 1
| #define HAVE_LIMITS_H 1
| #define HAVE_SYS_MMAN_H 1
| #define HAVE_STDBOOL_H 1
| #define HAVE_SYS_TIME_H 1
| #define HAVE_SYS_SOCKET_H 1
| #define HAVE_FEATURES_H 1
| #define STDC_HEADERS 1
| #define _ALL_SOURCE 1
| #define _DARWIN_C_SOURCE 1
| #define _GNU_SOURCE 1
| #define _HPUX_ALT_XOPEN_SOCKET_API 1
| #define _NETBSD_SOURCE 1
| #define _OPENBSD_SOURCE 1
| #define _POSIX_PTHREAD_SEMANTICS 1
| #define __STDC_WANT_IEC_60559_ATTRIBS_EXT__ 1
| #define __STDC_WANT_IEC_60559_BFP_EXT__ 1
| #define __STDC_WANT_IEC_60559_DFP_EXT__ 1
| #define __STDC_WANT_IEC_60559_EXT__ 1
| #define __STDC_WANT_IEC_60559_FUNCS_EXT__ 1
| #define __STDC_WANT_IEC_60559_TYPES_EXT__ 1
| #define __STDC_WANT_LIB_EXT2__ 1
| #define __STDC_WANT_MATH_SPEC_FUNCS__ 1
| #define _TANDEM_SOURCE 1
| #define __EXTENSIONS__ 1
| #define HAVE_DLFCN_H 1
| #define LT_OBJDIR ".libs/"
| #define restrict __restrict__
| #define HAVE_MALLOC_POSIX 1
| #define HAVE_WINT_T 1
| /* end confdefs.h.  */
| #ifndef __APPLE_CC__
|             not a universal capable compiler
|            #endif
|            typedef int dummy;
| 
configure:15979: result: no
configure:16111: checking whether stdint.h conforms to C99
configure:16291: gcc -c -g -O2  conftest.c >&5
configure:16291: $? = 0
configure:16376: gcc -o conftest -g -O2   conftest.c  >&5
configure:16376: $? = 0
configure:16376: ./conftest
configure:16376: $? = 0
configure:16389: result: yes
configure:16400: checking whether stdint.h works without ISO C predefines
configure:16433: gcc -c -g -O2  conftest.c >&5
configure:16433: $? = 0
configure:16440: result: yes
configure:16451: checking whether stdint.h has UINTMAX_WIDTH etc.
configure:16484: gcc -c -g -O2  conftest.c >&5
configure:16484: $? = 0
configure:16490: result: yes
configure:16942: checking for mmap
configure:16942: gcc -o conftest -g -O2   conftest.c  >&5
configure:16942: $? = 0
configure:16942: result: yes
configure:16954: checking for MAP_ANONYMOUS
configure:16993: result: yes
configure:17007: checking for mprotect
configure:17007: gcc -o conftest -g -O2   conftest.c  >&5
configure:17007: $? = 0
configure:17007: result: yes
configure:17007: checking for strptime
configure:17007: gcc -o conftest -g -O2   conftest.c  >&5
configure:17007: $? = 0
configure:17007: result: yes
configure:17007: checking for localtime_r
configure:17007: gcc -o conftest -g -O2   conftest.c  >&5
configure:17007: $? = 0
configure:17007: result: yes
configure:17079: checking whether memchr works
configure:17165: gcc -o conftest -g -O2   conftest.c  >&5
configure:17165: $? = 0
configure:17165: ./conftest
configure:17165: $? = 0
configure:17177: result: yes
configure:17366: checking whether <limits.h> defines MIN and MAX
configure:17384: gcc -c -g -O2  conftest.c >&5
conftest.c:57:21: warning: implicit declaration of function 'MIN' [-Wimplicit-function-declaration]
   57 |             int x = MIN (42, 17);
      |                     ^~~
conftest.c:57:21: error: initializer element is not constant
configure:17384: $? = 1
configure: failed program was:
| /* confdefs.h */
| #define PACKAGE_NAME "libpskc"
| #define PACKAGE_TARNAME "libpskc"
| #define PACKAGE_VERSION "2.6.11"
| #define PACKAGE_STRING "libpskc 2.6.11"
| #define PACKAGE_BUGREPORT "oath-toolkit-help@nongnu.org"
| #define PACKAGE_URL "https://www.nongnu.org/oath-toolkit/"
| #define PACKAGE "libpskc"
| #define VERSION "2.6.11"
| #define HAVE_STDIO_H 1
| #define HAVE_STDLIB_H 1
| #define HAVE_STRING_H 1
| #define HAVE_INTTYPES_H 1
| #define HAVE_STDINT_H 1
| #define HAVE_STRINGS_H 1
| #define HAVE_SYS_STAT_H 1
| #define HAVE_SYS_TYPES_H 1
| #define HAVE_UNISTD_H 1
| #define HAVE_WCHAR_H 1
| #define HAVE_LIMITS_H 1
| #define HAVE_SYS_MMAN_H 1
| #define HAVE_STDBOOL_H 1
| #define HAVE_SYS_TIME_H 1
| #define HAVE_SYS_SOCKET_H 1
| #define HAVE_FEATURES_H 1
| #define STDC_HEADERS 1
| #define _ALL_SOURCE 1
| #define _DARWIN_C_SOURCE 1
| #define _GNU_SOURCE 1
| #define _HPUX_ALT_XOPEN_SOCKET_API 1
| #define _NETBSD_SOURCE 1
| #define _OPENBSD_SOURCE 1
| #define _POSIX_PTHREAD_SEMANTICS 1
| #define __STDC_WANT_IEC_60559_ATTRIBS_EXT__ 1
| #define __STDC_WANT_IEC_60559_BFP_EXT__ 1
| #define __STDC_WANT_IEC_60559_DFP_EXT__ 1
| #define __STDC_WANT_IEC_60559_EXT__ 1
| #define __STDC_WANT_IEC_60559_FUNCS_EXT__ 1
| #define __STDC_WANT_IEC_60559_TYPES_EXT__ 1
| #define __STDC_WANT_LIB_EXT2__ 1
| #define __STDC_WANT_MATH_SPEC_FUNCS__ 1
| #define _TANDEM_SOURCE 1
| #define __EXTENSIONS__ 1
| #define HAVE_DLFCN_H 1
| #define LT_OBJDIR ".libs/"
| #define restrict __restrict__
| #define HAVE_MALLOC_POSIX 1
| #define HAVE_WINT_T 1
| #define HAVE_LONG_LONG_INT 1
| #define HAVE_UNSIGNED_LONG_LONG_INT 1
| #define HAVE_MAP_ANONYMOUS 1
| #define HAVE_MPROTECT 1
| #define HAVE_STRPTIME 1
| #define HAVE_LOCALTIME_R 1
| /* end confdefs.h.  */
| #include <limits.h>
|             int x = MIN (42, 17);
| int
| main (void)
| {
| 
|   ;
|   return 0;
| }
configure:17392: result: no
configure:17405: checking whether <sys/param.h> defines MIN and MAX
configure:17423: gcc -c -g -O2  conftest.c >&5
configure:17423: $? = 0
configure:17431: result: yes
configure:17449: checking for gcc options needed to detect all undeclared functions
configure:17471: gcc -c -g -O2   conftest.c >&5
conftest.c: In function 'main':
conftest.c:61:8: error: 'strchr' undeclared (first use in this function)
   61 | (void) strchr;
      |        ^~~~~~
conftest.c:1:1: note: 'strchr' is defined in header '<string.h>'; did you forget to '#include <string.h>'?
    1 | /* confdefs.h */
conftest.c:61:8: note: each undeclared identifier is reported only once for each function it appears in
   61 | (void) strchr;
      |        ^~~~~~
configure:17471: $? = 1
configure: failed program was:
| /* confdefs.h */
| #define PACKAGE_NAME "libpskc"
| #define PACKAGE_TARNAME "libpskc"
| #define PACKAGE_VERSION "2.6.11"
| #define PACKAGE_STRING "libpskc 2.6.11"
| #define PACKAGE_BUGREPORT "oath-toolkit-help@nongnu.org"
| #define PACKAGE_URL "https://www.nongnu.org/oath-toolkit/"
| #define PACKAGE "libpskc"
| #define VERSION "2.6.11"
| #define HAVE_STDIO_H 1
| #define HAVE_STDLIB_H 1
| #define HAVE_STRING_H 1
| #define HAVE_INTTYPES_H 1
| #define HAVE_STDINT_H 1
| #define HAVE_STRINGS_H 1
| #define HAVE_SYS_STAT_H 1
| #define HAVE_SYS_TYPES_H 1
| #define HAVE_UNISTD_H 1
| #define HAVE_WCHAR_H 1
| #define HAVE_LIMITS_H 1
| #define HAVE_SYS_MMAN_H 1
| #define HAVE_STDBOOL_H 1
| #define HAVE_SYS_TIME_H 1
| #define HAVE_SYS_SOCKET_H 1
| #define HAVE_FEATURES_H 1
| #define STDC_HEADERS 1
| #define _ALL_SOURCE 1
| #define _DARWIN_C_SOURCE 1
| #define _GNU_SOURCE 1
| #define _HPUX_ALT_XOPEN_SOCKET_API 1
| #define _NETBSD_SOURCE 1
| #define _OPENBSD_SOURCE 1
| #define _POSIX_PTHREAD_SEMANTICS 1
| #define __STDC_WANT_IEC_60559_ATTRIBS_EXT__ 1
| #define __STDC_WANT_IEC_60559_BFP_EXT__ 1
| #define __STDC_WANT_IEC_60559_DFP_EXT__ 1
| #define __STDC_WANT_IEC_60559_EXT__ 1
| #define __STDC_WANT_IEC_60559_FUNCS_EXT__ 1
| #define __STDC_WANT_IEC_60559_TYPES_EXT__ 1
| #define __STDC_WANT_LIB_EXT2__ 1
| #define __STDC_WANT_MATH_SPEC_FUNCS__ 1
| #define _TANDEM_SOURCE 1
| #define __EXTENSIONS__ 1
| #define HAVE_DLFCN_H 1
| #define LT_OBJDIR ".libs/"
| #define restrict __restrict__
| #define HAVE_MALLOC_POSIX 1
| #define HAVE_WINT_T 1
| #define HAVE_LONG_LONG_INT 1
| #define HAVE_UNSIGNED_LONG_LONG_INT 1
| #define HAVE_MAP_ANONYMOUS 1
| #define HAVE_MPROTECT 1
| #define HAVE_STRPTIME 1
| #define HAVE_LOCALTIME_R 1
| #define HAVE_MINMAX_IN_SYS_PARAM_H 1
| /* end confdefs.h.  */
| 
| int
| main (void)
| {
| (void) strchr;
|   ;
|   return 0;
| }
configure:17498: gcc -c -g -O2   conftest.c >&5
configure:17498: $? = 0
configure:17515: result: none needed
configure:17537: checking for wchar_t
configure:17555: gcc -c -g -O2  conftest.c >&5
configure:17555: $? = 0
configure:17563: result: yes
configure:17579: checking for good max_align_t
configure:17616: gcc -c -g -O2  conftest.c >&5
configure:17616: $? = 0
configure:17625: result: yes
configure:17637: checking whether NULL can be used in arbitrary expressions
configure:17656: gcc -c -g -O2  conftest.c >&5
configure:17656: $? = 0
configure:17664: result: yes
configure:17671: checking for unreachable
configure:17690: gcc -o conftest -g -O2   conftest.c  >&5
conftest.c: In function 'main':
conftest.c:63:1: warning: implicit declaration of function 'unreachable' [-Wimplicit-function-declaration]
   63 | unreachable ();
      | ^~~~~~~~~~~
/usr/bin/ld: /tmp/ccElDS5g.o: in function `main':
/home/rficht/Documents/piscine_cyber/ft_otp/oath-toolkit-2.6.11/libpskc/conftest.c:63: undefined reference to `unreachable'
collect2: error: ld returned 1 exit status
configure:17690: $? = 1
configure: failed program was:
| /* confdefs.h */
| #define PACKAGE_NAME "libpskc"
| #define PACKAGE_TARNAME "libpskc"
| #define PACKAGE_VERSION "2.6.11"
| #define PACKAGE_STRING "libpskc 2.6.11"
| #define PACKAGE_BUGREPORT "oath-toolkit-help@nongnu.org"
| #define PACKAGE_URL "https://www.nongnu.org/oath-toolkit/"
| #define PACKAGE "libpskc"
| #define VERSION "2.6.11"
| #define HAVE_STDIO_H 1
| #define HAVE_STDLIB_H 1
| #define HAVE_STRING_H 1
| #define HAVE_INTTYPES_H 1
| #define HAVE_STDINT_H 1
| #define HAVE_STRINGS_H 1
| #define HAVE_SYS_STAT_H 1
| #define HAVE_SYS_TYPES_H 1
| #define HAVE_UNISTD_H 1
| #define HAVE_WCHAR_H 1
| #define HAVE_LIMITS_H 1
| #define HAVE_SYS_MMAN_H 1
| #define HAVE_STDBOOL_H 1
| #define HAVE_SYS_TIME_H 1
| #define HAVE_SYS_SOCKET_H 1
| #define HAVE_FEATURES_H 1
| #define STDC_HEADERS 1
| #define _ALL_SOURCE 1
| #define _DARWIN_C_SOURCE 1
| #define _GNU_SOURCE 1
| #define _HPUX_ALT_XOPEN_SOCKET_API 1
| #define _NETBSD_SOURCE 1
| #define _OPENBSD_SOURCE 1
| #define _POSIX_PTHREAD_SEMANTICS 1
| #define __STDC_WANT_IEC_60559_ATTRIBS_EXT__ 1
| #define __STDC_WANT_IEC_60559_BFP_EXT__ 1
| #define __STDC_WANT_IEC_60559_DFP_EXT__ 1
| #define __STDC_WANT_IEC_60559_EXT__ 1
| #define __STDC_WANT_IEC_60559_FUNCS_EXT__ 1
| #define __STDC_WANT_IEC_60559_TYPES_EXT__ 1
| #define __STDC_WANT_LIB_EXT2__ 1
| #define __STDC_WANT_MATH_SPEC_FUNCS__ 1
| #define _TANDEM_SOURCE 1
| #define __EXTENSIONS__ 1
| #define HAVE_DLFCN_H 1
| #define LT_OBJDIR ".libs/"
| #define restrict __restrict__
| #define HAVE_MALLOC_POSIX 1
| #define HAVE_WINT_T 1
| #define HAVE_LONG_LONG_INT 1
| #define HAVE_UNSIGNED_LONG_LONG_INT 1
| #define HAVE_MAP_ANONYMOUS 1
| #define HAVE_MPROTECT 1
| #define HAVE_STRPTIME 1
| #define HAVE_LOCALTIME_R 1
| #define HAVE_MINMAX_IN_SYS_PARAM_H 1
| #define HAVE_WCHAR_T 1
| /* end confdefs.h.  */
| #include <stddef.h>
| 
| int
| main (void)
| {
| unreachable ();
| 
|   ;
|   return 0;
| }
configure:17700: result: no
configure:17784: checking for nl_langinfo and CODESET
configure:17801: gcc -o conftest -g -O2   conftest.c  >&5
configure:17801: $? = 0
configure:17811: result: yes
configure:17822: checking for a french Unicode locale
configure:17900: gcc -o conftest -g -O2   conftest.c  >&5
configure:17903: $? = 0
configure:17951: result: fr_FR.UTF-8
configure:17981: checking whether ecvt is declared
configure:17981: gcc -c -g -O2   conftest.c >&5
configure:17981: $? = 0
configure:17981: result: yes
configure:17990: checking whether fcvt is declared
configure:17990: gcc -c -g -O2   conftest.c >&5
configure:17990: $? = 0
configure:17990: result: yes
configure:17999: checking whether gcvt is declared
configure:17999: gcc -c -g -O2   conftest.c >&5
configure:17999: $? = 0
configure:17999: result: yes
configure:18091: checking whether MB_CUR_MAX is correct
configure:18125: gcc -o conftest -g -O2   conftest.c  >&5
configure:18125: $? = 0
configure:18125: ./conftest
configure:18125: $? = 0
configure:18138: result: yes
configure:18365: checking for struct tm.tm_gmtoff
configure:18365: gcc -c -g -O2  conftest.c >&5
configure:18365: $? = 0
configure:18365: result: yes
configure:18656: checking for struct timeval
configure:18680: gcc -c -g -O2  conftest.c >&5
configure:18680: $? = 0
configure:18689: result: yes
configure:18694: checking for wide-enough struct timeval.tv_sec member
configure:18722: gcc -c -g -O2  conftest.c >&5
configure:18722: $? = 0
configure:18731: result: yes
configure:18751: checking for pid_t
configure:18751: gcc -c -g -O2  conftest.c >&5
configure:18751: $? = 0
configure:18751: gcc -c -g -O2  conftest.c >&5
conftest.c: In function 'main':
conftest.c:95:20: error: expected expression before ')' token
   95 | if (sizeof ((pid_t)))
      |                    ^
configure:18751: $? = 1
configure: failed program was:
| /* confdefs.h */
| #define PACKAGE_NAME "libpskc"
| #define PACKAGE_TARNAME "libpskc"
| #define PACKAGE_VERSION "2.6.11"
| #define PACKAGE_STRING "libpskc 2.6.11"
| #define PACKAGE_BUGREPORT "oath-toolkit-help@nongnu.org"
| #define PACKAGE_URL "https://www.nongnu.org/oath-toolkit/"
| #define PACKAGE "libpskc"
| #define VERSION "2.6.11"
| #define HAVE_STDIO_H 1
| #define HAVE_STDLIB_H 1
| #define HAVE_STRING_H 1
| #define HAVE_INTTYPES_H 1
| #define HAVE_STDINT_H 1
| #define HAVE_STRINGS_H 1
| #define HAVE_SYS_STAT_H 1
| #define HAVE_SYS_TYPES_H 1
| #define HAVE_UNISTD_H 1
| #define HAVE_WCHAR_H 1
| #define HAVE_LIMITS_H 1
| #define HAVE_SYS_MMAN_H 1
| #define HAVE_STDBOOL_H 1
| #define HAVE_SYS_TIME_H 1
| #define HAVE_SYS_SOCKET_H 1
| #define HAVE_FEATURES_H 1
| #define STDC_HEADERS 1
| #define _ALL_SOURCE 1
| #define _DARWIN_C_SOURCE 1
| #define _GNU_SOURCE 1
| #define _HPUX_ALT_XOPEN_SOCKET_API 1
| #define _NETBSD_SOURCE 1
| #define _OPENBSD_SOURCE 1
| #define _POSIX_PTHREAD_SEMANTICS 1
| #define __STDC_WANT_IEC_60559_ATTRIBS_EXT__ 1
| #define __STDC_WANT_IEC_60559_BFP_EXT__ 1
| #define __STDC_WANT_IEC_60559_DFP_EXT__ 1
| #define __STDC_WANT_IEC_60559_EXT__ 1
| #define __STDC_WANT_IEC_60559_FUNCS_EXT__ 1
| #define __STDC_WANT_IEC_60559_TYPES_EXT__ 1
| #define __STDC_WANT_LIB_EXT2__ 1
| #define __STDC_WANT_MATH_SPEC_FUNCS__ 1
| #define _TANDEM_SOURCE 1
| #define __EXTENSIONS__ 1
| #define HAVE_DLFCN_H 1
| #define LT_OBJDIR ".libs/"
| #define restrict __restrict__
| #define HAVE_MALLOC_POSIX 1
| #define HAVE_WINT_T 1
| #define HAVE_LONG_LONG_INT 1
| #define HAVE_UNSIGNED_LONG_LONG_INT 1
| #define HAVE_MAP_ANONYMOUS 1
| #define HAVE_MPROTECT 1
| #define HAVE_STRPTIME 1
| #define HAVE_LOCALTIME_R 1
| #define HAVE_MINMAX_IN_SYS_PARAM_H 1
| #define HAVE_WCHAR_T 1
| #define HAVE_LANGINFO_CODESET 1
| #define HAVE_DECL_ECVT 1
| #define HAVE_DECL_FCVT 1
| #define HAVE_DECL_GCVT 1
| #define HAVE_TM_GMTOFF 1
| /* end confdefs.h.  */
| #include <stddef.h>
| #ifdef HAVE_STDIO_H
| # include <stdio.h>
| #endif
| #ifdef HAVE_STDLIB_H
| # include <stdlib.h>
| #endif
| #ifdef HAVE_STRING_H
| # include <string.h>
| #endif
| #ifdef HAVE_INTTYPES_H
| # include <inttypes.h>
| #endif
| #ifdef HAVE_STDINT_H
| # include <stdint.h>
| #endif
| #ifdef HAVE_STRINGS_H
| # include <strings.h>
| #endif
| #ifdef HAVE_SYS_TYPES_H
| # include <sys/types.h>
| #endif
| #ifdef HAVE_SYS_STAT_H
| # include <sys/stat.h>
| #endif
| #ifdef HAVE_UNISTD_H
| # include <unistd.h>
| #endif
| 
| int
| main (void)
| {
| if (sizeof ((pid_t)))
| 	    return 0;
|   ;
|   return 0;
| }
configure:18751: result: yes
configure:18787: checking for mode_t
configure:18787: gcc -c -g -O2  conftest.c >&5
configure:18787: $? = 0
configure:18787: gcc -c -g -O2  conftest.c >&5
conftest.c: In function 'main':
conftest.c:94:21: error: expected expression before ')' token
   94 | if (sizeof ((mode_t)))
      |                     ^
configure:18787: $? = 1
configure: failed program was:
| /* confdefs.h */
| #define PACKAGE_NAME "libpskc"
| #define PACKAGE_TARNAME "libpskc"
| #define PACKAGE_VERSION "2.6.11"
| #define PACKAGE_STRING "libpskc 2.6.11"
| #define PACKAGE_BUGREPORT "oath-toolkit-help@nongnu.org"
| #define PACKAGE_URL "https://www.nongnu.org/oath-toolkit/"
| #define PACKAGE "libpskc"
| #define VERSION "2.6.11"
| #define HAVE_STDIO_H 1
| #define HAVE_STDLIB_H 1
| #define HAVE_STRING_H 1
| #define HAVE_INTTYPES_H 1
| #define HAVE_STDINT_H 1
| #define HAVE_STRINGS_H 1
| #define HAVE_SYS_STAT_H 1
| #define HAVE_SYS_TYPES_H 1
| #define HAVE_UNISTD_H 1
| #define HAVE_WCHAR_H 1
| #define HAVE_LIMITS_H 1
| #define HAVE_SYS_MMAN_H 1
| #define HAVE_STDBOOL_H 1
| #define HAVE_SYS_TIME_H 1
| #define HAVE_SYS_SOCKET_H 1
| #define HAVE_FEATURES_H 1
| #define STDC_HEADERS 1
| #define _ALL_SOURCE 1
| #define _DARWIN_C_SOURCE 1
| #define _GNU_SOURCE 1
| #define _HPUX_ALT_XOPEN_SOCKET_API 1
| #define _NETBSD_SOURCE 1
| #define _OPENBSD_SOURCE 1
| #define _POSIX_PTHREAD_SEMANTICS 1
| #define __STDC_WANT_IEC_60559_ATTRIBS_EXT__ 1
| #define __STDC_WANT_IEC_60559_BFP_EXT__ 1
| #define __STDC_WANT_IEC_60559_DFP_EXT__ 1
| #define __STDC_WANT_IEC_60559_EXT__ 1
| #define __STDC_WANT_IEC_60559_FUNCS_EXT__ 1
| #define __STDC_WANT_IEC_60559_TYPES_EXT__ 1
| #define __STDC_WANT_LIB_EXT2__ 1
| #define __STDC_WANT_MATH_SPEC_FUNCS__ 1
| #define _TANDEM_SOURCE 1
| #define __EXTENSIONS__ 1
| #define HAVE_DLFCN_H 1
| #define LT_OBJDIR ".libs/"
| #define restrict __restrict__
| #define HAVE_MALLOC_POSIX 1
| #define HAVE_WINT_T 1
| #define HAVE_LONG_LONG_INT 1
| #define HAVE_UNSIGNED_LONG_LONG_INT 1
| #define HAVE_MAP_ANONYMOUS 1
| #define HAVE_MPROTECT 1
| #define HAVE_STRPTIME 1
| #define HAVE_LOCALTIME_R 1
| #define HAVE_MINMAX_IN_SYS_PARAM_H 1
| #define HAVE_WCHAR_T 1
| #define HAVE_LANGINFO_CODESET 1
| #define HAVE_DECL_ECVT 1
| #define HAVE_DECL_FCVT 1
| #define HAVE_DECL_GCVT 1
| #define HAVE_TM_GMTOFF 1
| /* end confdefs.h.  */
| #include <stddef.h>
| #ifdef HAVE_STDIO_H
| # include <stdio.h>
| #endif
| #ifdef HAVE_STDLIB_H
| # include <stdlib.h>
| #endif
| #ifdef HAVE_STRING_H
| # include <string.h>
| #endif
| #ifdef HAVE_INTTYPES_H
| # include <inttypes.h>
| #endif
| #ifdef HAVE_STDINT_H
| # include <stdint.h>
| #endif
| #ifdef HAVE_STRINGS_H
| # include <strings.h>
| #endif
| #ifdef HAVE_SYS_TYPES_H
| # include <sys/types.h>
| #endif
| #ifdef HAVE_SYS_STAT_H
| # include <sys/stat.h>
| #endif
| #ifdef HAVE_UNISTD_H
| # include <unistd.h>
| #endif
| int
| main (void)
| {
| if (sizeof ((mode_t)))
| 	    return 0;
|   ;
|   return 0;
| }
configure:18787: result: yes
configure:18898: checking for struct timespec in <time.h>
configure:18916: gcc -c -g -O2  conftest.c >&5
configure:18916: $? = 0
configure:18924: result: yes
configure:19118: checking for TIME_UTC in <time.h>
configure:19136: gcc -c -g -O2  conftest.c >&5
configure:19136: $? = 0
configure:19144: result: yes
configure:19154: checking whether execvpe is declared
configure:19154: gcc -c -g -O2   conftest.c >&5
configure:19154: $? = 0
configure:19154: result: yes
configure:19621: checking for valgrind
configure:19642: found /usr/bin/valgrind
configure:19653: result: valgrind
configure:19680: checking for valgrind options for tests
configure:19694: result: -q --error-exitcode=1 --leak-check=full 
configure:19702: checking whether valgrind works on executables produced by the compiler
configure:19719: gcc -o conftest -g -O2   conftest.c  >&5
configure:19719: $? = 0
configure:19719: ./conftest
configure:19719: $? = 0
configure:19737: result: yes
configure:19820: checking whether <wchar.h> uses 'inline' correctly
configure:19842: gcc -c -g -O2  conftest1.c >&5
configure:19845: $? = 0
configure:19858: gcc -c -g -O2  conftest2.c >&5
configure:19861: $? = 0
configure:19876: result: yes
configure:20017: checking whether wcsdup is declared
configure:20017: gcc -c -g -O2   conftest.c >&5
configure:20017: $? = 0
configure:20017: result: yes
configure:20213: checking for C compiler option to allow warnings
configure:20222: gcc -g -O2  -c conftest.c 2>conftest1.err
configure:20225: $? = 0
configure:20228: gcc -g -O2  -Wno-error -c conftest.c 2>conftest2.err
configure:20231: $? = 0
configure:20241: result: -Wno-error
configure:20325: gcc -g -O2  -E conftest.c > conftest.out
configure:20328: $? = 0
configure:20375: checking whether calloc (0, n) and calloc (n, 0) return nonnull
configure:20407: gcc -o conftest -g -O2   conftest.c  >&5
configure:20407: $? = 0
configure:20407: ./conftest
configure:20407: $? = 0
configure:20431: result: yes
configure:20515: checking whether free is known to preserve errno
configure:20539: gcc -c -g -O2  conftest.c >&5
configure:20539: $? = 0
configure:20548: result: yes
configure:20621: checking if LD -Wl,--version-script works
configure:20642: gcc -o conftest -g -O2   -Wl,--version-script=conftest.map conftest.c  >&5
/usr/bin/ld:conftest.map:0: syntax error in VERSION script
collect2: error: ld returned 1 exit status
configure:20642: $? = 1
configure: failed program was:
| /* confdefs.h */
| #define PACKAGE_NAME "libpskc"
| #define PACKAGE_TARNAME "libpskc"
| #define PACKAGE_VERSION "2.6.11"
| #define PACKAGE_STRING "libpskc 2.6.11"
| #define PACKAGE_BUGREPORT "oath-toolkit-help@nongnu.org"
| #define PACKAGE_URL "https://www.nongnu.org/oath-toolkit/"
| #define PACKAGE "libpskc"
| #define VERSION "2.6.11"
| #define HAVE_STDIO_H 1
| #define HAVE_STDLIB_H 1
| #define HAVE_STRING_H 1
| #define HAVE_INTTYPES_H 1
| #define HAVE_STDINT_H 1
| #define HAVE_STRINGS_H 1
| #define HAVE_SYS_STAT_H 1
| #define HAVE_SYS_TYPES_H 1
| #define HAVE_UNISTD_H 1
| #define HAVE_WCHAR_H 1
| #define HAVE_LIMITS_H 1
| #define HAVE_SYS_MMAN_H 1
| #define HAVE_STDBOOL_H 1
| #define HAVE_SYS_TIME_H 1
| #define HAVE_SYS_SOCKET_H 1
| #define HAVE_FEATURES_H 1
| #define STDC_HEADERS 1
| #define _ALL_SOURCE 1
| #define _DARWIN_C_SOURCE 1
| #define _GNU_SOURCE 1
| #define _HPUX_ALT_XOPEN_SOCKET_API 1
| #define _NETBSD_SOURCE 1
| #define _OPENBSD_SOURCE 1
| #define _POSIX_PTHREAD_SEMANTICS 1
| #define __STDC_WANT_IEC_60559_ATTRIBS_EXT__ 1
| #define __STDC_WANT_IEC_60559_BFP_EXT__ 1
| #define __STDC_WANT_IEC_60559_DFP_EXT__ 1
| #define __STDC_WANT_IEC_60559_EXT__ 1
| #define __STDC_WANT_IEC_60559_FUNCS_EXT__ 1
| #define __STDC_WANT_IEC_60559_TYPES_EXT__ 1
| #define __STDC_WANT_LIB_EXT2__ 1
| #define __STDC_WANT_MATH_SPEC_FUNCS__ 1
| #define _TANDEM_SOURCE 1
| #define __EXTENSIONS__ 1
| #define HAVE_DLFCN_H 1
| #define LT_OBJDIR ".libs/"
| #define restrict __restrict__
| #define HAVE_MALLOC_POSIX 1
| #define HAVE_WINT_T 1
| #define HAVE_LONG_LONG_INT 1
| #define HAVE_UNSIGNED_LONG_LONG_INT 1
| #define HAVE_MAP_ANONYMOUS 1
| #define HAVE_MPROTECT 1
| #define HAVE_STRPTIME 1
| #define HAVE_LOCALTIME_R 1
| #define HAVE_MINMAX_IN_SYS_PARAM_H 1
| #define HAVE_WCHAR_T 1
| #define HAVE_LANGINFO_CODESET 1
| #define HAVE_DECL_ECVT 1
| #define HAVE_DECL_FCVT 1
| #define HAVE_DECL_GCVT 1
| #define HAVE_TM_GMTOFF 1
| #define _USE_STD_STAT 1
| #define HAVE_DECL_EXECVPE 1
| #define HAVE_DECL_WCSDUP 1
| #define GNULIB_TEST_CALLOC_GNU 1
| #define GNULIB_TEST_CALLOC_POSIX 1
| #define HAVE_FREE_POSIX 1
| #define GNULIB_TEST_FREE_POSIX 1
| /* end confdefs.h.  */
| 
| int
| main (void)
| {
| 
|   ;
|   return 0;
| }
configure:20666: gcc -o conftest -g -O2   -Wl,--version-script=conftest.map conftest.c  >&5
configure:20666: $? = 0
configure:20678: result: yes
configure:20697: checking whether the -Werror option is usable
configure:20716: gcc -c -g -O2 -Werror  conftest.c >&5
configure:20716: $? = 0
configure:20726: result: yes
configure:20728: checking for simple visibility declarations
configure:20760: gcc -c -g -O2 -fvisibility=hidden -Werror  conftest.c >&5
configure:20760: $? = 0
configure:20770: result: yes
configure:20784: checking whether the compiler supports the __inline keyword
configure:20802: gcc -c -g -O2  conftest.c >&5
configure:20802: $? = 0
configure:20810: result: yes
configure:20858: checking whether malloc (0) returns nonnull
configure:20894: gcc -o conftest -g -O2   conftest.c  >&5
configure:20894: $? = 0
configure:20894: ./conftest
configure:20894: $? = 0
configure:20906: result: yes
configure:21041: checking whether realloc (0, 0) returns nonnull
configure:21077: gcc -o conftest -g -O2   conftest.c  >&5
configure:21077: $? = 0
configure:21077: ./conftest
configure:21077: $? = 0
configure:21089: result: yes
configure:21176: checking for reallocarray
configure:21213: checking for reallocarray
configure:21213: gcc -o conftest -g -O2   conftest.c  >&5
configure:21213: $? = 0
configure:21213: result: yes
configure:21228: result: yes
configure:21295: checking for ssize_t
configure:21313: gcc -c -g -O2  conftest.c >&5
configure:21313: $? = 0
configure:21321: result: yes
configure:21364: checking for bool, true, false
configure:21379: gcc -c -g -O2  conftest.c >&5
conftest.c:82:13: error: #error "true == false"
   82 |            #error "true == false"
      |             ^~~~~
conftest.c:84:18: error: unknown type name 'bool'
   84 |           extern bool b;
      |                  ^~~~
conftest.c:85:11: error: unknown type name 'bool'
   85 |           bool b = true == false;
      |           ^~~~
conftest.c:85:20: error: 'true' undeclared here (not in a function)
   85 |           bool b = true == false;
      |                    ^~~~
conftest.c:85:28: error: 'false' undeclared here (not in a function)
   85 |           bool b = true == false;
      |                            ^~~~~
configure:21379: $? = 1
configure: failed program was:
| /* confdefs.h */
| #define PACKAGE_NAME "libpskc"
| #define PACKAGE_TARNAME "libpskc"
| #define PACKAGE_VERSION "2.6.11"
| #define PACKAGE_STRING "libpskc 2.6.11"
| #define PACKAGE_BUGREPORT "oath-toolkit-help@nongnu.org"
| #define PACKAGE_URL "https://www.nongnu.org/oath-toolkit/"
| #define PACKAGE "libpskc"
| #define VERSION "2.6.11"
| #define HAVE_STDIO_H 1
| #define HAVE_STDLIB_H 1
| #define HAVE_STRING_H 1
| #define HAVE_INTTYPES_H 1
| #define HAVE_STDINT_H 1
| #define HAVE_STRINGS_H 1
| #define HAVE_SYS_STAT_H 1
| #define HAVE_SYS_TYPES_H 1
| #define HAVE_UNISTD_H 1
| #define HAVE_WCHAR_H 1
| #define HAVE_LIMITS_H 1
| #define HAVE_SYS_MMAN_H 1
| #define HAVE_STDBOOL_H 1
| #define HAVE_SYS_TIME_H 1
| #define HAVE_SYS_SOCKET_H 1
| #define HAVE_FEATURES_H 1
| #define STDC_HEADERS 1
| #define _ALL_SOURCE 1
| #define _DARWIN_C_SOURCE 1
| #define _GNU_SOURCE 1
| #define _HPUX_ALT_XOPEN_SOCKET_API 1
| #define _NETBSD_SOURCE 1
| #define _OPENBSD_SOURCE 1
| #define _POSIX_PTHREAD_SEMANTICS 1
| #define __STDC_WANT_IEC_60559_ATTRIBS_EXT__ 1
| #define __STDC_WANT_IEC_60559_BFP_EXT__ 1
| #define __STDC_WANT_IEC_60559_DFP_EXT__ 1
| #define __STDC_WANT_IEC_60559_EXT__ 1
| #define __STDC_WANT_IEC_60559_FUNCS_EXT__ 1
| #define __STDC_WANT_IEC_60559_TYPES_EXT__ 1
| #define __STDC_WANT_LIB_EXT2__ 1
| #define __STDC_WANT_MATH_SPEC_FUNCS__ 1
| #define _TANDEM_SOURCE 1
| #define __EXTENSIONS__ 1
| #define HAVE_DLFCN_H 1
| #define LT_OBJDIR ".libs/"
| #define restrict __restrict__
| #define HAVE_MALLOC_POSIX 1
| #define HAVE_WINT_T 1
| #define HAVE_LONG_LONG_INT 1
| #define HAVE_UNSIGNED_LONG_LONG_INT 1
| #define HAVE_MAP_ANONYMOUS 1
| #define HAVE_MPROTECT 1
| #define HAVE_STRPTIME 1
| #define HAVE_LOCALTIME_R 1
| #define HAVE_MINMAX_IN_SYS_PARAM_H 1
| #define HAVE_WCHAR_T 1
| #define HAVE_LANGINFO_CODESET 1
| #define HAVE_DECL_ECVT 1
| #define HAVE_DECL_FCVT 1
| #define HAVE_DECL_GCVT 1
| #define HAVE_TM_GMTOFF 1
| #define _USE_STD_STAT 1
| #define HAVE_DECL_EXECVPE 1
| #define HAVE_DECL_WCSDUP 1
| #define GNULIB_TEST_CALLOC_GNU 1
| #define GNULIB_TEST_CALLOC_POSIX 1
| #define HAVE_FREE_POSIX 1
| #define GNULIB_TEST_FREE_POSIX 1
| #define HAVE_VISIBILITY 1
| #define HAVE___INLINE 1
| #define GNULIB_TEST_MALLOC_GNU 1
| #define GNULIB_TEST_MALLOC_POSIX 1
| #define GNULIB_TEST_MEMCHR 1
| #define GNULIB_TEST_REALLOC_GNU 1
| #define GNULIB_TEST_REALLOC_POSIX 1
| #define HAVE_REALLOCARRAY 1
| #define GNULIB_REALLOCARRAY 1
| #define GNULIB_TEST_REALLOCARRAY 1
| /* end confdefs.h.  */
| 
|           #if true == false
|            #error "true == false"
|           #endif
|           extern bool b;
|           bool b = true == false;
configure:21387: result: no
configure:21553: checking for strcasecmp
configure:21553: gcc -o conftest -g -O2   conftest.c  >&5
conftest.c:96:6: warning: conflicting types for built-in function 'strcasecmp'; expected 'int(const char *, const char *)' [-Wbuiltin-declaration-mismatch]
   96 | char strcasecmp ();
      |      ^~~~~~~~~~
configure:21553: $? = 0
configure:21553: result: yes
configure:21566: checking for strncasecmp
configure:21566: gcc -o conftest -g -O2   conftest.c  >&5
conftest.c:97:6: warning: conflicting types for built-in function 'strncasecmp'; expected 'int(const char *, const char *, long unsigned int)' [-Wbuiltin-declaration-mismatch]
   97 | char strncasecmp ();
      |      ^~~~~~~~~~~
configure:21566: $? = 0
configure:21566: result: yes
configure:21578: checking whether strncasecmp is declared
configure:21578: gcc -c -g -O2   conftest.c >&5
configure:21578: $? = 0
configure:21578: result: yes
configure:21706: checking for strverscmp
configure:21706: gcc -o conftest -g -O2   conftest.c  >&5
configure:21706: $? = 0
configure:21706: result: yes
configure:21716: checking whether strverscmp works
configure:21746: gcc -o conftest -g -O2   conftest.c  >&5
configure:21746: $? = 0
configure:21746: ./conftest
configure:21746: $? = 0
configure:21758: result: yes
configure:21838: checking whether localtime_r is declared
configure:21838: gcc -c -g -O2   conftest.c >&5
configure:21838: $? = 0
configure:21838: result: yes
configure:21862: checking whether localtime_r is compatible with its POSIX signature
configure:21894: gcc -c -g -O2  conftest.c >&5
configure:21894: $? = 0
configure:21903: result: yes
configure:22125: checking for pkg-config
configure:22148: found /usr/bin/pkg-config
configure:22160: result: /usr/bin/pkg-config
configure:22185: checking pkg-config is at least version 0.9.0
configure:22188: result: yes
configure:22200: checking for gtk-doc
configure:22203: $PKG_CONFIG --exists --print-errors "$gtk_doc_requires"
Package gtk-doc was not found in the pkg-config search path.
Perhaps you should add the directory containing `gtk-doc.pc'
to the PKG_CONFIG_PATH environment variable
No package 'gtk-doc' found
configure:22206: $? = 1
configure:22212: result: no
configure:22216: WARNING:
  You will not be able to create source packages with 'make dist'
  because gtk-doc >= 1.14 is not found.
configure:22226: checking for gtkdoc-check
configure:22261: result: no
configure:22268: checking for gtkdoc-check
configure:22306: result: no
configure:22315: checking for gtkdoc-rebase
configure:22353: result: no
configure:22364: checking for gtkdoc-mkpdf
configure:22402: result: no
configure:22429: checking whether to build gtk-doc documentation
configure:22431: result: no
configure:22444: checking for GTKDOC_DEPS
configure:22451: $PKG_CONFIG --exists --print-errors "glib-2.0 >= 2.10.0 gobject-2.0  >= 2.10.0"
configure:22454: $? = 0
configure:22468: $PKG_CONFIG --exists --print-errors "glib-2.0 >= 2.10.0 gobject-2.0  >= 2.10.0"
configure:22471: $? = 0
configure:22509: result: yes
configure:22598: xmlsec crypto engine: 
configure:22603: checking for XML2
configure:22610: $PKG_CONFIG --exists --print-errors "libxml-2.0"
configure:22613: $? = 0
configure:22627: $PKG_CONFIG --exists --print-errors "libxml-2.0"
configure:22630: $? = 0
configure:22668: result: yes
configure:22674: checking for XMLSEC
configure:22681: $PKG_CONFIG --exists --print-errors "xmlsec1$xmlsecengine"
Package xmlsec1 was not found in the pkg-config search path.
Perhaps you should add the directory containing `xmlsec1.pc'
to the PKG_CONFIG_PATH environment variable
No package 'xmlsec1' found
configure:22684: $? = 1
configure:22698: $PKG_CONFIG --exists --print-errors "xmlsec1$xmlsecengine"
Package xmlsec1 was not found in the pkg-config search path.
Perhaps you should add the directory containing `xmlsec1.pc'
to the PKG_CONFIG_PATH environment variable
No package 'xmlsec1' found
configure:22701: $? = 1
configure:22715: result: no
No package 'xmlsec1' found
configure:22745: checking for xmlcatalog
configure:22768: found /usr/bin/xmlcatalog
configure:22780: result: /usr/bin/xmlcatalog
configure:22796: checking if xmlsec should be used
configure:22798: result: no
configure:22805: checking for xmlSecCryptoAppKeyLoadEx
configure:22818: gcc -o conftest -g -O2    conftest.c   >&5
conftest.c:88:10: fatal error: xmlsec/crypto.h: No such file or directory
   88 | #include <xmlsec/crypto.h>
      |          ^~~~~~~~~~~~~~~~~
compilation terminated.
configure:22818: $? = 1
configure: failed program was:
| /* confdefs.h */
| #define PACKAGE_NAME "libpskc"
| #define PACKAGE_TARNAME "libpskc"
| #define PACKAGE_VERSION "2.6.11"
| #define PACKAGE_STRING "libpskc 2.6.11"
| #define PACKAGE_BUGREPORT "oath-toolkit-help@nongnu.org"
| #define PACKAGE_URL "https://www.nongnu.org/oath-toolkit/"
| #define PACKAGE "libpskc"
| #define VERSION "2.6.11"
| #define HAVE_STDIO_H 1
| #define HAVE_STDLIB_H 1
| #define HAVE_STRING_H 1
| #define HAVE_INTTYPES_H 1
| #define HAVE_STDINT_H 1
| #define HAVE_STRINGS_H 1
| #define HAVE_SYS_STAT_H 1
| #define HAVE_SYS_TYPES_H 1
| #define HAVE_UNISTD_H 1
| #define HAVE_WCHAR_H 1
| #define HAVE_LIMITS_H 1
| #define HAVE_SYS_MMAN_H 1
| #define HAVE_STDBOOL_H 1
| #define HAVE_SYS_TIME_H 1
| #define HAVE_SYS_SOCKET_H 1
| #define HAVE_FEATURES_H 1
| #define STDC_HEADERS 1
| #define _ALL_SOURCE 1
| #define _DARWIN_C_SOURCE 1
| #define _GNU_SOURCE 1
| #define _HPUX_ALT_XOPEN_SOCKET_API 1
| #define _NETBSD_SOURCE 1
| #define _OPENBSD_SOURCE 1
| #define _POSIX_PTHREAD_SEMANTICS 1
| #define __STDC_WANT_IEC_60559_ATTRIBS_EXT__ 1
| #define __STDC_WANT_IEC_60559_BFP_EXT__ 1
| #define __STDC_WANT_IEC_60559_DFP_EXT__ 1
| #define __STDC_WANT_IEC_60559_EXT__ 1
| #define __STDC_WANT_IEC_60559_FUNCS_EXT__ 1
| #define __STDC_WANT_IEC_60559_TYPES_EXT__ 1
| #define __STDC_WANT_LIB_EXT2__ 1
| #define __STDC_WANT_MATH_SPEC_FUNCS__ 1
| #define _TANDEM_SOURCE 1
| #define __EXTENSIONS__ 1
| #define HAVE_DLFCN_H 1
| #define LT_OBJDIR ".libs/"
| #define restrict __restrict__
| #define HAVE_MALLOC_POSIX 1
| #define HAVE_WINT_T 1
| #define HAVE_LONG_LONG_INT 1
| #define HAVE_UNSIGNED_LONG_LONG_INT 1
| #define HAVE_MAP_ANONYMOUS 1
| #define HAVE_MPROTECT 1
| #define HAVE_STRPTIME 1
| #define HAVE_LOCALTIME_R 1
| #define HAVE_MINMAX_IN_SYS_PARAM_H 1
| #define HAVE_WCHAR_T 1
| #define HAVE_LANGINFO_CODESET 1
| #define HAVE_DECL_ECVT 1
| #define HAVE_DECL_FCVT 1
| #define HAVE_DECL_GCVT 1
| #define HAVE_TM_GMTOFF 1
| #define _USE_STD_STAT 1
| #define HAVE_DECL_EXECVPE 1
| #define HAVE_DECL_WCSDUP 1
| #define GNULIB_TEST_CALLOC_GNU 1
| #define GNULIB_TEST_CALLOC_POSIX 1
| #define HAVE_FREE_POSIX 1
| #define GNULIB_TEST_FREE_POSIX 1
| #define HAVE_VISIBILITY 1
| #define HAVE___INLINE 1
| #define GNULIB_TEST_MALLOC_GNU 1
| #define GNULIB_TEST_MALLOC_POSIX 1
| #define GNULIB_TEST_MEMCHR 1
| #define GNULIB_TEST_REALLOC_GNU 1
| #define GNULIB_TEST_REALLOC_POSIX 1
| #define HAVE_REALLOCARRAY 1
| #define GNULIB_REALLOCARRAY 1
| #define GNULIB_TEST_REALLOCARRAY 1
| #define HAVE_STRCASECMP 1
| #define HAVE_STRNCASECMP 1
| #define HAVE_DECL_STRNCASECMP 1
| #define GNULIB_TEST_STRPTIME 1
| #define HAVE_STRVERSCMP 1
| #define GNULIB_TEST_STRVERSCMP 1
| #define HAVE_DECL_LOCALTIME_R 1
| #define GNULIB_TEST_TIME_R 1
| /* end confdefs.h.  */
| #include <xmlsec/crypto.h>
| int
| main (void)
| {
| xmlSecCryptoAppKeyLoadEx(NULL, 0, 0, NULL, NULL, NULL);
|   ;
|   return 0;
| }
configure:22826: result: no
configure:22847: putting PSKC schema files in $(datarootdir)/xml/pskc
configure:23487: checking that generated files are newer than configure
configure:23493: result: done
configure:23602: creating ./config.status

## ---------------------- ##
## Running config.status. ##
## ---------------------- ##

This file was extended by libpskc config.status 2.6.11, which was
generated by GNU Autoconf 2.71.  Invocation command line was

  CONFIG_FILES    = 
  CONFIG_HEADERS  = 
  CONFIG_LINKS    = 
  CONFIG_COMMANDS = 
  $ ./config.status 

on k2r2p8.42mulhouse.fr

config.status:1897: creating Makefile
config.status:1897: creating examples/Makefile
config.status:1897: creating gl/Makefile
config.status:1897: creating gtk-doc/Makefile
config.status:1897: creating gtk-doc/version.xml
config.status:1897: creating include/Makefile
config.status:1897: creating include/pskc/Makefile
config.status:1897: creating include/pskc/version.h
config.status:1897: creating libpskc.pc
config.status:1897: creating man/Makefile
config.status:1897: creating schemas/Makefile
config.status:1897: creating tests/Makefile
config.status:1897: creating config.h
config.status:2126: executing depfiles commands
config.status:2203: cd .       && sed -e '/# am--include-marker/d' Makefile         | make -f - am--depfiles
config.status:2208: $? = 0
config.status:2203: cd examples       && sed -e '/# am--include-marker/d' Makefile         | make -f - am--depfiles
config.status:2208: $? = 0
config.status:2203: cd gl       && sed -e '/# am--include-marker/d' Makefile         | make -f - am--depfiles
config.status:2208: $? = 0
config.status:2203: cd tests       && sed -e '/# am--include-marker/d' Makefile         | make -f - am--depfiles
config.status:2208: $? = 0
config.status:2126: executing libtool commands
configure:25761: summary of build options:

  Libxml2   LIBS:  -lxml2
  Libxml2 CFLAGS:  -I/usr/include/libxml2
  XMLSEC enabled:  no crypto engine: 
  Xmlsec    LIBS:  
  Xmlsec  CFLAGS:  


## ---------------- ##
## Cache variables. ##
## ---------------- ##

ac_cv_build=x86_64-pc-linux-gnu
ac_cv_c_compiler_gnu=yes
ac_cv_c_restrict=__restrict__
ac_cv_c_undeclared_builtin_options='none needed'
ac_cv_env_CC_set=
ac_cv_env_CC_value=
ac_cv_env_CFLAGS_set=
ac_cv_env_CFLAGS_value=
ac_cv_env_CPPFLAGS_set=
ac_cv_env_CPPFLAGS_value=
ac_cv_env_CPP_set=
ac_cv_env_CPP_value=
ac_cv_env_GTKDOC_DEPS_CFLAGS_set=
ac_cv_env_GTKDOC_DEPS_CFLAGS_value=
ac_cv_env_GTKDOC_DEPS_LIBS_set=
ac_cv_env_GTKDOC_DEPS_LIBS_value=
ac_cv_env_LDFLAGS_set=
ac_cv_env_LDFLAGS_value=
ac_cv_env_LIBS_set=
ac_cv_env_LIBS_value=
ac_cv_env_LT_SYS_LIBRARY_PATH_set=
ac_cv_env_LT_SYS_LIBRARY_PATH_value=
ac_cv_env_PKG_CONFIG_LIBDIR_set=
ac_cv_env_PKG_CONFIG_LIBDIR_value=
ac_cv_env_PKG_CONFIG_PATH_set=
ac_cv_env_PKG_CONFIG_PATH_value=
ac_cv_env_PKG_CONFIG_set=
ac_cv_env_PKG_CONFIG_value=
ac_cv_env_VALGRINDFLAGS_set=
ac_cv_env_VALGRINDFLAGS_value=
ac_cv_env_XML2_CFLAGS_set=
ac_cv_env_XML2_CFLAGS_value=
ac_cv_env_XML2_LIBS_set=
ac_cv_env_XML2_LIBS_value=
ac_cv_env_XMLSEC_CFLAGS_set=
ac_cv_env_XMLSEC_CFLAGS_value=
ac_cv_env_XMLSEC_LIBS_set=
ac_cv_env_XMLSEC_LIBS_value=
ac_cv_env_build_alias_set=
ac_cv_env_build_alias_value=
ac_cv_env_host_alias_set=
ac_cv_env_host_alias_value=
ac_cv_env_target_alias_set=
ac_cv_env_target_alias_value=
ac_cv_func_calloc_0_nonnull=yes
ac_cv_func_localtime_r=yes
ac_cv_func_malloc_0_nonnull=yes
ac_cv_func_mmap=yes
ac_cv_func_mprotect=yes
ac_cv_func_realloc_0_nonnull=yes
ac_cv_func_reallocarray=yes
ac_cv_func_strcasecmp=yes
ac_cv_func_strncasecmp=yes
ac_cv_func_strptime=yes
ac_cv_func_strverscmp=yes
ac_cv_have_decl_ecvt=yes
ac_cv_have_decl_execvpe=yes
ac_cv_have_decl_fcvt=yes
ac_cv_have_decl_gcvt=yes
ac_cv_have_decl_localtime_r=yes
ac_cv_have_decl_strncasecmp=yes
ac_cv_have_decl_wcsdup=yes
ac_cv_header_crtdefs_h=no
ac_cv_header_dlfcn_h=yes
ac_cv_header_features_h=yes
ac_cv_header_inttypes_h=yes
ac_cv_header_limits_h=yes
ac_cv_header_minix_config_h=no
ac_cv_header_stdbool_h=yes
ac_cv_header_stdckdint_h=no
ac_cv_header_stdint_h=yes
ac_cv_header_stdio_h=yes
ac_cv_header_stdlib_h=yes
ac_cv_header_string_h=yes
ac_cv_header_strings_h=yes
ac_cv_header_sys_mman_h=yes
ac_cv_header_sys_socket_h=yes
ac_cv_header_sys_stat_h=yes
ac_cv_header_sys_time_h=yes
ac_cv_header_sys_types_h=yes
ac_cv_header_unistd_h=yes
ac_cv_header_wchar_h=yes
ac_cv_host=x86_64-pc-linux-gnu
ac_cv_member_struct_tm_tm_gmtoff=yes
ac_cv_objext=o
ac_cv_path_EGREP='/usr/bin/grep -E'
ac_cv_path_FGREP='/usr/bin/grep -F'
ac_cv_path_GREP=/usr/bin/grep
ac_cv_path_SED=/usr/bin/sed
ac_cv_path_XMLCATALOG=/usr/bin/xmlcatalog
ac_cv_path_ac_pt_PKG_CONFIG=/usr/bin/pkg-config
ac_cv_path_install='/usr/bin/install -c'
ac_cv_path_lt_DD=/usr/bin/dd
ac_cv_path_mkdir=/usr/bin/mkdir
ac_cv_prog_AWK=mawk
ac_cv_prog_CPP='gcc -E'
ac_cv_prog_VALGRIND=valgrind
ac_cv_prog_ac_ct_AR=ar
ac_cv_prog_ac_ct_CC=gcc
ac_cv_prog_ac_ct_MANIFEST_TOOL=mt
ac_cv_prog_ac_ct_OBJDUMP=objdump
ac_cv_prog_ac_ct_RANLIB=ranlib
ac_cv_prog_ac_ct_STRIP=strip
ac_cv_prog_cc_c11=
ac_cv_prog_cc_g=yes
ac_cv_prog_cc_stdc=
ac_cv_prog_make_make_set=yes
ac_cv_safe_to_define___extensions__=yes
ac_cv_should_define__xopen_source=no
ac_cv_type_mode_t=yes
ac_cv_type_off_t=yes
ac_cv_type_pid_t=yes
am_cv_CC_dependencies_compiler_type=gcc3
am_cv_ar_interface=ar
am_cv_langinfo_codeset=yes
am_cv_make_support_nested_variables=yes
am_cv_prog_cc_c_o=yes
gl_cv_c___inline=yes
gl_cv_c_amsterdam_compiler=no
gl_cv_c_bool=no
gl_cv_c_multiarch=no
gl_cv_cc_vis_werror=yes
gl_cv_cc_visibility=yes
gl_cv_cc_wallow=-Wno-error
gl_cv_compiler_check_decl_option=none
gl_cv_compiler_clang=no
gl_cv_decl_null_works=yes
gl_cv_func_free_preserves_errno=yes
gl_cv_func_malloc_posix=yes
gl_cv_func_memchr_works=yes
gl_cv_func_strverscmp_works=yes
gl_cv_func_unreachable=no
gl_cv_have___header_inline=no
gl_cv_have_include_next=yes
gl_cv_header_limits_ssize_max=yes
gl_cv_header_limits_width=yes
gl_cv_header_stdint_width=yes
gl_cv_header_stdint_without_STDC_macros=yes
gl_cv_header_wchar_h_correct_inline=yes
gl_cv_header_working_stdint_h=yes
gl_cv_macro_MB_CUR_MAX_good=yes
gl_cv_malloc_ptrdiff=yes
gl_cv_minmax_in_limits_h=no
gl_cv_minmax_in_sys_param_h=yes
gl_cv_next_inttypes_h='<inttypes.h>'
gl_cv_next_limits_h='<limits.h>'
gl_cv_next_stddef_h='<stddef.h>'
gl_cv_next_stdint_h='<stdint.h>'
gl_cv_next_stdlib_h='<stdlib.h>'
gl_cv_next_string_h='<string.h>'
gl_cv_next_strings_h='<strings.h>'
gl_cv_next_sys_time_h='<sys/time.h>'
gl_cv_next_sys_types_h='<sys/types.h>'
gl_cv_next_time_h='<time.h>'
gl_cv_next_unistd_h='<unistd.h>'
gl_cv_next_wchar_h='<wchar.h>'
gl_cv_onwards_func_reallocarray=yes
gl_cv_opt_valgrind_tests='-q --error-exitcode=1 --leak-check=full '
gl_cv_prog_valgrind_works=yes
gl_cv_source_line_length_unlimited=yes
gl_cv_ssize_t=yes
gl_cv_sys_ld_version_script=yes
gl_cv_sys_struct_timespec_in_time_h=yes
gl_cv_sys_struct_timeval=yes
gl_cv_sys_struct_timeval_tv_sec=yes
gl_cv_time_h_has_TIME_UTC=yes
gl_cv_time_r_posix=yes
gl_cv_type_max_align_t=yes
gl_cv_type_wint_t_large_enough=yes
gt_cv_c_wchar_t=yes
gt_cv_c_wint_t=yes
gt_cv_locale_fr_utf8=fr_FR.UTF-8
lt_cv_ar_at_file=@
lt_cv_archive_cmds_need_lc=no
lt_cv_deplibs_check_method=pass_all
lt_cv_file_magic_cmd='$MAGIC_CMD'
lt_cv_file_magic_test_file=
lt_cv_ld_reload_flag=-r
lt_cv_nm_interface='BSD nm'
lt_cv_objdir=.libs
lt_cv_path_LD=/usr/bin/ld
lt_cv_path_NM='/usr/bin/nm -B'
lt_cv_path_mainfest_tool=no
lt_cv_prog_compiler_c_o=yes
lt_cv_prog_compiler_pic='-fPIC -DPIC'
lt_cv_prog_compiler_pic_works=yes
lt_cv_prog_compiler_rtti_exceptions=no
lt_cv_prog_compiler_static_works=yes
lt_cv_prog_gnu_ld=yes
lt_cv_sharedlib_from_linklib_cmd='printf %s\n'
lt_cv_shlibpath_overrides_runpath=yes
lt_cv_sys_global_symbol_pipe='sed -n -e '\''s/^.*[	 ]\([ABCDGIRSTW][ABCDGIRSTW]*\)[	 ][	 ]*\([_A-Za-z][_A-Za-z0-9]*\)$/\1 \2 \2/p'\'' | sed '\''/ __gnu_lto/d'\'''
lt_cv_sys_global_symbol_to_c_name_address='sed -n -e '\''s/^: \(.*\) .*$/  {"\1", (void *) 0},/p'\'' -e '\''s/^[ABCDGIRSTW][ABCDGIRSTW]* .* \(.*\)$/  {"\1", (void *) \&\1},/p'\'''
lt_cv_sys_global_symbol_to_c_name_address_lib_prefix='sed -n -e '\''s/^: \(.*\) .*$/  {"\1", (void *) 0},/p'\'' -e '\''s/^[ABCDGIRSTW][ABCDGIRSTW]* .* \(lib.*\)$/  {"\1", (void *) \&\1},/p'\'' -e '\''s/^[ABCDGIRSTW][ABCDGIRSTW]* .* \(.*\)$/  {"lib\1", (void *) \&\1},/p'\'''
lt_cv_sys_global_symbol_to_cdecl='sed -n -e '\''s/^T .* \(.*\)$/extern int \1();/p'\'' -e '\''s/^[ABCDGIRSTW][ABCDGIRSTW]* .* \(.*\)$/extern char \1;/p'\'''
lt_cv_sys_global_symbol_to_import=
lt_cv_sys_max_cmd_len=1572864
lt_cv_to_host_file_cmd=func_convert_file_noop
lt_cv_to_tool_file_cmd=func_convert_file_noop
lt_cv_truncate_bin='/usr/bin/dd bs=4096 count=1'
pkg_cv_GTKDOC_DEPS_CFLAGS='-I/usr/include/glib-2.0 -I/usr/lib/x86_64-linux-gnu/glib-2.0/include'
pkg_cv_GTKDOC_DEPS_LIBS='-lgobject-2.0 -lglib-2.0'
pkg_cv_XML2_CFLAGS=-I/usr/include/libxml2
pkg_cv_XML2_LIBS=-lxml2

## ----------------- ##
## Output variables. ##
## ----------------- ##

ACLOCAL='${SHELL} '\''/home/rficht/Documents/piscine_cyber/ft_otp/oath-toolkit-2.6.11/libpskc/build-aux/missing'\'' aclocal-1.16'
AMDEPBACKSLASH='\'
AMDEP_FALSE='#'
AMDEP_TRUE=''
AMTAR='$${TAR-tar}'
AM_BACKSLASH='\'
AM_DEFAULT_V='$(AM_DEFAULT_VERBOSITY)'
AM_DEFAULT_VERBOSITY='1'
AM_V='$(V)'
AM_VALGRINDFLAGS=''
APPLE_UNIVERSAL_BUILD='0'
AR='ar'
ARFLAGS='cr'
AS='as'
AUTOCONF='${SHELL} '\''/home/rficht/Documents/piscine_cyber/ft_otp/oath-toolkit-2.6.11/libpskc/build-aux/missing'\'' autoconf'
AUTOHEADER='${SHELL} '\''/home/rficht/Documents/piscine_cyber/ft_otp/oath-toolkit-2.6.11/libpskc/build-aux/missing'\'' autoheader'
AUTOMAKE='${SHELL} '\''/home/rficht/Documents/piscine_cyber/ft_otp/oath-toolkit-2.6.11/libpskc/build-aux/missing'\'' automake-1.16'
AWK='mawk'
BITSIZEOF_PTRDIFF_T=''
BITSIZEOF_SIG_ATOMIC_T=''
BITSIZEOF_SIZE_T=''
BITSIZEOF_WCHAR_T=''
BITSIZEOF_WINT_T=''
CC='gcc'
CCDEPMODE='depmode=gcc3'
CFLAGS='-g -O2'
CFLAG_VISIBILITY='-fvisibility=hidden'
CPP='gcc -E'
CPPFLAGS=''
CSCOPE='cscope'
CTAGS='ctags'
CYGPATH_W='echo'
DEFAULT_VALGRINDFLAGS='-q --error-exitcode=1 --leak-check=full'
DEFS='-DHAVE_CONFIG_H'
DEPDIR='.deps'
DLLTOOL='false'
DSYMUTIL=''
DUMPBIN=''
ECHO_C=''
ECHO_N='-n'
ECHO_T=''
EGREP='/usr/bin/grep -E'
ENABLE_GTK_DOC_FALSE=''
ENABLE_GTK_DOC_TRUE='#'
ETAGS='etags'
EXEEXT=''
FGREP='/usr/bin/grep -F'
GL_CFLAG_ALLOW_WARNINGS='-Wno-error'
GL_CFLAG_GNULIB_WARNINGS=' -Wno-cast-qual -Wno-conversion -Wno-float-equal -Wno-sign-compare -Wno-undef -Wno-unused-function -Wno-unused-parameter -Wno-float-conversion -Wimplicit-fallthrough -Wno-pedantic -Wno-sign-conversion -Wno-type-limits -Wno-unsuffixed-float-constants'
GL_COND_LIBTOOL_FALSE='#'
GL_COND_LIBTOOL_TRUE=''
GL_COND_OBJ_FREE_FALSE=''
GL_COND_OBJ_FREE_TRUE='#'
GL_COND_OBJ_MEMCHR_FALSE=''
GL_COND_OBJ_MEMCHR_TRUE='#'
GL_COND_OBJ_REALLOCARRAY_FALSE=''
GL_COND_OBJ_REALLOCARRAY_TRUE='#'
GL_COND_OBJ_STRCASECMP_FALSE=''
GL_COND_OBJ_STRCASECMP_TRUE='#'
GL_COND_OBJ_STRNCASECMP_FALSE=''
GL_COND_OBJ_STRNCASECMP_TRUE='#'
GL_COND_OBJ_STRPTIME_FALSE=''
GL_COND_OBJ_STRPTIME_TRUE='#'
GL_COND_OBJ_STRVERSCMP_FALSE=''
GL_COND_OBJ_STRVERSCMP_TRUE='#'
GL_COND_OBJ_TIME_R_FALSE=''
GL_COND_OBJ_TIME_R_TRUE='#'
GL_CXXFLAG_ALLOW_WARNINGS=''
GL_GENERATE_LIMITS_H_FALSE='#'
GL_GENERATE_LIMITS_H_TRUE=''
GL_GENERATE_STDCKDINT_H_FALSE='#'
GL_GENERATE_STDCKDINT_H_TRUE=''
GL_GENERATE_STDDEF_H_FALSE='#'
GL_GENERATE_STDDEF_H_TRUE=''
GL_GENERATE_STDINT_H_FALSE=''
GL_GENERATE_STDINT_H_TRUE='#'
GL_GNULIB_ACCESS='0'
GL_GNULIB_ALIGNED_ALLOC='0'
GL_GNULIB_ATOLL='0'
GL_GNULIB_BTOWC='0'
GL_GNULIB_CALLOC_GNU='1'
GL_GNULIB_CALLOC_POSIX='1'
GL_GNULIB_CANONICALIZE_FILE_NAME='0'
GL_GNULIB_CHDIR='0'
GL_GNULIB_CHOWN='0'
GL_GNULIB_CLOSE='0'
GL_GNULIB_COPY_FILE_RANGE='0'
GL_GNULIB_CTIME='0'
GL_GNULIB_DUP2='0'
GL_GNULIB_DUP3='0'
GL_GNULIB_DUP='0'
GL_GNULIB_ENVIRON='0'
GL_GNULIB_EUIDACCESS='0'
GL_GNULIB_EXECL='0'
GL_GNULIB_EXECLE='0'
GL_GNULIB_EXECLP='0'
GL_GNULIB_EXECV='0'
GL_GNULIB_EXECVE='0'
GL_GNULIB_EXECVP='0'
GL_GNULIB_EXECVPE='0'
GL_GNULIB_EXPLICIT_BZERO='0'
GL_GNULIB_FACCESSAT='0'
GL_GNULIB_FCHDIR='0'
GL_GNULIB_FCHOWNAT='0'
GL_GNULIB_FDATASYNC='0'
GL_GNULIB_FFS='0'
GL_GNULIB_FFSL='0'
GL_GNULIB_FFSLL='0'
GL_GNULIB_FREE_POSIX='1'
GL_GNULIB_FSYNC='0'
GL_GNULIB_FTRUNCATE='0'
GL_GNULIB_GETCWD='0'
GL_GNULIB_GETDOMAINNAME='0'
GL_GNULIB_GETDTABLESIZE='0'
GL_GNULIB_GETENTROPY='0'
GL_GNULIB_GETGROUPS='0'
GL_GNULIB_GETHOSTNAME='0'
GL_GNULIB_GETLOADAVG='0'
GL_GNULIB_GETLOGIN='0'
GL_GNULIB_GETLOGIN_R='0'
GL_GNULIB_GETOPT_POSIX='0'
GL_GNULIB_GETPAGESIZE='0'
GL_GNULIB_GETPASS='0'
GL_GNULIB_GETPASS_GNU='0'
GL_GNULIB_GETPROGNAME='0'
GL_GNULIB_GETSUBOPT='0'
GL_GNULIB_GETTIMEOFDAY='0'
GL_GNULIB_GETUSERSHELL='0'
GL_GNULIB_GRANTPT='0'
GL_GNULIB_GROUP_MEMBER='0'
GL_GNULIB_IMAXABS='0'
GL_GNULIB_IMAXDIV='0'
GL_GNULIB_ISATTY='0'
GL_GNULIB_LCHOWN='0'
GL_GNULIB_LINK='0'
GL_GNULIB_LINKAT='0'
GL_GNULIB_LOCALTIME='0'
GL_GNULIB_LSEEK='0'
GL_GNULIB_MALLOC_GNU='1'
GL_GNULIB_MALLOC_POSIX='1'
GL_GNULIB_MBRLEN='0'
GL_GNULIB_MBRTOWC='0'
GL_GNULIB_MBSCASECMP='0'
GL_GNULIB_MBSCASESTR='0'
GL_GNULIB_MBSCHR='0'
GL_GNULIB_MBSCSPN='0'
GL_GNULIB_MBSINIT='0'
GL_GNULIB_MBSLEN='0'
GL_GNULIB_MBSNCASECMP='0'
GL_GNULIB_MBSNLEN='0'
GL_GNULIB_MBSNRTOWCS='0'
GL_GNULIB_MBSPBRK='0'
GL_GNULIB_MBSPCASECMP='0'
GL_GNULIB_MBSRCHR='0'
GL_GNULIB_MBSRTOWCS='0'
GL_GNULIB_MBSSEP='0'
GL_GNULIB_MBSSPN='0'
GL_GNULIB_MBSSTR='0'
GL_GNULIB_MBSTOK_R='0'
GL_GNULIB_MBSTOWCS='0'
GL_GNULIB_MBSZERO='0'
GL_GNULIB_MBTOWC='0'
GL_GNULIB_MDA_ACCESS='1'
GL_GNULIB_MDA_CHDIR='1'
GL_GNULIB_MDA_CLOSE='1'
GL_GNULIB_MDA_DUP2='1'
GL_GNULIB_MDA_DUP='1'
GL_GNULIB_MDA_ECVT='1'
GL_GNULIB_MDA_EXECL='1'
GL_GNULIB_MDA_EXECLE='1'
GL_GNULIB_MDA_EXECLP='1'
GL_GNULIB_MDA_EXECV='1'
GL_GNULIB_MDA_EXECVE='1'
GL_GNULIB_MDA_EXECVP='1'
GL_GNULIB_MDA_EXECVPE='1'
GL_GNULIB_MDA_FCVT='1'
GL_GNULIB_MDA_GCVT='1'
GL_GNULIB_MDA_GETCWD='1'
GL_GNULIB_MDA_GETPID='1'
GL_GNULIB_MDA_ISATTY='1'
GL_GNULIB_MDA_LSEEK='1'
GL_GNULIB_MDA_MEMCCPY='1'
GL_GNULIB_MDA_MKTEMP='1'
GL_GNULIB_MDA_PUTENV='1'
GL_GNULIB_MDA_READ='1'
GL_GNULIB_MDA_RMDIR='1'
GL_GNULIB_MDA_STRDUP='1'
GL_GNULIB_MDA_SWAB='1'
GL_GNULIB_MDA_TZSET='1'
GL_GNULIB_MDA_UNLINK='1'
GL_GNULIB_MDA_WCSDUP='1'
GL_GNULIB_MDA_WRITE='1'
GL_GNULIB_MEMCHR='1'
GL_GNULIB_MEMMEM='0'
GL_GNULIB_MEMPCPY='0'
GL_GNULIB_MEMRCHR='0'
GL_GNULIB_MEMSET_EXPLICIT='0'
GL_GNULIB_MKDTEMP='0'
GL_GNULIB_MKOSTEMP='0'
GL_GNULIB_MKOSTEMPS='0'
GL_GNULIB_MKSTEMP='0'
GL_GNULIB_MKSTEMPS='0'
GL_GNULIB_MKTIME='0'
GL_GNULIB_NANOSLEEP='0'
GL_GNULIB_PIPE2='0'
GL_GNULIB_PIPE='0'
GL_GNULIB_POSIX_MEMALIGN='0'
GL_GNULIB_POSIX_OPENPT='0'
GL_GNULIB_PREAD='0'
GL_GNULIB_PTSNAME='0'
GL_GNULIB_PTSNAME_R='0'
GL_GNULIB_PUTENV='0'
GL_GNULIB_PWRITE='0'
GL_GNULIB_QSORT_R='0'
GL_GNULIB_RAND='0'
GL_GNULIB_RANDOM='0'
GL_GNULIB_RANDOM_R='0'
GL_GNULIB_RAWMEMCHR='0'
GL_GNULIB_READ='0'
GL_GNULIB_READLINK='0'
GL_GNULIB_READLINKAT='0'
GL_GNULIB_REALLOCARRAY='1'
GL_GNULIB_REALLOC_GNU='1'
GL_GNULIB_REALLOC_POSIX='1'
GL_GNULIB_REALPATH='0'
GL_GNULIB_RMDIR='0'
GL_GNULIB_RPMATCH='0'
GL_GNULIB_SECURE_GETENV='0'
GL_GNULIB_SETENV='0'
GL_GNULIB_SETHOSTNAME='0'
GL_GNULIB_SIGABBREV_NP='0'
GL_GNULIB_SIGDESCR_NP='0'
GL_GNULIB_SLEEP='0'
GL_GNULIB_STPCPY='0'
GL_GNULIB_STPNCPY='0'
GL_GNULIB_STRCASESTR='0'
GL_GNULIB_STRCHRNUL='0'
GL_GNULIB_STRDUP='0'
GL_GNULIB_STRERROR='0'
GL_GNULIB_STRERRORNAME_NP='0'
GL_GNULIB_STRERROR_R='0'
GL_GNULIB_STRFTIME='0'
GL_GNULIB_STRNCAT='0'
GL_GNULIB_STRNDUP='0'
GL_GNULIB_STRNLEN='0'
GL_GNULIB_STRPBRK='0'
GL_GNULIB_STRPTIME='1'
GL_GNULIB_STRSEP='0'
GL_GNULIB_STRSIGNAL='0'
GL_GNULIB_STRSTR='0'
GL_GNULIB_STRTOD='0'
GL_GNULIB_STRTOIMAX='0'
GL_GNULIB_STRTOK_R='0'
GL_GNULIB_STRTOL='0'
GL_GNULIB_STRTOLD='0'
GL_GNULIB_STRTOLL='0'
GL_GNULIB_STRTOUL='0'
GL_GNULIB_STRTOULL='0'
GL_GNULIB_STRTOUMAX='0'
GL_GNULIB_STRVERSCMP='1'
GL_GNULIB_SYMLINK='0'
GL_GNULIB_SYMLINKAT='0'
GL_GNULIB_SYSTEM_POSIX='0'
GL_GNULIB_TIME='0'
GL_GNULIB_TIMEGM='0'
GL_GNULIB_TIMESPEC_GET='0'
GL_GNULIB_TIMESPEC_GETRES='0'
GL_GNULIB_TIME_R='1'
GL_GNULIB_TIME_RZ='0'
GL_GNULIB_TRUNCATE='0'
GL_GNULIB_TTYNAME_R='0'
GL_GNULIB_TZSET='0'
GL_GNULIB_UNISTD_H_GETOPT='0'
GL_GNULIB_UNISTD_H_NONBLOCKING='0'
GL_GNULIB_UNISTD_H_SIGPIPE='0'
GL_GNULIB_UNLINK='0'
GL_GNULIB_UNLINKAT='0'
GL_GNULIB_UNLOCKPT='0'
GL_GNULIB_UNSETENV='0'
GL_GNULIB_USLEEP='0'
GL_GNULIB_WCPCPY='0'
GL_GNULIB_WCPNCPY='0'
GL_GNULIB_WCRTOMB='0'
GL_GNULIB_WCSCASECMP='0'
GL_GNULIB_WCSCAT='0'
GL_GNULIB_WCSCHR='0'
GL_GNULIB_WCSCMP='0'
GL_GNULIB_WCSCOLL='0'
GL_GNULIB_WCSCPY='0'
GL_GNULIB_WCSCSPN='0'
GL_GNULIB_WCSDUP='0'
GL_GNULIB_WCSFTIME='0'
GL_GNULIB_WCSLEN='0'
GL_GNULIB_WCSNCASECMP='0'
GL_GNULIB_WCSNCAT='0'
GL_GNULIB_WCSNCMP='0'
GL_GNULIB_WCSNCPY='0'
GL_GNULIB_WCSNLEN='0'
GL_GNULIB_WCSNRTOMBS='0'
GL_GNULIB_WCSPBRK='0'
GL_GNULIB_WCSRCHR='0'
GL_GNULIB_WCSRTOMBS='0'
GL_GNULIB_WCSSPN='0'
GL_GNULIB_WCSSTR='0'
GL_GNULIB_WCSTOK='0'
GL_GNULIB_WCSWIDTH='0'
GL_GNULIB_WCSXFRM='0'
GL_GNULIB_WCTOB='0'
GL_GNULIB_WCTOMB='0'
GL_GNULIB_WCWIDTH='0'
GL_GNULIB_WGETCWD='0'
GL_GNULIB_WMEMCHR='0'
GL_GNULIB_WMEMCMP='0'
GL_GNULIB_WMEMCPY='0'
GL_GNULIB_WMEMMOVE='0'
GL_GNULIB_WMEMPCPY='0'
GL_GNULIB_WMEMSET='0'
GL_GNULIB_WRITE='0'
GL_GNULIB__EXIT='0'
GNULIBHEADERS_OVERRIDE_WINT_T='0'
GREP='/usr/bin/grep'
GTKDOC_CHECK=''
GTKDOC_CHECK_PATH=''
GTKDOC_DEPS_CFLAGS='-I/usr/include/glib-2.0 -I/usr/lib/x86_64-linux-gnu/glib-2.0/include'
GTKDOC_DEPS_LIBS='-lgobject-2.0 -lglib-2.0'
GTKDOC_MKPDF=''
GTKDOC_REBASE='true'
GTK_DOC_BUILD_HTML_FALSE='#'
GTK_DOC_BUILD_HTML_TRUE=''
GTK_DOC_BUILD_PDF_FALSE=''
GTK_DOC_BUILD_PDF_TRUE='#'
GTK_DOC_USE_LIBTOOL_FALSE='#'
GTK_DOC_USE_LIBTOOL_TRUE=''
GTK_DOC_USE_REBASE_FALSE='#'
GTK_DOC_USE_REBASE_TRUE=''
HAVE_ALIGNED_ALLOC='1'
HAVE_ATOLL='1'
HAVE_BTOWC='1'
HAVE_C99_STDINT_H='1'
HAVE_CANONICALIZE_FILE_NAME='1'
HAVE_CHOWN='1'
HAVE_COPY_FILE_RANGE='1'
HAVE_CRTDEFS_H='0'
HAVE_DECL_ECVT='1'
HAVE_DECL_ENVIRON='1'
HAVE_DECL_EXECVPE='1'
HAVE_DECL_FCHDIR='1'
HAVE_DECL_FCVT='1'
HAVE_DECL_FDATASYNC='1'
HAVE_DECL_GCVT='1'
HAVE_DECL_GETDOMAINNAME='1'
HAVE_DECL_GETLOADAVG='1'
HAVE_DECL_GETLOGIN='1'
HAVE_DECL_GETLOGIN_R='1'
HAVE_DECL_GETPAGESIZE='1'
HAVE_DECL_GETUSERSHELL='1'
HAVE_DECL_IMAXABS='1'
HAVE_DECL_IMAXDIV='1'
HAVE_DECL_INITSTATE='1'
HAVE_DECL_LOCALTIME_R='1'
HAVE_DECL_MEMMEM='1'
HAVE_DECL_MEMRCHR='1'
HAVE_DECL_PROGRAM_INVOCATION_NAME='1'
HAVE_DECL_SETENV='1'
HAVE_DECL_SETHOSTNAME='1'
HAVE_DECL_SETSTATE='1'
HAVE_DECL_STRDUP='1'
HAVE_DECL_STRERROR_R='1'
HAVE_DECL_STRNCASECMP='1'
HAVE_DECL_STRNDUP='1'
HAVE_DECL_STRNLEN='1'
HAVE_DECL_STRSIGNAL='1'
HAVE_DECL_STRTOIMAX='1'
HAVE_DECL_STRTOK_R='1'
HAVE_DECL_STRTOUMAX='1'
HAVE_DECL_TRUNCATE='1'
HAVE_DECL_TTYNAME_R='1'
HAVE_DECL_UNSETENV='1'
HAVE_DECL_WCSDUP='1'
HAVE_DECL_WCTOB='1'
HAVE_DECL_WCWIDTH='1'
HAVE_DUP3='1'
HAVE_EUIDACCESS='1'
HAVE_EXECVPE='1'
HAVE_EXPLICIT_BZERO='1'
HAVE_FACCESSAT='1'
HAVE_FCHDIR='1'
HAVE_FCHOWNAT='1'
HAVE_FDATASYNC='1'
HAVE_FEATURES_H='1'
HAVE_FFS='1'
HAVE_FFSL='1'
HAVE_FFSLL='1'
HAVE_FSYNC='1'
HAVE_FTRUNCATE='1'
HAVE_GETDTABLESIZE='1'
HAVE_GETENTROPY='1'
HAVE_GETGROUPS='1'
HAVE_GETHOSTNAME='1'
HAVE_GETLOGIN='1'
HAVE_GETPAGESIZE='1'
HAVE_GETPASS='1'
HAVE_GETPROGNAME='1'
HAVE_GETSUBOPT='1'
HAVE_GETTIMEOFDAY='1'
HAVE_GRANTPT='1'
HAVE_GROUP_MEMBER='1'
HAVE_GTK_DOC_FALSE=''
HAVE_GTK_DOC_TRUE='#'
HAVE_IMAXABS='1'
HAVE_IMAXDIV='1'
HAVE_IMAXDIV_T='1'
HAVE_INITSTATE='1'
HAVE_INTTYPES_H='1'
HAVE_LCHOWN='1'
HAVE_LD_VERSION_SCRIPT_FALSE='#'
HAVE_LD_VERSION_SCRIPT_TRUE=''
HAVE_LINK='1'
HAVE_LINKAT='1'
HAVE_MAX_ALIGN_T='1'
HAVE_MBRLEN='1'
HAVE_MBRTOWC='1'
HAVE_MBSINIT='1'
HAVE_MBSLEN='0'
HAVE_MBSNRTOWCS='1'
HAVE_MBSRTOWCS='1'
HAVE_MBTOWC='1'
HAVE_MEMPCPY='1'
HAVE_MEMSET_EXPLICIT='1'
HAVE_MKDTEMP='1'
HAVE_MKOSTEMP='1'
HAVE_MKOSTEMPS='1'
HAVE_MKSTEMP='1'
HAVE_MKSTEMPS='1'
HAVE_NANOSLEEP='1'
HAVE_OS_H='0'
HAVE_PIPE2='1'
HAVE_PIPE='1'
HAVE_POSIX_MEMALIGN='1'
HAVE_POSIX_OPENPT='1'
HAVE_PREAD='1'
HAVE_PTSNAME='1'
HAVE_PTSNAME_R='1'
HAVE_PWRITE='1'
HAVE_QSORT_R='1'
HAVE_RANDOM='1'
HAVE_RANDOM_H='1'
HAVE_RANDOM_R='1'
HAVE_RAWMEMCHR='1'
HAVE_READLINK='1'
HAVE_READLINKAT='1'
HAVE_REALLOCARRAY='1'
HAVE_REALPATH='1'
HAVE_RPMATCH='1'
HAVE_SECURE_GETENV='1'
HAVE_SETENV='1'
HAVE_SETHOSTNAME='1'
HAVE_SETSTATE='1'
HAVE_SIGABBREV_NP='1'
HAVE_SIGDESCR_NP='1'
HAVE_SIGNED_SIG_ATOMIC_T=''
HAVE_SIGNED_WCHAR_T=''
HAVE_SIGNED_WINT_T=''
HAVE_SLEEP='1'
HAVE_STDINT_H='1'
HAVE_STPCPY='1'
HAVE_STPNCPY='1'
HAVE_STRCASECMP='1'
HAVE_STRCASESTR='1'
HAVE_STRCHRNUL='1'
HAVE_STRERRORNAME_NP='1'
HAVE_STRINGS_H='1'
HAVE_STRPBRK='1'
HAVE_STRPTIME='1'
HAVE_STRSEP='1'
HAVE_STRTOD='1'
HAVE_STRTOL='1'
HAVE_STRTOLD='1'
HAVE_STRTOLL='1'
HAVE_STRTOUL='1'
HAVE_STRTOULL='1'
HAVE_STRUCT_RANDOM_DATA='1'
HAVE_STRUCT_TIMEVAL='1'
HAVE_STRVERSCMP='1'
HAVE_SYMLINK='1'
HAVE_SYMLINKAT='1'
HAVE_SYS_BITYPES_H='0'
HAVE_SYS_INTTYPES_H='0'
HAVE_SYS_LOADAVG_H='0'
HAVE_SYS_PARAM_H='0'
HAVE_SYS_TIME_H='1'
HAVE_SYS_TYPES_H='1'
HAVE_TIMEGM='1'
HAVE_TIMESPEC_GET='1'
HAVE_TIMESPEC_GETRES='1'
HAVE_TIMEZONE_T='0'
HAVE_UNISTD_H='1'
HAVE_UNLINKAT='1'
HAVE_UNLOCKPT='1'
HAVE_USLEEP='1'
HAVE_VISIBILITY='1'
HAVE_WCHAR_H='1'
HAVE_WCHAR_T='1'
HAVE_WCPCPY='1'
HAVE_WCPNCPY='1'
HAVE_WCRTOMB='1'
HAVE_WCSCASECMP='1'
HAVE_WCSCAT='1'
HAVE_WCSCHR='1'
HAVE_WCSCMP='1'
HAVE_WCSCOLL='1'
HAVE_WCSCPY='1'
HAVE_WCSCSPN='1'
HAVE_WCSDUP='1'
HAVE_WCSFTIME='1'
HAVE_WCSLEN='1'
HAVE_WCSNCASECMP='1'
HAVE_WCSNCAT='1'
HAVE_WCSNCMP='1'
HAVE_WCSNCPY='1'
HAVE_WCSNLEN='1'
HAVE_WCSNRTOMBS='1'
HAVE_WCSPBRK='1'
HAVE_WCSRCHR='1'
HAVE_WCSRTOMBS='1'
HAVE_WCSSPN='1'
HAVE_WCSSTR='1'
HAVE_WCSTOK='1'
HAVE_WCSWIDTH='1'
HAVE_WCSXFRM='1'
HAVE_WINSOCK2_H='0'
HAVE_WINT_T='1'
HAVE_WMEMCHR='1'
HAVE_WMEMCMP='1'
HAVE_WMEMCPY='1'
HAVE_WMEMMOVE='1'
HAVE_WMEMPCPY='1'
HAVE_WMEMSET='1'
HAVE__EXIT='1'
HTML_DIR='${datadir}/gtk-doc/html'
INCLUDE_NEXT='include_next'
INCLUDE_NEXT_AS_FIRST_DIRECTIVE='include_next'
INSTALL_DATA='${INSTALL} -m 644'
INSTALL_PROGRAM='${INSTALL}'
INSTALL_SCRIPT='${INSTALL}'
INSTALL_STRIP_PROGRAM='$(install_sh) -c -s'
INT32_MAX_LT_INTMAX_MAX='1'
INT64_MAX_EQ_LONG_MAX='defined _LP64'
LC_COLLATE_IMPLEMENTED='true'
LC_MONETARY_IMPLEMENTED='true'
LC_NUMERIC_IMPLEMENTED='true'
LC_TIME_IMPLEMENTED='true'
LD='/usr/bin/ld -m elf_x86_64'
LDFLAGS=''
LIBOBJS=''
LIBS=''
LIBTESTS_LIBDEPS=''
LIBTOOL='$(SHELL) $(top_builddir)/libtool'
LIMITS_H='limits.h'
LIPO=''
LN_S='ln -s'
LOCALE_FR_UTF8='fr_FR.UTF-8'
LOG_VALGRIND='$(VALGRIND_PROGRAM) $(DEFAULT_VALGRINDFLAGS) $(VALGRINDFLAGS) $(AM_VALGRINDFLAGS)'
LTLIBOBJS=''
LT_AGE='0'
LT_CURRENT='0'
LT_REVISION='1'
LT_SYS_LIBRARY_PATH=''
MAKEINFO='${SHELL} '\''/home/rficht/Documents/piscine_cyber/ft_otp/oath-toolkit-2.6.11/libpskc/build-aux/missing'\'' makeinfo'
MANIFEST_TOOL=':'
MKDIR_P='/usr/bin/mkdir -p'
NEXT_AS_FIRST_DIRECTIVE_INTTYPES_H='<inttypes.h>'
NEXT_AS_FIRST_DIRECTIVE_LIMITS_H='<limits.h>'
NEXT_AS_FIRST_DIRECTIVE_STDDEF_H='<stddef.h>'
NEXT_AS_FIRST_DIRECTIVE_STDINT_H='<stdint.h>'
NEXT_AS_FIRST_DIRECTIVE_STDLIB_H='<stdlib.h>'
NEXT_AS_FIRST_DIRECTIVE_STRINGS_H='<strings.h>'
NEXT_AS_FIRST_DIRECTIVE_STRING_H='<string.h>'
NEXT_AS_FIRST_DIRECTIVE_SYS_TIME_H='<sys/time.h>'
NEXT_AS_FIRST_DIRECTIVE_SYS_TYPES_H='<sys/types.h>'
NEXT_AS_FIRST_DIRECTIVE_TIME_H='<time.h>'
NEXT_AS_FIRST_DIRECTIVE_UNISTD_H='<unistd.h>'
NEXT_AS_FIRST_DIRECTIVE_WCHAR_H='<wchar.h>'
NEXT_INTTYPES_H='<inttypes.h>'
NEXT_LIMITS_H='<limits.h>'
NEXT_STDDEF_H='<stddef.h>'
NEXT_STDINT_H='<stdint.h>'
NEXT_STDLIB_H='<stdlib.h>'
NEXT_STRINGS_H='<strings.h>'
NEXT_STRING_H='<string.h>'
NEXT_SYS_TIME_H='<sys/time.h>'
NEXT_SYS_TYPES_H='<sys/types.h>'
NEXT_TIME_H='<time.h>'
NEXT_UNISTD_H='<unistd.h>'
NEXT_WCHAR_H='<wchar.h>'
NM='/usr/bin/nm -B'
NMEDIT=''
OBJDUMP='objdump'
OBJEXT='o'
OTOOL64=''
OTOOL=''
PACKAGE='libpskc'
PACKAGE_BUGREPORT='oath-toolkit-help@nongnu.org'
PACKAGE_NAME='libpskc'
PACKAGE_STRING='libpskc 2.6.11'
PACKAGE_TARNAME='libpskc'
PACKAGE_URL='https://www.nongnu.org/oath-toolkit/'
PACKAGE_VERSION='2.6.11'
PATH_SEPARATOR=':'
PKG_CONFIG='/usr/bin/pkg-config'
PKG_CONFIG_LIBDIR=''
PKG_CONFIG_PATH=''
PRAGMA_COLUMNS=''
PRAGMA_SYSTEM_HEADER='#pragma GCC system_header'
PRIPTR_PREFIX='__PRIPTR_PREFIX'
PTHREAD_H_DEFINES_STRUCT_TIMESPEC='0'
PTRDIFF_T_SUFFIX=''
RANLIB='ranlib'
REPLACE_ACCESS='0'
REPLACE_ALIGNED_ALLOC='0'
REPLACE_BTOWC='0'
REPLACE_CALLOC_FOR_CALLOC_GNU='0'
REPLACE_CALLOC_FOR_CALLOC_POSIX='0'
REPLACE_CANONICALIZE_FILE_NAME='0'
REPLACE_CHOWN='0'
REPLACE_CLOSE='0'
REPLACE_COPY_FILE_RANGE='0'
REPLACE_CTIME='0'
REPLACE_DUP2='0'
REPLACE_DUP3='0'
REPLACE_DUP='0'
REPLACE_EXECL='0'
REPLACE_EXECLE='0'
REPLACE_EXECLP='0'
REPLACE_EXECV='0'
REPLACE_EXECVE='0'
REPLACE_EXECVP='0'
REPLACE_EXECVPE='0'
REPLACE_FACCESSAT='0'
REPLACE_FCHDIR='0'
REPLACE_FCHOWNAT='0'
REPLACE_FDATASYNC='0'
REPLACE_FFSLL='0'
REPLACE_FREE='0'
REPLACE_FTRUNCATE='0'
REPLACE_GETCWD='0'
REPLACE_GETDOMAINNAME='0'
REPLACE_GETDTABLESIZE='0'
REPLACE_GETENTROPY='0'
REPLACE_GETGROUPS='0'
REPLACE_GETLOADAVG='0'
REPLACE_GETLOGIN_R='0'
REPLACE_GETPAGESIZE='0'
REPLACE_GETPASS='0'
REPLACE_GETPASS_FOR_GETPASS_GNU='0'
REPLACE_GETPROGNAME='0'
REPLACE_GETSUBOPT='0'
REPLACE_GETTIMEOFDAY='0'
REPLACE_GMTIME='0'
REPLACE_IMAXABS='0'
REPLACE_IMAXDIV='0'
REPLACE_INITSTATE='0'
REPLACE_ISATTY='0'
REPLACE_LCHOWN='0'
REPLACE_LINK='0'
REPLACE_LINKAT='0'
REPLACE_LOCALTIME='0'
REPLACE_LOCALTIME_R='0'
REPLACE_LSEEK='0'
REPLACE_MALLOC_FOR_MALLOC_GNU='0'
REPLACE_MALLOC_FOR_MALLOC_POSIX='0'
REPLACE_MBRLEN='0'
REPLACE_MBRTOWC='0'
REPLACE_MBSINIT='0'
REPLACE_MBSNRTOWCS='0'
REPLACE_MBSRTOWCS='0'
REPLACE_MBSTATE_T='0'
REPLACE_MBSTOWCS='0'
REPLACE_MBTOWC='0'
REPLACE_MB_CUR_MAX='0'
REPLACE_MEMCHR='0'
REPLACE_MEMMEM='0'
REPLACE_MEMPCPY='0'
REPLACE_MKOSTEMP='0'
REPLACE_MKOSTEMPS='0'
REPLACE_MKSTEMP='0'
REPLACE_MKTIME='0'
REPLACE_NANOSLEEP='0'
REPLACE_NULL='0'
REPLACE_PIPE2='0'
REPLACE_POSIX_MEMALIGN='0'
REPLACE_POSIX_OPENPT='0'
REPLACE_PREAD='0'
REPLACE_PTSNAME='0'
REPLACE_PTSNAME_R='0'
REPLACE_PUTENV='0'
REPLACE_PWRITE='0'
REPLACE_QSORT_R='0'
REPLACE_RAND='0'
REPLACE_RANDOM='0'
REPLACE_RANDOM_R='0'
REPLACE_READ='0'
REPLACE_READLINK='0'
REPLACE_READLINKAT='0'
REPLACE_REALLOCARRAY='0'
REPLACE_REALLOC_FOR_REALLOC_GNU='0'
REPLACE_REALLOC_FOR_REALLOC_POSIX='0'
REPLACE_REALPATH='0'
REPLACE_RMDIR='0'
REPLACE_SETENV='0'
REPLACE_SETHOSTNAME='0'
REPLACE_SETSTATE='0'
REPLACE_SLEEP='0'
REPLACE_STPCPY='0'
REPLACE_STPNCPY='0'
REPLACE_STRCASESTR='0'
REPLACE_STRCHRNUL='0'
REPLACE_STRDUP='0'
REPLACE_STRERROR='0'
REPLACE_STRERRORNAME_NP='0'
REPLACE_STRERROR_R='0'
REPLACE_STRFTIME='0'
REPLACE_STRNCAT='0'
REPLACE_STRNDUP='0'
REPLACE_STRNLEN='0'
REPLACE_STRSIGNAL='0'
REPLACE_STRSTR='0'
REPLACE_STRTOD='0'
REPLACE_STRTOIMAX='0'
REPLACE_STRTOK_R='0'
REPLACE_STRTOL='0'
REPLACE_STRTOLD='0'
REPLACE_STRTOLL='0'
REPLACE_STRTOUL='0'
REPLACE_STRTOULL='0'
REPLACE_STRTOUMAX='0'
REPLACE_STRUCT_TIMEVAL='0'
REPLACE_STRVERSCMP='0'
REPLACE_SYMLINK='0'
REPLACE_SYMLINKAT='0'
REPLACE_TIME='0'
REPLACE_TIMEGM='0'
REPLACE_TIMESPEC_GET='0'
REPLACE_TRUNCATE='0'
REPLACE_TTYNAME_R='0'
REPLACE_TZSET='0'
REPLACE_UNLINK='0'
REPLACE_UNLINKAT='0'
REPLACE_UNSETENV='0'
REPLACE_USLEEP='0'
REPLACE_WCRTOMB='0'
REPLACE_WCSCMP='0'
REPLACE_WCSFTIME='0'
REPLACE_WCSNCMP='0'
REPLACE_WCSNRTOMBS='0'
REPLACE_WCSRTOMBS='0'
REPLACE_WCSSTR='0'
REPLACE_WCSTOK='0'
REPLACE_WCSWIDTH='0'
REPLACE_WCTOB='0'
REPLACE_WCTOMB='0'
REPLACE_WCWIDTH='0'
REPLACE_WMEMCMP='0'
REPLACE_WMEMPCPY='0'
REPLACE_WRITE='0'
REPLACE__EXIT='0'
SED='/usr/bin/sed'
SET_MAKE=''
SHELL='/bin/bash'
SIG_ATOMIC_T_SUFFIX=''
SIZE_T_SUFFIX=''
STDCKDINT_H='stdckdint.h'
STDDEF_H='stddef.h'
STDINT_H=''
STRIP='strip'
SYS_TIME_H_DEFINES_STRUCT_TIMESPEC='0'
TIME_H_DEFINES_STRUCT_TIMESPEC='1'
TIME_H_DEFINES_TIME_UTC='1'
UINT32_MAX_LT_UINTMAX_MAX='1'
UINT64_MAX_EQ_ULONG_MAX='defined _LP64'
UNDEFINE_STRTOK_R='0'
UNISTD_H_DEFINES_STRUCT_TIMESPEC='0'
UNISTD_H_HAVE_SYS_RANDOM_H='0'
UNISTD_H_HAVE_WINSOCK2_H='0'
UNISTD_H_HAVE_WINSOCK2_H_AND_USE_SOCKETS='0'
VALGRIND='valgrind -q --error-exitcode=1 --leak-check=full '
VALGRINDFLAGS=''
VALGRIND_PROGRAM='valgrind'
VERSION='2.6.11'
VERSION_NUMBER='0x02060b00'
WARN_CFLAGS=''
WCHAR_T_SUFFIX=''
WERROR_CFLAGS=''
WINDOWS_64_BIT_OFF_T='0'
WINDOWS_STAT_INODES='0'
WINT_T_SUFFIX=''
XML2_CFLAGS='-I/usr/include/libxml2'
XML2_LIBS='-lxml2'
XMLCATALOG='/usr/bin/xmlcatalog'
XMLSEC_CFLAGS=''
XMLSEC_LIBS=''
ac_ct_AR='ar'
ac_ct_CC='gcc'
ac_ct_DUMPBIN=''
am__EXEEXT_FALSE=''
am__EXEEXT_TRUE='#'
am__fastdepCC_FALSE='#'
am__fastdepCC_TRUE=''
am__include='include'
am__isrc=''
am__leading_dot='.'
am__nodep='_no'
am__quote=''
am__tar='$${TAR-tar} chof - "$$tardir"'
am__untar='$${TAR-tar} xf -'
bindir='${exec_prefix}/bin'
build='x86_64-pc-linux-gnu'
build_alias=''
build_cpu='x86_64'
build_os='linux-gnu'
build_vendor='pc'
datadir='${datarootdir}'
datarootdir='${prefix}/share'
docdir='${datarootdir}/doc/${PACKAGE_TARNAME}'
dvidir='${docdir}'
exec_prefix='${prefix}'
gl_LIBOBJDEPS=''
gl_LIBOBJS=''
gl_LTLIBOBJS=''
gltests_LIBOBJDEPS=''
gltests_LIBOBJS=''
gltests_LTLIBOBJS=''
gltests_WITNESS='IN_LIBPSKC_GNULIB_TESTS'
host='x86_64-pc-linux-gnu'
host_alias=''
host_cpu='x86_64'
host_os='linux-gnu'
host_vendor='pc'
htmldir='${docdir}'
includedir='${prefix}/include'
infodir='${datarootdir}/info'
install_sh='${SHELL} /home/rficht/Documents/piscine_cyber/ft_otp/oath-toolkit-2.6.11/libpskc/build-aux/install-sh'
libdir='${exec_prefix}/lib'
libexecdir='${exec_prefix}/libexec'
localedir='${datarootdir}/locale'
localstatedir='${prefix}/var'
mandir='${datarootdir}/man'
mkdir_p='$(MKDIR_P)'
oldincludedir='/usr/include'
pdfdir='${docdir}'
prefix='/home/rficht/.local'
program_transform_name='s,x,x,'
psdir='${docdir}'
pskcschemadir='$(datarootdir)/xml/pskc'
runstatedir='${localstatedir}/run'
sbindir='${exec_prefix}/sbin'
sharedstatedir='${prefix}/com'
sysconfdir='${prefix}/etc'
target_alias=''

## ----------- ##
## confdefs.h. ##
## ----------- ##

/* confdefs.h */
#define PACKAGE_NAME "libpskc"
#define PACKAGE_TARNAME "libpskc"
#define PACKAGE_VERSION "2.6.11"
#define PACKAGE_STRING "libpskc 2.6.11"
#define PACKAGE_BUGREPORT "oath-toolkit-help@nongnu.org"
#define PACKAGE_URL "https://www.nongnu.org/oath-toolkit/"
#define PACKAGE "libpskc"
#define VERSION "2.6.11"
#define HAVE_STDIO_H 1
#define HAVE_STDLIB_H 1
#define HAVE_STRING_H 1
#define HAVE_INTTYPES_H 1
#define HAVE_STDINT_H 1
#define HAVE_STRINGS_H 1
#define HAVE_SYS_STAT_H 1
#define HAVE_SYS_TYPES_H 1
#define HAVE_UNISTD_H 1
#define HAVE_WCHAR_H 1
#define HAVE_LIMITS_H 1
#define HAVE_SYS_MMAN_H 1
#define HAVE_STDBOOL_H 1
#define HAVE_SYS_TIME_H 1
#define HAVE_SYS_SOCKET_H 1
#define HAVE_FEATURES_H 1
#define STDC_HEADERS 1
#define _ALL_SOURCE 1
#define _DARWIN_C_SOURCE 1
#define _GNU_SOURCE 1
#define _HPUX_ALT_XOPEN_SOCKET_API 1
#define _NETBSD_SOURCE 1
#define _OPENBSD_SOURCE 1
#define _POSIX_PTHREAD_SEMANTICS 1
#define __STDC_WANT_IEC_60559_ATTRIBS_EXT__ 1
#define __STDC_WANT_IEC_60559_BFP_EXT__ 1
#define __STDC_WANT_IEC_60559_DFP_EXT__ 1
#define __STDC_WANT_IEC_60559_EXT__ 1
#define __STDC_WANT_IEC_60559_FUNCS_EXT__ 1
#define __STDC_WANT_IEC_60559_TYPES_EXT__ 1
#define __STDC_WANT_LIB_EXT2__ 1
#define __STDC_WANT_MATH_SPEC_FUNCS__ 1
#define _TANDEM_SOURCE 1
#define __EXTENSIONS__ 1
#define HAVE_DLFCN_H 1
#define LT_OBJDIR ".libs/"
#define restrict __restrict__
#define HAVE_MALLOC_POSIX 1
#define HAVE_WINT_T 1
#define HAVE_LONG_LONG_INT 1
#define HAVE_UNSIGNED_LONG_LONG_INT 1
#define HAVE_MAP_ANONYMOUS 1
#define HAVE_MPROTECT 1
#define HAVE_STRPTIME 1
#define HAVE_LOCALTIME_R 1
#define HAVE_MINMAX_IN_SYS_PARAM_H 1
#define HAVE_WCHAR_T 1
#define HAVE_LANGINFO_CODESET 1
#define HAVE_DECL_ECVT 1
#define HAVE_DECL_FCVT 1
#define HAVE_DECL_GCVT 1
#define HAVE_TM_GMTOFF 1
#define _USE_STD_STAT 1
#define HAVE_DECL_EXECVPE 1
#define HAVE_DECL_WCSDUP 1
#define GNULIB_TEST_CALLOC_GNU 1
#define GNULIB_TEST_CALLOC_POSIX 1
#define HAVE_FREE_POSIX 1
#define GNULIB_TEST_FREE_POSIX 1
#define HAVE_VISIBILITY 1
#define HAVE___INLINE 1
#define GNULIB_TEST_MALLOC_GNU 1
#define GNULIB_TEST_MALLOC_POSIX 1
#define GNULIB_TEST_MEMCHR 1
#define GNULIB_TEST_REALLOC_GNU 1
#define GNULIB_TEST_REALLOC_POSIX 1
#define HAVE_REALLOCARRAY 1
#define GNULIB_REALLOCARRAY 1
#define GNULIB_TEST_REALLOCARRAY 1
#define HAVE_STRCASECMP 1
#define HAVE_STRNCASECMP 1
#define HAVE_DECL_STRNCASECMP 1
#define GNULIB_TEST_STRPTIME 1
#define HAVE_STRVERSCMP 1
#define GNULIB_TEST_STRVERSCMP 1
#define HAVE_DECL_LOCALTIME_R 1
#define GNULIB_TEST_TIME_R 1

configure: exit 0
