This file contains any messages produced by compilers while
running configure, to aid debugging if configure makes a mistake.

It was created by oath-toolkit configure 2.6.9, which was
generated by GNU Autoconf 2.71.  Invocation command line was

  $ ./configure --prefix=/home/rficht/.local

## --------- ##
## Platform. ##
## --------- ##

hostname = k2r2p8.42mulhouse.fr
uname -m = x86_64
uname -r = 6.6.52-1-t2-jammy
uname -s = Linux
uname -v = #1 SMP PREEMPT_DYNAMIC Thu Sep 19 01:59:31 UTC 2024

/usr/bin/uname -p = x86_64
/bin/uname -X     = unknown

/bin/arch              = x86_64
/usr/bin/arch -k       = unknown
/usr/convex/getsysinfo = unknown
/usr/bin/hostinfo      = unknown
/bin/machine           = unknown
/usr/bin/oslevel       = unknown
/bin/universe          = unknown

PATH: /home/rficht/bin/
PATH: /home/rficht/bin/
PATH: /usr/local/sbin/
PATH: /usr/local/bin/
PATH: /usr/sbin/
PATH: /usr/bin/
PATH: /sbin/
PATH: /bin/
PATH: /usr/games/
PATH: /usr/local/games/
PATH: /snap/bin/
PATH: /home/rficht/.dotnet/tools/


## ----------- ##
## Core tests. ##
## ----------- ##

configure:2281: looking for aux files: config.guess config.sub compile missing install-sh
configure:2294:  trying ./build-aux/
configure:2323:   ./build-aux/config.guess found
configure:2323:   ./build-aux/config.sub found
configure:2323:   ./build-aux/compile found
configure:2323:   ./build-aux/missing found
configure:2305:   ./build-aux/install-sh found
configure:2455: checking for a BSD-compatible install
configure:2528: result: /usr/bin/install -c
configure:2539: checking whether build environment is sane
configure:2594: result: yes
configure:2753: checking for a race-free mkdir -p
configure:2797: result: /usr/bin/mkdir -p
configure:2804: checking for gawk
configure:2839: result: no
configure:2804: checking for mawk
configure:2825: found /usr/bin/mawk
configure:2836: result: mawk
configure:2847: checking whether make sets $(MAKE)
configure:2870: result: yes
configure:2900: checking whether make supports nested variables
configure:2918: result: yes
configure:3068: checking whether make supports the include directive
configure:3083: make -f confmf.GNU && cat confinc.out
this is the am__doit target
configure:3086: $? = 0
configure:3105: result: yes (GNU style)
configure:3181: checking for gcc
configure:3202: found /usr/bin/gcc
configure:3213: result: gcc
configure:3566: checking for C compiler version
configure:3575: gcc --version >&5
gcc (Ubuntu 10.5.0-1ubuntu1~22.04) 10.5.0
Copyright (C) 2020 Free Software Foundation, Inc.
This is free software; see the source for copying conditions.  There is NO
warranty; not even for MERCHANTABILITY or FITNESS FOR A PARTICULAR PURPOSE.

configure:3586: $? = 0
configure:3575: gcc -v >&5
Using built-in specs.
COLLECT_GCC=gcc
COLLECT_LTO_WRAPPER=/usr/lib/gcc/x86_64-linux-gnu/10/lto-wrapper
Target: x86_64-linux-gnu
Configured with: ../src/configure -v --with-pkgversion='Ubuntu 10.5.0-1ubuntu1~22.04' --with-bugurl=file:///usr/share/doc/gcc-10/README.Bugs --enable-languages=c,ada,c++,go,brig,d,fortran,objc,obj-c++,m2 --prefix=/usr --with-gcc-major-version-only --program-suffix=-10 --program-prefix=x86_64-linux-gnu- --enable-shared --enable-linker-build-id --libexecdir=/usr/lib --without-included-gettext --enable-threads=posix --libdir=/usr/lib --enable-nls --enable-bootstrap --enable-clocale=gnu --enable-libstdcxx-debug --enable-libstdcxx-time=yes --with-default-libstdcxx-abi=new --enable-gnu-unique-object --disable-vtable-verify --enable-plugin --enable-default-pie --with-system-zlib --enable-libphobos-checking=release --with-target-system-zlib=auto --enable-objc-gc=auto --enable-multiarch --disable-werror --with-arch-32=i686 --with-abi=m64 --with-multilib-list=m32,m64,mx32 --enable-multilib --with-tune=generic --enable-offload-targets=hsa --without-cuda-driver --enable-checking=release --build=x86_64-linux-gnu --host=x86_64-linux-gnu --target=x86_64-linux-gnu --with-build-config=bootstrap-lto-lean --enable-link-mutex
Thread model: posix
Supported LTO compression algorithms: zlib zstd
gcc version 10.5.0 (Ubuntu 10.5.0-1ubuntu1~22.04) 
configure:3586: $? = 0
configure:3575: gcc -V >&5
gcc: error: unrecognized command-line option '-V'
gcc: fatal error: no input files
compilation terminated.
configure:3586: $? = 1
configure:3575: gcc -qversion >&5
gcc: error: unrecognized command-line option '-qversion'; did you mean '--version'?
gcc: fatal error: no input files
compilation terminated.
configure:3586: $? = 1
configure:3575: gcc -version >&5
gcc: error: unrecognized command-line option '-version'
gcc: fatal error: no input files
compilation terminated.
configure:3586: $? = 1
configure:3606: checking whether the C compiler works
configure:3628: gcc    conftest.c  >&5
configure:3632: $? = 0
configure:3682: result: yes
configure:3685: checking for C compiler default output file name
configure:3687: result: a.out
configure:3693: checking for suffix of executables
configure:3700: gcc -o conftest    conftest.c  >&5
configure:3704: $? = 0
configure:3727: result: 
configure:3749: checking whether we are cross compiling
configure:3757: gcc -o conftest    conftest.c  >&5
configure:3761: $? = 0
configure:3768: ./conftest
configure:3772: $? = 0
configure:3787: result: no
configure:3792: checking for suffix of object files
configure:3815: gcc -c   conftest.c >&5
configure:3819: $? = 0
configure:3841: result: o
configure:3845: checking whether the compiler supports GNU C
configure:3865: gcc -c   conftest.c >&5
configure:3865: $? = 0
configure:3875: result: yes
configure:3886: checking whether gcc accepts -g
configure:3907: gcc -c -g  conftest.c >&5
configure:3907: $? = 0
configure:3951: result: yes
configure:3971: checking for gcc option to enable C11 features
configure:3986: gcc  -c -g -O2  conftest.c >&5
configure:3986: $? = 0
configure:4004: result: none needed
configure:4120: checking whether gcc understands -c and -o together
configure:4143: gcc -c conftest.c -o conftest2.o
configure:4146: $? = 0
configure:4143: gcc -c conftest.c -o conftest2.o
configure:4146: $? = 0
configure:4158: result: yes
configure:4176: checking whether the compiler is clang
configure:4198: gcc -c -g -O2  conftest.c >&5
configure:4198: $? = 0
configure:4207: result: no
configure:4211: checking for compiler option needed when checking for declarations
configure:4244: result: none
configure:4255: checking dependency style of gcc
configure:4367: result: gcc3
configure:4387: checking for stdio.h
configure:4387: gcc -c -g -O2  conftest.c >&5
configure:4387: $? = 0
configure:4387: result: yes
configure:4387: checking for stdlib.h
configure:4387: gcc -c -g -O2  conftest.c >&5
configure:4387: $? = 0
configure:4387: result: yes
configure:4387: checking for string.h
configure:4387: gcc -c -g -O2  conftest.c >&5
configure:4387: $? = 0
configure:4387: result: yes
configure:4387: checking for inttypes.h
configure:4387: gcc -c -g -O2  conftest.c >&5
configure:4387: $? = 0
configure:4387: result: yes
configure:4387: checking for stdint.h
configure:4387: gcc -c -g -O2  conftest.c >&5
configure:4387: $? = 0
configure:4387: result: yes
configure:4387: checking for strings.h
configure:4387: gcc -c -g -O2  conftest.c >&5
configure:4387: $? = 0
configure:4387: result: yes
configure:4387: checking for sys/stat.h
configure:4387: gcc -c -g -O2  conftest.c >&5
configure:4387: $? = 0
configure:4387: result: yes
configure:4387: checking for sys/types.h
configure:4387: gcc -c -g -O2  conftest.c >&5
configure:4387: $? = 0
configure:4387: result: yes
configure:4387: checking for unistd.h
configure:4387: gcc -c -g -O2  conftest.c >&5
configure:4387: $? = 0
configure:4387: result: yes
configure:4387: checking for security/pam_appl.h
configure:4387: gcc -c -g -O2  conftest.c >&5
conftest.c:48:10: fatal error: security/pam_appl.h: No such file or directory
   48 | #include <security/pam_appl.h>
      |          ^~~~~~~~~~~~~~~~~~~~~
compilation terminated.
configure:4387: $? = 1
configure: failed program was:
| /* confdefs.h */
| #define PACKAGE_NAME "oath-toolkit"
| #define PACKAGE_TARNAME "oath-toolkit"
| #define PACKAGE_VERSION "2.6.9"
| #define PACKAGE_STRING "oath-toolkit 2.6.9"
| #define PACKAGE_BUGREPORT "oath-toolkit-help@nongnu.org"
| #define PACKAGE_URL "https://www.nongnu.org/oath-toolkit/"
| #define PACKAGE "oath-toolkit"
| #define VERSION "2.6.9"
| #define HAVE_STDIO_H 1
| #define HAVE_STDLIB_H 1
| #define HAVE_STRING_H 1
| #define HAVE_INTTYPES_H 1
| #define HAVE_STDINT_H 1
| #define HAVE_STRINGS_H 1
| #define HAVE_SYS_STAT_H 1
| #define HAVE_SYS_TYPES_H 1
| #define HAVE_UNISTD_H 1
| /* end confdefs.h.  */
| #include <stddef.h>
| #ifdef HAVE_STDIO_H
| # include <stdio.h>
| #endif
| #ifdef HAVE_STDLIB_H
| # include <stdlib.h>
| #endif
| #ifdef HAVE_STRING_H
| # include <string.h>
| #endif
| #ifdef HAVE_INTTYPES_H
| # include <inttypes.h>
| #endif
| #ifdef HAVE_STDINT_H
| # include <stdint.h>
| #endif
| #ifdef HAVE_STRINGS_H
| # include <strings.h>
| #endif
| #ifdef HAVE_SYS_TYPES_H
| # include <sys/types.h>
| #endif
| #ifdef HAVE_SYS_STAT_H
| # include <sys/stat.h>
| #endif
| #ifdef HAVE_UNISTD_H
| # include <unistd.h>
| #endif
| #include <security/pam_appl.h>
configure:4387: result: no
configure:4490: checking for pkg-config
configure:4513: found /usr/bin/pkg-config
configure:4525: result: /usr/bin/pkg-config
configure:4550: checking pkg-config is at least version 0.9.0
configure:4553: result: yes
configure:4563: checking for XML2
configure:4570: $PKG_CONFIG --exists --print-errors "libxml-2.0"
configure:4573: $? = 0
configure:4587: $PKG_CONFIG --exists --print-errors "libxml-2.0"
configure:4590: $? = 0
configure:4628: result: yes
configure:4654: checking how to run the C preprocessor
configure:4680: gcc -E  conftest.c
configure:4680: $? = 0
configure:4695: gcc -E  conftest.c
conftest.c:21:10: fatal error: ac_nonexistent.h: No such file or directory
   21 | #include <ac_nonexistent.h>
      |          ^~~~~~~~~~~~~~~~~~
compilation terminated.
configure:4695: $? = 1
configure: failed program was:
| /* confdefs.h */
| #define PACKAGE_NAME "oath-toolkit"
| #define PACKAGE_TARNAME "oath-toolkit"
| #define PACKAGE_VERSION "2.6.9"
| #define PACKAGE_STRING "oath-toolkit 2.6.9"
| #define PACKAGE_BUGREPORT "oath-toolkit-help@nongnu.org"
| #define PACKAGE_URL "https://www.nongnu.org/oath-toolkit/"
| #define PACKAGE "oath-toolkit"
| #define VERSION "2.6.9"
| #define HAVE_STDIO_H 1
| #define HAVE_STDLIB_H 1
| #define HAVE_STRING_H 1
| #define HAVE_INTTYPES_H 1
| #define HAVE_STDINT_H 1
| #define HAVE_STRINGS_H 1
| #define HAVE_SYS_STAT_H 1
| #define HAVE_SYS_TYPES_H 1
| #define HAVE_UNISTD_H 1
| #define STDC_HEADERS 1
| /* end confdefs.h.  */
| #include <ac_nonexistent.h>
configure:4722: result: gcc -E
configure:4736: gcc -E  conftest.c
configure:4736: $? = 0
configure:4751: gcc -E  conftest.c
conftest.c:21:10: fatal error: ac_nonexistent.h: No such file or directory
   21 | #include <ac_nonexistent.h>
      |          ^~~~~~~~~~~~~~~~~~
compilation terminated.
configure:4751: $? = 1
configure: failed program was:
| /* confdefs.h */
| #define PACKAGE_NAME "oath-toolkit"
| #define PACKAGE_TARNAME "oath-toolkit"
| #define PACKAGE_VERSION "2.6.9"
| #define PACKAGE_STRING "oath-toolkit 2.6.9"
| #define PACKAGE_BUGREPORT "oath-toolkit-help@nongnu.org"
| #define PACKAGE_URL "https://www.nongnu.org/oath-toolkit/"
| #define PACKAGE "oath-toolkit"
| #define VERSION "2.6.9"
| #define HAVE_STDIO_H 1
| #define HAVE_STDLIB_H 1
| #define HAVE_STRING_H 1
| #define HAVE_INTTYPES_H 1
| #define HAVE_STDINT_H 1
| #define HAVE_STRINGS_H 1
| #define HAVE_SYS_STAT_H 1
| #define HAVE_SYS_TYPES_H 1
| #define HAVE_UNISTD_H 1
| #define STDC_HEADERS 1
| /* end confdefs.h.  */
| #include <ac_nonexistent.h>
configure:4782: checking for grep that handles long lines and -e
configure:4846: result: /usr/bin/grep
configure:4851: checking for egrep
configure:4919: result: /usr/bin/grep -E
configure:4927: checking for Minix Amsterdam compiler
configure:4953: result: no
configure:5015: checking for ar
configure:5036: found /usr/bin/ar
configure:5047: result: ar
configure:5127: checking for ranlib
configure:5148: found /usr/bin/ranlib
configure:5159: result: ranlib
configure:5191: checking build system type
configure:5206: result: x86_64-pc-linux-gnu
configure:5226: checking host system type
configure:5240: result: x86_64-pc-linux-gnu
configure:5273: autobuild project... oath-toolkit
configure:5279: autobuild revision... 2.6.9
configure:5284: autobuild hostname... k2r2p8.42mulhouse.fr
configure:5295: autobuild timestamp... 20250510T091339Z
configure:5345: checking for a sed that does not truncate output
configure:5415: result: /usr/bin/sed
configure:5422: checking for C compiler option to allow warnings
configure:5431: gcc -g -O2  -c conftest.c 2>conftest1.err
configure:5434: $? = 0
configure:5437: gcc -g -O2  -Wno-error -c conftest.c 2>conftest2.err
configure:5440: $? = 0
configure:5450: result: -Wno-error
configure:5531: gcc -g -O2  -E conftest.c > conftest.out
configure:5534: $? = 0
configure:5789: checking that generated files are newer than configure
configure:5795: result: done
configure:5885: creating ./config.status

## ---------------------- ##
## Running config.status. ##
## ---------------------- ##

This file was extended by oath-toolkit config.status 2.6.9, which was
generated by GNU Autoconf 2.71.  Invocation command line was

  CONFIG_FILES    = 
  CONFIG_HEADERS  = 
  CONFIG_LINKS    = 
  CONFIG_COMMANDS = 
  $ ./config.status 

on k2r2p8.42mulhouse.fr

config.status:822: creating Makefile
config.status:822: creating gl/Makefile
config.status:822: creating gl/tests/Makefile
config.status:1025: executing depfiles commands
config.status:1102: cd gl       && sed -e '/# am--include-marker/d' Makefile         | make -f - am--depfiles
config.status:1107: $? = 0
configure:7119: === configuring in liboath (/home/rficht/Documents/piscine_cyber/ft_otp/oath-toolkit-2.6.9/liboath)
configure:7180: running /bin/bash ./configure --disable-option-checking '--prefix=/home/rficht/.local'  --cache-file=/dev/null --srcdir=.
configure:7119: === configuring in oathtool (/home/rficht/Documents/piscine_cyber/ft_otp/oath-toolkit-2.6.9/oathtool)
configure:7180: running /bin/bash ./configure --disable-option-checking '--prefix=/home/rficht/.local'  --cache-file=/dev/null --srcdir=.
configure:7119: === configuring in libpskc (/home/rficht/Documents/piscine_cyber/ft_otp/oath-toolkit-2.6.9/libpskc)
configure:7180: running /bin/bash ./configure --disable-option-checking '--prefix=/home/rficht/.local'  --cache-file=/dev/null --srcdir=.
configure:7119: === configuring in pskctool (/home/rficht/Documents/piscine_cyber/ft_otp/oath-toolkit-2.6.9/pskctool)
configure:7180: running /bin/bash ./configure --disable-option-checking '--prefix=/home/rficht/.local'  --cache-file=/dev/null --srcdir=.
configure:7197: summary of build options:

  version:          2.6.9
  Install prefix:   /home/rficht/.local
  Compiler:         gcc
  Build PAM module: no
  PSKC:             yes


## ---------------- ##
## Cache variables. ##
## ---------------- ##

ac_cv_build=x86_64-pc-linux-gnu
ac_cv_c_compiler_gnu=yes
ac_cv_env_CC_set=
ac_cv_env_CC_value=
ac_cv_env_CFLAGS_set=
ac_cv_env_CFLAGS_value=
ac_cv_env_CPPFLAGS_set=
ac_cv_env_CPPFLAGS_value=
ac_cv_env_CPP_set=
ac_cv_env_CPP_value=
ac_cv_env_LDFLAGS_set=
ac_cv_env_LDFLAGS_value=
ac_cv_env_LIBS_set=
ac_cv_env_LIBS_value=
ac_cv_env_PKG_CONFIG_LIBDIR_set=
ac_cv_env_PKG_CONFIG_LIBDIR_value=
ac_cv_env_PKG_CONFIG_PATH_set=
ac_cv_env_PKG_CONFIG_PATH_value=
ac_cv_env_PKG_CONFIG_set=
ac_cv_env_PKG_CONFIG_value=
ac_cv_env_XML2_CFLAGS_set=
ac_cv_env_XML2_CFLAGS_value=
ac_cv_env_XML2_LIBS_set=
ac_cv_env_XML2_LIBS_value=
ac_cv_env_build_alias_set=
ac_cv_env_build_alias_value=
ac_cv_env_host_alias_set=
ac_cv_env_host_alias_value=
ac_cv_env_target_alias_set=
ac_cv_env_target_alias_value=
ac_cv_header_inttypes_h=yes
ac_cv_header_security_pam_appl_h=no
ac_cv_header_stdint_h=yes
ac_cv_header_stdio_h=yes
ac_cv_header_stdlib_h=yes
ac_cv_header_string_h=yes
ac_cv_header_strings_h=yes
ac_cv_header_sys_stat_h=yes
ac_cv_header_sys_types_h=yes
ac_cv_header_unistd_h=yes
ac_cv_host=x86_64-pc-linux-gnu
ac_cv_objext=o
ac_cv_path_EGREP='/usr/bin/grep -E'
ac_cv_path_GREP=/usr/bin/grep
ac_cv_path_SED=/usr/bin/sed
ac_cv_path_ac_pt_PKG_CONFIG=/usr/bin/pkg-config
ac_cv_path_install='/usr/bin/install -c'
ac_cv_path_mkdir=/usr/bin/mkdir
ac_cv_prog_AWK=mawk
ac_cv_prog_CPP='gcc -E'
ac_cv_prog_ac_ct_AR=ar
ac_cv_prog_ac_ct_CC=gcc
ac_cv_prog_ac_ct_RANLIB=ranlib
ac_cv_prog_cc_c11=
ac_cv_prog_cc_g=yes
ac_cv_prog_cc_stdc=
ac_cv_prog_make_make_set=yes
am_cv_CC_dependencies_compiler_type=gcc3
am_cv_make_support_nested_variables=yes
am_cv_prog_cc_c_o=yes
gl_cv_c_amsterdam_compiler=no
gl_cv_cc_wallow=-Wno-error
gl_cv_compiler_check_decl_option=none
gl_cv_compiler_clang=no
pkg_cv_XML2_CFLAGS=-I/usr/include/libxml2
pkg_cv_XML2_LIBS=-lxml2

## ----------------- ##
## Output variables. ##
## ----------------- ##

ACLOCAL='${SHELL} '\''/home/rficht/Documents/piscine_cyber/ft_otp/oath-toolkit-2.6.9/build-aux/missing'\'' aclocal-1.16'
AMDEPBACKSLASH='\'
AMDEP_FALSE='#'
AMDEP_TRUE=''
AMTAR='$${TAR-tar}'
AM_BACKSLASH='\'
AM_DEFAULT_V='$(AM_DEFAULT_VERBOSITY)'
AM_DEFAULT_VERBOSITY='1'
AM_V='$(V)'
AR='ar'
ARFLAGS='cr'
AUTOCONF='${SHELL} '\''/home/rficht/Documents/piscine_cyber/ft_otp/oath-toolkit-2.6.9/build-aux/missing'\'' autoconf'
AUTOHEADER='${SHELL} '\''/home/rficht/Documents/piscine_cyber/ft_otp/oath-toolkit-2.6.9/build-aux/missing'\'' autoheader'
AUTOMAKE='${SHELL} '\''/home/rficht/Documents/piscine_cyber/ft_otp/oath-toolkit-2.6.9/build-aux/missing'\'' automake-1.16'
AWK='mawk'
CC='gcc'
CCDEPMODE='depmode=gcc3'
CFLAGS='-g -O2'
CPP='gcc -E'
CPPFLAGS=''
CSCOPE='cscope'
CTAGS='ctags'
CYGPATH_W='echo'
DEFS='-DPACKAGE_NAME=\"oath-toolkit\" -DPACKAGE_TARNAME=\"oath-toolkit\" -DPACKAGE_VERSION=\"2.6.9\" -DPACKAGE_STRING=\"oath-toolkit\ 2.6.9\" -DPACKAGE_BUGREPORT=\"oath-toolkit-help@nongnu.org\" -DPACKAGE_URL=\"https://www.nongnu.org/oath-toolkit/\" -DPACKAGE=\"oath-toolkit\" -DVERSION=\"2.6.9\" -DHAVE_STDIO_H=1 -DHAVE_STDLIB_H=1 -DHAVE_STRING_H=1 -DHAVE_INTTYPES_H=1 -DHAVE_STDINT_H=1 -DHAVE_STRINGS_H=1 -DHAVE_SYS_STAT_H=1 -DHAVE_SYS_TYPES_H=1 -DHAVE_UNISTD_H=1 -DSTDC_HEADERS=1'
DEPDIR='.deps'
ECHO_C=''
ECHO_N='-n'
ECHO_T=''
EGREP='/usr/bin/grep -E'
ENABLE_PAM_FALSE=''
ENABLE_PAM_TRUE='#'
ENABLE_PSKC_FALSE='#'
ENABLE_PSKC_TRUE=''
ETAGS='etags'
EXEEXT=''
GL_CFLAG_ALLOW_WARNINGS='-Wno-error'
GL_CFLAG_GNULIB_WARNINGS=' -Wno-cast-qual -Wno-conversion -Wno-float-equal -Wno-sign-compare -Wno-undef -Wno-unused-function -Wno-unused-parameter -Wno-float-conversion -Wimplicit-fallthrough -Wno-pedantic -Wno-sign-conversion -Wno-type-limits -Wno-unsuffixed-float-constants'
GL_COND_LIBTOOL_FALSE=''
GL_COND_LIBTOOL_TRUE='#'
GL_CXXFLAG_ALLOW_WARNINGS=''
GREP='/usr/bin/grep'
INSTALL_DATA='${INSTALL} -m 644'
INSTALL_PROGRAM='${INSTALL}'
INSTALL_SCRIPT='${INSTALL}'
INSTALL_STRIP_PROGRAM='$(install_sh) -c -s'
LDFLAGS=''
LIBGNU_LIBDEPS=''
LIBGNU_LTLIBDEPS=''
LIBOBJS=''
LIBS=''
LTLIBOBJS=''
MAKEINFO='${SHELL} '\''/home/rficht/Documents/piscine_cyber/ft_otp/oath-toolkit-2.6.9/build-aux/missing'\'' makeinfo'
MKDIR_P='/usr/bin/mkdir -p'
OBJEXT='o'
PACKAGE='oath-toolkit'
PACKAGE_BUGREPORT='oath-toolkit-help@nongnu.org'
PACKAGE_NAME='oath-toolkit'
PACKAGE_STRING='oath-toolkit 2.6.9'
PACKAGE_TARNAME='oath-toolkit'
PACKAGE_URL='https://www.nongnu.org/oath-toolkit/'
PACKAGE_VERSION='2.6.9'
PATH_SEPARATOR=':'
PKG_CONFIG='/usr/bin/pkg-config'
PKG_CONFIG_LIBDIR=''
PKG_CONFIG_PATH=''
RANLIB='ranlib'
SED='/usr/bin/sed'
SET_MAKE=''
SHELL='/bin/bash'
STRIP=''
VERSION='2.6.9'
XML2_CFLAGS='-I/usr/include/libxml2'
XML2_LIBS='-lxml2'
abs_aux_dir='/home/rficht/Documents/piscine_cyber/ft_otp/oath-toolkit-2.6.9/build-aux'
ac_ct_CC='gcc'
am__EXEEXT_FALSE=''
am__EXEEXT_TRUE='#'
am__fastdepCC_FALSE='#'
am__fastdepCC_TRUE=''
am__include='include'
am__isrc=''
am__leading_dot='.'
am__nodep='_no'
am__quote=''
am__tar='$${TAR-tar} chof - "$$tardir"'
am__untar='$${TAR-tar} xf -'
bindir='${exec_prefix}/bin'
build='x86_64-pc-linux-gnu'
build_alias=''
build_cpu='x86_64'
build_os='linux-gnu'
build_vendor='pc'
datadir='${datarootdir}'
datarootdir='${prefix}/share'
docdir='${datarootdir}/doc/${PACKAGE_TARNAME}'
dvidir='${docdir}'
exec_prefix='${prefix}'
gl_LIBOBJDEPS=''
gl_LIBOBJS=''
gl_LTLIBOBJS=''
gltests_LIBOBJDEPS=''
gltests_LIBOBJS=''
gltests_LTLIBOBJS=''
gltests_WITNESS='IN_OATH_TOOLKIT_GNULIB_TESTS'
host='x86_64-pc-linux-gnu'
host_alias=''
host_cpu='x86_64'
host_os='linux-gnu'
host_vendor='pc'
htmldir='${docdir}'
includedir='${prefix}/include'
infodir='${datarootdir}/info'
install_sh='${SHELL} /home/rficht/Documents/piscine_cyber/ft_otp/oath-toolkit-2.6.9/build-aux/install-sh'
libdir='${exec_prefix}/lib'
libexecdir='${exec_prefix}/libexec'
localedir='${datarootdir}/locale'
localstatedir='${prefix}/var'
mandir='${datarootdir}/man'
mkdir_p='$(MKDIR_P)'
oldincludedir='/usr/include'
pdfdir='${docdir}'
prefix='/home/rficht/.local'
program_transform_name='s,x,x,'
psdir='${docdir}'
runstatedir='${localstatedir}/run'
sbindir='${exec_prefix}/sbin'
sharedstatedir='${prefix}/com'
subdirs=' liboath oathtool libpskc pskctool'
sysconfdir='${prefix}/etc'
target_alias=''

## ----------- ##
## confdefs.h. ##
## ----------- ##

/* confdefs.h */
#define PACKAGE_NAME "oath-toolkit"
#define PACKAGE_TARNAME "oath-toolkit"
#define PACKAGE_VERSION "2.6.9"
#define PACKAGE_STRING "oath-toolkit 2.6.9"
#define PACKAGE_BUGREPORT "oath-toolkit-help@nongnu.org"
#define PACKAGE_URL "https://www.nongnu.org/oath-toolkit/"
#define PACKAGE "oath-toolkit"
#define VERSION "2.6.9"
#define HAVE_STDIO_H 1
#define HAVE_STDLIB_H 1
#define HAVE_STRING_H 1
#define HAVE_INTTYPES_H 1
#define HAVE_STDINT_H 1
#define HAVE_STRINGS_H 1
#define HAVE_SYS_STAT_H 1
#define HAVE_SYS_TYPES_H 1
#define HAVE_UNISTD_H 1
#define STDC_HEADERS 1

configure: exit 0
